[0.030s] Invoking command in '/home/barusu/ros2_ws/build/zed_wrapper': CMAKE_PREFIX_PATH=/home/barusu/ros2_ws/install/zed_components:/home/barusu/ros2_ws/install/zed_interfaces:/home/barusu/ros2_ws/install/zed_ros2:/home/barusu/ros2_ws/install/zed_wrapper:/home/barusu/ros2_ws/install/examples_rclcpp_wait_set:/home/barusu/ros2_ws/install/examples_rclcpp_multithreaded_executor:/home/barusu/ros2_ws/install/examples_rclcpp_minimal_timer:/home/barusu/ros2_ws/install/examples_rclcpp_minimal_subscriber:/home/barusu/ros2_ws/install/examples_rclcpp_minimal_service:/home/barusu/ros2_ws/install/examples_rclcpp_minimal_publisher:/home/barusu/ros2_ws/install/examples_rclcpp_minimal_composition:/home/barusu/ros2_ws/install/examples_rclcpp_minimal_client:/home/barusu/ros2_ws/install/examples_rclcpp_minimal_action_server:/home/barusu/ros2_ws/install/examples_rclcpp_minimal_action_client:/home/barusu/ros2_ws/install/examples_rclcpp_cbg_executor:/home/barusu/ros2_ws/install/examples_rclcpp_async_client:/home/barusu/ros2_ws/install/launch_testing_examples:/home/barusu/ros2_ws/install/examples_rclpy_pointcloud_publisher:/home/barusu/ros2_ws/install/examples_rclpy_minimal_subscriber:/home/barusu/ros2_ws/install/examples_rclpy_minimal_service:/home/barusu/ros2_ws/install/examples_rclpy_minimal_publisher:/home/barusu/ros2_ws/install/examples_rclpy_minimal_client:/home/barusu/ros2_ws/install/examples_rclpy_minimal_action_server:/home/barusu/ros2_ws/install/examples_rclpy_minimal_action_client:/home/barusu/ros2_ws/install/examples_rclpy_guard_conditions:/home/barusu/ros2_ws/install/examples_rclpy_executors:/opt/ros/humble /home/barusu/.local/bin/cmake --build /home/barusu/ros2_ws/build/zed_wrapper -- -j8 -l8
[0.146s] [100%] Built target zed_wrapper
[0.161s] Invoked command in '/home/barusu/ros2_ws/build/zed_wrapper' returned '0': CMAKE_PREFIX_PATH=/home/barusu/ros2_ws/install/zed_components:/home/barusu/ros2_ws/install/zed_interfaces:/home/barusu/ros2_ws/install/zed_ros2:/home/barusu/ros2_ws/install/zed_wrapper:/home/barusu/ros2_ws/install/examples_rclcpp_wait_set:/home/barusu/ros2_ws/install/examples_rclcpp_multithreaded_executor:/home/barusu/ros2_ws/install/examples_rclcpp_minimal_timer:/home/barusu/ros2_ws/install/examples_rclcpp_minimal_subscriber:/home/barusu/ros2_ws/install/examples_rclcpp_minimal_service:/home/barusu/ros2_ws/install/examples_rclcpp_minimal_publisher:/home/barusu/ros2_ws/install/examples_rclcpp_minimal_composition:/home/barusu/ros2_ws/install/examples_rclcpp_minimal_client:/home/barusu/ros2_ws/install/examples_rclcpp_minimal_action_server:/home/barusu/ros2_ws/install/examples_rclcpp_minimal_action_client:/home/barusu/ros2_ws/install/examples_rclcpp_cbg_executor:/home/barusu/ros2_ws/install/examples_rclcpp_async_client:/home/barusu/ros2_ws/install/launch_testing_examples:/home/barusu/ros2_ws/install/examples_rclpy_pointcloud_publisher:/home/barusu/ros2_ws/install/examples_rclpy_minimal_subscriber:/home/barusu/ros2_ws/install/examples_rclpy_minimal_service:/home/barusu/ros2_ws/install/examples_rclpy_minimal_publisher:/home/barusu/ros2_ws/install/examples_rclpy_minimal_client:/home/barusu/ros2_ws/install/examples_rclpy_minimal_action_server:/home/barusu/ros2_ws/install/examples_rclpy_minimal_action_client:/home/barusu/ros2_ws/install/examples_rclpy_guard_conditions:/home/barusu/ros2_ws/install/examples_rclpy_executors:/opt/ros/humble /home/barusu/.local/bin/cmake --build /home/barusu/ros2_ws/build/zed_wrapper -- -j8 -l8
[0.244s] Invoking command in '/home/barusu/ros2_ws/build/zed_wrapper': CMAKE_PREFIX_PATH=/home/barusu/ros2_ws/install/zed_components:/home/barusu/ros2_ws/install/zed_interfaces:/home/barusu/ros2_ws/install/zed_ros2:/home/barusu/ros2_ws/install/zed_wrapper:/home/barusu/ros2_ws/install/examples_rclcpp_wait_set:/home/barusu/ros2_ws/install/examples_rclcpp_multithreaded_executor:/home/barusu/ros2_ws/install/examples_rclcpp_minimal_timer:/home/barusu/ros2_ws/install/examples_rclcpp_minimal_subscriber:/home/barusu/ros2_ws/install/examples_rclcpp_minimal_service:/home/barusu/ros2_ws/install/examples_rclcpp_minimal_publisher:/home/barusu/ros2_ws/install/examples_rclcpp_minimal_composition:/home/barusu/ros2_ws/install/examples_rclcpp_minimal_client:/home/barusu/ros2_ws/install/examples_rclcpp_minimal_action_server:/home/barusu/ros2_ws/install/examples_rclcpp_minimal_action_client:/home/barusu/ros2_ws/install/examples_rclcpp_cbg_executor:/home/barusu/ros2_ws/install/examples_rclcpp_async_client:/home/barusu/ros2_ws/install/launch_testing_examples:/home/barusu/ros2_ws/install/examples_rclpy_pointcloud_publisher:/home/barusu/ros2_ws/install/examples_rclpy_minimal_subscriber:/home/barusu/ros2_ws/install/examples_rclpy_minimal_service:/home/barusu/ros2_ws/install/examples_rclpy_minimal_publisher:/home/barusu/ros2_ws/install/examples_rclpy_minimal_client:/home/barusu/ros2_ws/install/examples_rclpy_minimal_action_server:/home/barusu/ros2_ws/install/examples_rclpy_minimal_action_client:/home/barusu/ros2_ws/install/examples_rclpy_guard_conditions:/home/barusu/ros2_ws/install/examples_rclpy_executors:/opt/ros/humble /home/barusu/.local/bin/cmake --install /home/barusu/ros2_ws/build/zed_wrapper
[0.754s] -- Install configuration: "Release"
[0.755s] -- Execute custom install script
[0.755s] -- Up-to-date symlink: /home/barusu/ros2_ws/install/zed_wrapper/lib/zed_wrapper/zed_wrapper
[0.757s] -- Up-to-date symlink: /home/barusu/ros2_ws/install/zed_wrapper/share/zed_wrapper/config/common.yaml
[0.762s] -- Up-to-date symlink: /home/barusu/ros2_ws/install/zed_wrapper/share/zed_wrapper/config/zed.yaml
[0.762s] -- Up-to-date symlink: /home/barusu/ros2_ws/install/zed_wrapper/share/zed_wrapper/config/zed2.yaml
[0.762s] -- Up-to-date symlink: /home/barusu/ros2_ws/install/zed_wrapper/share/zed_wrapper/config/zed2i.yaml
[0.762s] -- Up-to-date symlink: /home/barusu/ros2_ws/install/zed_wrapper/share/zed_wrapper/config/zedm.yaml
[0.762s] -- Up-to-date symlink: /home/barusu/ros2_ws/install/zed_wrapper/share/zed_wrapper/config/zedx.yaml
[0.763s] -- Up-to-date symlink: /home/barusu/ros2_ws/install/zed_wrapper/share/zed_wrapper/config/zedxm.yaml
[0.763s] -- Up-to-date symlink: /home/barusu/ros2_ws/install/zed_wrapper/share/zed_wrapper/urdf/include/materials.urdf.xacro
[0.763s] -- Up-to-date symlink: /home/barusu/ros2_ws/install/zed_wrapper/share/zed_wrapper/urdf/zed_descr.urdf.xacro
[0.763s] -- Up-to-date symlink: /home/barusu/ros2_ws/install/zed_wrapper/share/zed_wrapper/urdf/zed_macro.urdf.xacro
[0.764s] -- Up-to-date symlink: /home/barusu/ros2_ws/install/zed_wrapper/share/zed_wrapper/launch/include/zed_camera.launch.py
[0.764s] -- Up-to-date symlink: /home/barusu/ros2_ws/install/zed_wrapper/share/zed_wrapper/launch/zed.launch.py
[0.764s] -- Up-to-date symlink: /home/barusu/ros2_ws/install/zed_wrapper/share/zed_wrapper/launch/zed2.launch.py
[0.764s] -- Up-to-date symlink: /home/barusu/ros2_ws/install/zed_wrapper/share/zed_wrapper/launch/zed2i.launch.py
[0.765s] -- Up-to-date symlink: /home/barusu/ros2_ws/install/zed_wrapper/share/zed_wrapper/launch/zedm.launch.py
[0.765s] -- Up-to-date symlink: /home/barusu/ros2_ws/install/zed_wrapper/share/zed_wrapper/launch/zedx.launch.py
[0.768s] -- Up-to-date symlink: /home/barusu/ros2_ws/install/zed_wrapper/share/zed_wrapper/launch/zedxm.launch.py
[0.768s] -- Up-to-date symlink: /home/barusu/ros2_ws/install/zed_wrapper/share/ament_index/resource_index/package_run_dependencies/zed_wrapper
[0.768s] -- Up-to-date symlink: /home/barusu/ros2_ws/install/zed_wrapper/share/ament_index/resource_index/parent_prefix_path/zed_wrapper
[0.769s] -- Up-to-date symlink: /home/barusu/ros2_ws/install/zed_wrapper/share/zed_wrapper/environment/ament_prefix_path.sh
[0.769s] -- Up-to-date symlink: /home/barusu/ros2_ws/install/zed_wrapper/share/zed_wrapper/environment/ament_prefix_path.dsv
[0.769s] -- Up-to-date symlink: /home/barusu/ros2_ws/install/zed_wrapper/share/zed_wrapper/environment/path.sh
[0.770s] -- Up-to-date symlink: /home/barusu/ros2_ws/install/zed_wrapper/share/zed_wrapper/environment/path.dsv
[0.770s] -- Up-to-date symlink: /home/barusu/ros2_ws/install/zed_wrapper/share/zed_wrapper/local_setup.bash
[0.770s] -- Up-to-date symlink: /home/barusu/ros2_ws/install/zed_wrapper/share/zed_wrapper/local_setup.sh
[0.771s] -- Up-to-date symlink: /home/barusu/ros2_ws/install/zed_wrapper/share/zed_wrapper/local_setup.zsh
[0.771s] -- Up-to-date symlink: /home/barusu/ros2_ws/install/zed_wrapper/share/zed_wrapper/local_setup.dsv
[0.771s] -- Symlinking: /home/barusu/ros2_ws/install/zed_wrapper/share/zed_wrapper/package.dsv
[0.794s] -- Up-to-date symlink: /home/barusu/ros2_ws/install/zed_wrapper/share/ament_index/resource_index/packages/zed_wrapper
[0.795s] -- Up-to-date symlink: /home/barusu/ros2_ws/install/zed_wrapper/share/zed_wrapper/cmake/zed_wrapperConfig.cmake
[0.795s] -- Up-to-date symlink: /home/barusu/ros2_ws/install/zed_wrapper/share/zed_wrapper/cmake/zed_wrapperConfig-version.cmake
[0.795s] -- Up-to-date symlink: /home/barusu/ros2_ws/install/zed_wrapper/share/zed_wrapper/package.xml
[0.797s] Invoked command in '/home/barusu/ros2_ws/build/zed_wrapper' returned '0': CMAKE_PREFIX_PATH=/home/barusu/ros2_ws/install/zed_components:/home/barusu/ros2_ws/install/zed_interfaces:/home/barusu/ros2_ws/install/zed_ros2:/home/barusu/ros2_ws/install/zed_wrapper:/home/barusu/ros2_ws/install/examples_rclcpp_wait_set:/home/barusu/ros2_ws/install/examples_rclcpp_multithreaded_executor:/home/barusu/ros2_ws/install/examples_rclcpp_minimal_timer:/home/barusu/ros2_ws/install/examples_rclcpp_minimal_subscriber:/home/barusu/ros2_ws/install/examples_rclcpp_minimal_service:/home/barusu/ros2_ws/install/examples_rclcpp_minimal_publisher:/home/barusu/ros2_ws/install/examples_rclcpp_minimal_composition:/home/barusu/ros2_ws/install/examples_rclcpp_minimal_client:/home/barusu/ros2_ws/install/examples_rclcpp_minimal_action_server:/home/barusu/ros2_ws/install/examples_rclcpp_minimal_action_client:/home/barusu/ros2_ws/install/examples_rclcpp_cbg_executor:/home/barusu/ros2_ws/install/examples_rclcpp_async_client:/home/barusu/ros2_ws/install/launch_testing_examples:/home/barusu/ros2_ws/install/examples_rclpy_pointcloud_publisher:/home/barusu/ros2_ws/install/examples_rclpy_minimal_subscriber:/home/barusu/ros2_ws/install/examples_rclpy_minimal_service:/home/barusu/ros2_ws/install/examples_rclpy_minimal_publisher:/home/barusu/ros2_ws/install/examples_rclpy_minimal_client:/home/barusu/ros2_ws/install/examples_rclpy_minimal_action_server:/home/barusu/ros2_ws/install/examples_rclpy_minimal_action_client:/home/barusu/ros2_ws/install/examples_rclpy_guard_conditions:/home/barusu/ros2_ws/install/examples_rclpy_executors:/opt/ros/humble /home/barusu/.local/bin/cmake --install /home/barusu/ros2_ws/build/zed_wrapper
