[0.032s] Invoking command in '/home/barusu/ros2_ws/build/zed_components': CMAKE_PREFIX_PATH=/home/barusu/ros2_ws/install/zed_interfaces:/home/barusu/ros2_ws/install/zed_ros2:/home/barusu/ros2_ws/install/zed_multi_camera:/home/barusu/ros2_ws/install/zed_display_rviz2:/home/barusu/ros2_ws/install/zed_wrapper:/home/barusu/ros2_ws/install/zed_tutorial_video:/home/barusu/ros2_ws/install/zed_tutorial_pos_tracking:/home/barusu/ros2_ws/install/zed_tutorial_depth:/home/barusu/ros2_ws/install/zed_topic_benchmark:/home/barusu/ros2_ws/install/zed_topic_benchmark_component:/home/barusu/ros2_ws/install/zed_topic_benchmark_interfaces:/home/barusu/ros2_ws/install/zed_rgb_convert:/home/barusu/ros2_ws/install/zed_components:/home/barusu/ros2_ws/install/rviz_plugin_zed_od:/opt/ros/humble LD_LIBRARY_PATH=/home/barusu/ros2_ws/install/zed_interfaces/lib:/home/barusu/ros2_ws/install/zed_topic_benchmark_component/lib:/home/barusu/ros2_ws/install/zed_topic_benchmark_interfaces/lib:/home/barusu/ros2_ws/install/zed_rgb_convert/lib:/home/barusu/ros2_ws/install/zed_components/lib:/home/barusu/ros2_ws/install/rviz_plugin_zed_od/lib:/opt/ros/humble/opt/rviz_ogre_vendor/lib:/opt/ros/humble/lib/x86_64-linux-gnu:/opt/ros/humble/lib /home/barusu/.local/bin/cmake --build /home/barusu/ros2_ws/build/zed_components -- -j8 -l8
[0.139s] [100%] Built target zed_camera_component
[0.153s] Invoked command in '/home/barusu/ros2_ws/build/zed_components' returned '0': CMAKE_PREFIX_PATH=/home/barusu/ros2_ws/install/zed_interfaces:/home/barusu/ros2_ws/install/zed_ros2:/home/barusu/ros2_ws/install/zed_multi_camera:/home/barusu/ros2_ws/install/zed_display_rviz2:/home/barusu/ros2_ws/install/zed_wrapper:/home/barusu/ros2_ws/install/zed_tutorial_video:/home/barusu/ros2_ws/install/zed_tutorial_pos_tracking:/home/barusu/ros2_ws/install/zed_tutorial_depth:/home/barusu/ros2_ws/install/zed_topic_benchmark:/home/barusu/ros2_ws/install/zed_topic_benchmark_component:/home/barusu/ros2_ws/install/zed_topic_benchmark_interfaces:/home/barusu/ros2_ws/install/zed_rgb_convert:/home/barusu/ros2_ws/install/zed_components:/home/barusu/ros2_ws/install/rviz_plugin_zed_od:/opt/ros/humble LD_LIBRARY_PATH=/home/barusu/ros2_ws/install/zed_interfaces/lib:/home/barusu/ros2_ws/install/zed_topic_benchmark_component/lib:/home/barusu/ros2_ws/install/zed_topic_benchmark_interfaces/lib:/home/barusu/ros2_ws/install/zed_rgb_convert/lib:/home/barusu/ros2_ws/install/zed_components/lib:/home/barusu/ros2_ws/install/rviz_plugin_zed_od/lib:/opt/ros/humble/opt/rviz_ogre_vendor/lib:/opt/ros/humble/lib/x86_64-linux-gnu:/opt/ros/humble/lib /home/barusu/.local/bin/cmake --build /home/barusu/ros2_ws/build/zed_components -- -j8 -l8
[0.241s] Invoking command in '/home/barusu/ros2_ws/build/zed_components': CMAKE_PREFIX_PATH=/home/barusu/ros2_ws/install/zed_interfaces:/home/barusu/ros2_ws/install/zed_ros2:/home/barusu/ros2_ws/install/zed_multi_camera:/home/barusu/ros2_ws/install/zed_display_rviz2:/home/barusu/ros2_ws/install/zed_wrapper:/home/barusu/ros2_ws/install/zed_tutorial_video:/home/barusu/ros2_ws/install/zed_tutorial_pos_tracking:/home/barusu/ros2_ws/install/zed_tutorial_depth:/home/barusu/ros2_ws/install/zed_topic_benchmark:/home/barusu/ros2_ws/install/zed_topic_benchmark_component:/home/barusu/ros2_ws/install/zed_topic_benchmark_interfaces:/home/barusu/ros2_ws/install/zed_rgb_convert:/home/barusu/ros2_ws/install/zed_components:/home/barusu/ros2_ws/install/rviz_plugin_zed_od:/opt/ros/humble LD_LIBRARY_PATH=/home/barusu/ros2_ws/install/zed_interfaces/lib:/home/barusu/ros2_ws/install/zed_topic_benchmark_component/lib:/home/barusu/ros2_ws/install/zed_topic_benchmark_interfaces/lib:/home/barusu/ros2_ws/install/zed_rgb_convert/lib:/home/barusu/ros2_ws/install/zed_components/lib:/home/barusu/ros2_ws/install/rviz_plugin_zed_od/lib:/opt/ros/humble/opt/rviz_ogre_vendor/lib:/opt/ros/humble/lib/x86_64-linux-gnu:/opt/ros/humble/lib /home/barusu/.local/bin/cmake --install /home/barusu/ros2_ws/build/zed_components
[0.277s] -- Install configuration: "Release"
[0.278s] -- Execute custom install script
[0.279s] -- Up-to-date symlink: /home/barusu/ros2_ws/install/zed_components/lib/libzed_camera_component.so
[0.280s] -- Up-to-date symlink: /home/barusu/ros2_ws/install/zed_components/include/zed_components//cost_traversability.hpp
[0.280s] -- Up-to-date symlink: /home/barusu/ros2_ws/install/zed_components/include/zed_components//sl_types.hpp
[0.280s] -- Up-to-date symlink: /home/barusu/ros2_ws/install/zed_components/include/zed_components//zed_camera_component.hpp
[0.281s] -- Up-to-date symlink: /home/barusu/ros2_ws/install/zed_components/include/zed_components//sl_logging.hpp
[0.281s] -- Up-to-date symlink: /home/barusu/ros2_ws/install/zed_components/include/zed_components//sl_tools.hpp
[0.282s] -- Up-to-date symlink: /home/barusu/ros2_ws/install/zed_components/include/zed_components//sl_win_avg.hpp
[0.283s] -- Up-to-date symlink: /home/barusu/ros2_ws/install/zed_components/include/zed_components//visibility_control.hpp
[0.283s] -- Up-to-date symlink: /home/barusu/ros2_ws/install/zed_components/share/zed_components/environment/library_path.sh
[0.283s] -- Up-to-date symlink: /home/barusu/ros2_ws/install/zed_components/share/zed_components/environment/library_path.dsv
[0.283s] -- Up-to-date symlink: /home/barusu/ros2_ws/install/zed_components/share/ament_index/resource_index/package_run_dependencies/zed_components
[0.284s] -- Up-to-date symlink: /home/barusu/ros2_ws/install/zed_components/share/ament_index/resource_index/parent_prefix_path/zed_components
[0.285s] -- Up-to-date symlink: /home/barusu/ros2_ws/install/zed_components/share/zed_components/environment/ament_prefix_path.sh
[0.285s] -- Up-to-date symlink: /home/barusu/ros2_ws/install/zed_components/share/zed_components/environment/ament_prefix_path.dsv
[0.286s] -- Up-to-date symlink: /home/barusu/ros2_ws/install/zed_components/share/zed_components/environment/path.sh
[0.286s] -- Up-to-date symlink: /home/barusu/ros2_ws/install/zed_components/share/zed_components/environment/path.dsv
[0.286s] -- Up-to-date symlink: /home/barusu/ros2_ws/install/zed_components/share/zed_components/local_setup.bash
[0.287s] -- Up-to-date symlink: /home/barusu/ros2_ws/install/zed_components/share/zed_components/local_setup.sh
[0.287s] -- Up-to-date symlink: /home/barusu/ros2_ws/install/zed_components/share/zed_components/local_setup.zsh
[0.287s] -- Up-to-date symlink: /home/barusu/ros2_ws/install/zed_components/share/zed_components/local_setup.dsv
[0.288s] -- Symlinking: /home/barusu/ros2_ws/install/zed_components/share/zed_components/package.dsv
[0.292s] -- Up-to-date symlink: /home/barusu/ros2_ws/install/zed_components/share/ament_index/resource_index/packages/zed_components
[0.293s] -- Up-to-date symlink: /home/barusu/ros2_ws/install/zed_components/share/ament_index/resource_index/rclcpp_components/zed_components
[0.293s] -- Up-to-date symlink: /home/barusu/ros2_ws/install/zed_components/share/zed_components/cmake/ament_cmake_export_include_directories-extras.cmake
[0.294s] -- Up-to-date symlink: /home/barusu/ros2_ws/install/zed_components/share/zed_components/cmake/ament_cmake_export_libraries-extras.cmake
[0.294s] -- Up-to-date symlink: /home/barusu/ros2_ws/install/zed_components/share/zed_components/cmake/ament_cmake_export_dependencies-extras.cmake
[0.295s] -- Up-to-date symlink: /home/barusu/ros2_ws/install/zed_components/share/zed_components/cmake/zed_componentsConfig.cmake
[0.295s] -- Up-to-date symlink: /home/barusu/ros2_ws/install/zed_components/share/zed_components/cmake/zed_componentsConfig-version.cmake
[0.295s] -- Up-to-date symlink: /home/barusu/ros2_ws/install/zed_components/share/zed_components/package.xml
[0.307s] Invoked command in '/home/barusu/ros2_ws/build/zed_components' returned '0': CMAKE_PREFIX_PATH=/home/barusu/ros2_ws/install/zed_interfaces:/home/barusu/ros2_ws/install/zed_ros2:/home/barusu/ros2_ws/install/zed_multi_camera:/home/barusu/ros2_ws/install/zed_display_rviz2:/home/barusu/ros2_ws/install/zed_wrapper:/home/barusu/ros2_ws/install/zed_tutorial_video:/home/barusu/ros2_ws/install/zed_tutorial_pos_tracking:/home/barusu/ros2_ws/install/zed_tutorial_depth:/home/barusu/ros2_ws/install/zed_topic_benchmark:/home/barusu/ros2_ws/install/zed_topic_benchmark_component:/home/barusu/ros2_ws/install/zed_topic_benchmark_interfaces:/home/barusu/ros2_ws/install/zed_rgb_convert:/home/barusu/ros2_ws/install/zed_components:/home/barusu/ros2_ws/install/rviz_plugin_zed_od:/opt/ros/humble LD_LIBRARY_PATH=/home/barusu/ros2_ws/install/zed_interfaces/lib:/home/barusu/ros2_ws/install/zed_topic_benchmark_component/lib:/home/barusu/ros2_ws/install/zed_topic_benchmark_interfaces/lib:/home/barusu/ros2_ws/install/zed_rgb_convert/lib:/home/barusu/ros2_ws/install/zed_components/lib:/home/barusu/ros2_ws/install/rviz_plugin_zed_od/lib:/opt/ros/humble/opt/rviz_ogre_vendor/lib:/opt/ros/humble/lib/x86_64-linux-gnu:/opt/ros/humble/lib /home/barusu/.local/bin/cmake --install /home/barusu/ros2_ws/build/zed_components
