[0.034s] Invoking command in '/home/barusu/ros2_ws/build/zed_multi_camera': CMAKE_PREFIX_PATH=/home/barusu/ros2_ws/install/zed_wrapper:/home/barusu/ros2_ws/install/zed_components:/home/barusu/ros2_ws/install/zed_interfaces:/home/barusu/ros2_ws/install/zed_ros2:/home/barusu/ros2_ws/install/examples_rclcpp_wait_set:/home/barusu/ros2_ws/install/examples_rclcpp_multithreaded_executor:/home/barusu/ros2_ws/install/examples_rclcpp_minimal_timer:/home/barusu/ros2_ws/install/examples_rclcpp_minimal_subscriber:/home/barusu/ros2_ws/install/examples_rclcpp_minimal_service:/home/barusu/ros2_ws/install/examples_rclcpp_minimal_publisher:/home/barusu/ros2_ws/install/examples_rclcpp_minimal_composition:/home/barusu/ros2_ws/install/examples_rclcpp_minimal_client:/home/barusu/ros2_ws/install/examples_rclcpp_minimal_action_server:/home/barusu/ros2_ws/install/examples_rclcpp_minimal_action_client:/home/barusu/ros2_ws/install/examples_rclcpp_cbg_executor:/home/barusu/ros2_ws/install/examples_rclcpp_async_client:/home/barusu/ros2_ws/install/launch_testing_examples:/home/barusu/ros2_ws/install/examples_rclpy_pointcloud_publisher:/home/barusu/ros2_ws/install/examples_rclpy_minimal_subscriber:/home/barusu/ros2_ws/install/examples_rclpy_minimal_service:/home/barusu/ros2_ws/install/examples_rclpy_minimal_publisher:/home/barusu/ros2_ws/install/examples_rclpy_minimal_client:/home/barusu/ros2_ws/install/examples_rclpy_minimal_action_server:/home/barusu/ros2_ws/install/examples_rclpy_minimal_action_client:/home/barusu/ros2_ws/install/examples_rclpy_guard_conditions:/home/barusu/ros2_ws/install/examples_rclpy_executors:/opt/ros/humble /home/barusu/.local/bin/cmake /home/barusu/ros2_ws/src/zed-ros2-examples/tutorials/zed_multi_camera -DCMAKE_BUILD_TYPE=Release -DAMENT_CMAKE_SYMLINK_INSTALL=1 -DCMAKE_INSTALL_PREFIX=/home/barusu/ros2_ws/install/zed_multi_camera
[0.184s] -- The C compiler identification is GNU 11.3.0
[0.331s] -- The CXX compiler identification is GNU 11.3.0
[0.365s] -- Detecting C compiler ABI info
[0.697s] -- Detecting C compiler ABI info - done
[0.745s] -- Check for working C compiler: /usr/bin/cc - skipped
[0.745s] -- Detecting C compile features
[0.746s] -- Detecting C compile features - done
[0.753s] -- Detecting CXX compiler ABI info
[1.023s] -- Detecting CXX compiler ABI info - done
[1.059s] -- Check for working CXX compiler: /usr/bin/c++ - skipped
[1.060s] -- Detecting CXX compile features
[1.061s] -- Detecting CXX compile features - done
[1.068s] -- Found ament_cmake_auto: 1.3.4 (/opt/ros/humble/share/ament_cmake_auto/cmake)
[2.852s] -- Found Python3: /usr/bin/python3.10 (found version "3.10.6") found components: Interpreter 
[3.019s] -- Override CMake install command with custom implementation using symlinks instead of copying resources
[3.231s] -- Found ament_lint_auto: 0.12.6 (/opt/ros/humble/share/ament_lint_auto/cmake)
[3.294s] -- Added test 'copyright' to check source files copyright and LICENSE
[3.299s] -- Added test 'flake8' to check Python code syntax and style conventions
[3.303s] -- Added test 'lint_cmake' to check CMake code style
[3.305s] -- Added test 'pep257' to check Python code against some of the docstring style conventions in PEP 257
[3.308s] -- Added test 'xmllint' to check XML markup files
[3.319s] -- Configuring done (3.2s)
[3.326s] -- Generating done (0.0s)
[3.329s] -- Build files have been written to: /home/barusu/ros2_ws/build/zed_multi_camera
[3.345s] Invoked command in '/home/barusu/ros2_ws/build/zed_multi_camera' returned '0': CMAKE_PREFIX_PATH=/home/barusu/ros2_ws/install/zed_wrapper:/home/barusu/ros2_ws/install/zed_components:/home/barusu/ros2_ws/install/zed_interfaces:/home/barusu/ros2_ws/install/zed_ros2:/home/barusu/ros2_ws/install/examples_rclcpp_wait_set:/home/barusu/ros2_ws/install/examples_rclcpp_multithreaded_executor:/home/barusu/ros2_ws/install/examples_rclcpp_minimal_timer:/home/barusu/ros2_ws/install/examples_rclcpp_minimal_subscriber:/home/barusu/ros2_ws/install/examples_rclcpp_minimal_service:/home/barusu/ros2_ws/install/examples_rclcpp_minimal_publisher:/home/barusu/ros2_ws/install/examples_rclcpp_minimal_composition:/home/barusu/ros2_ws/install/examples_rclcpp_minimal_client:/home/barusu/ros2_ws/install/examples_rclcpp_minimal_action_server:/home/barusu/ros2_ws/install/examples_rclcpp_minimal_action_client:/home/barusu/ros2_ws/install/examples_rclcpp_cbg_executor:/home/barusu/ros2_ws/install/examples_rclcpp_async_client:/home/barusu/ros2_ws/install/launch_testing_examples:/home/barusu/ros2_ws/install/examples_rclpy_pointcloud_publisher:/home/barusu/ros2_ws/install/examples_rclpy_minimal_subscriber:/home/barusu/ros2_ws/install/examples_rclpy_minimal_service:/home/barusu/ros2_ws/install/examples_rclpy_minimal_publisher:/home/barusu/ros2_ws/install/examples_rclpy_minimal_client:/home/barusu/ros2_ws/install/examples_rclpy_minimal_action_server:/home/barusu/ros2_ws/install/examples_rclpy_minimal_action_client:/home/barusu/ros2_ws/install/examples_rclpy_guard_conditions:/home/barusu/ros2_ws/install/examples_rclpy_executors:/opt/ros/humble /home/barusu/.local/bin/cmake /home/barusu/ros2_ws/src/zed-ros2-examples/tutorials/zed_multi_camera -DCMAKE_BUILD_TYPE=Release -DAMENT_CMAKE_SYMLINK_INSTALL=1 -DCMAKE_INSTALL_PREFIX=/home/barusu/ros2_ws/install/zed_multi_camera
[3.354s] Invoking command in '/home/barusu/ros2_ws/build/zed_multi_camera': CMAKE_PREFIX_PATH=/home/barusu/ros2_ws/install/zed_wrapper:/home/barusu/ros2_ws/install/zed_components:/home/barusu/ros2_ws/install/zed_interfaces:/home/barusu/ros2_ws/install/zed_ros2:/home/barusu/ros2_ws/install/examples_rclcpp_wait_set:/home/barusu/ros2_ws/install/examples_rclcpp_multithreaded_executor:/home/barusu/ros2_ws/install/examples_rclcpp_minimal_timer:/home/barusu/ros2_ws/install/examples_rclcpp_minimal_subscriber:/home/barusu/ros2_ws/install/examples_rclcpp_minimal_service:/home/barusu/ros2_ws/install/examples_rclcpp_minimal_publisher:/home/barusu/ros2_ws/install/examples_rclcpp_minimal_composition:/home/barusu/ros2_ws/install/examples_rclcpp_minimal_client:/home/barusu/ros2_ws/install/examples_rclcpp_minimal_action_server:/home/barusu/ros2_ws/install/examples_rclcpp_minimal_action_client:/home/barusu/ros2_ws/install/examples_rclcpp_cbg_executor:/home/barusu/ros2_ws/install/examples_rclcpp_async_client:/home/barusu/ros2_ws/install/launch_testing_examples:/home/barusu/ros2_ws/install/examples_rclpy_pointcloud_publisher:/home/barusu/ros2_ws/install/examples_rclpy_minimal_subscriber:/home/barusu/ros2_ws/install/examples_rclpy_minimal_service:/home/barusu/ros2_ws/install/examples_rclpy_minimal_publisher:/home/barusu/ros2_ws/install/examples_rclpy_minimal_client:/home/barusu/ros2_ws/install/examples_rclpy_minimal_action_server:/home/barusu/ros2_ws/install/examples_rclpy_minimal_action_client:/home/barusu/ros2_ws/install/examples_rclpy_guard_conditions:/home/barusu/ros2_ws/install/examples_rclpy_executors:/opt/ros/humble /home/barusu/.local/bin/cmake --build /home/barusu/ros2_ws/build/zed_multi_camera -- -j8 -l8
[4.885s] Invoked command in '/home/barusu/ros2_ws/build/zed_multi_camera' returned '0': CMAKE_PREFIX_PATH=/home/barusu/ros2_ws/install/zed_wrapper:/home/barusu/ros2_ws/install/zed_components:/home/barusu/ros2_ws/install/zed_interfaces:/home/barusu/ros2_ws/install/zed_ros2:/home/barusu/ros2_ws/install/examples_rclcpp_wait_set:/home/barusu/ros2_ws/install/examples_rclcpp_multithreaded_executor:/home/barusu/ros2_ws/install/examples_rclcpp_minimal_timer:/home/barusu/ros2_ws/install/examples_rclcpp_minimal_subscriber:/home/barusu/ros2_ws/install/examples_rclcpp_minimal_service:/home/barusu/ros2_ws/install/examples_rclcpp_minimal_publisher:/home/barusu/ros2_ws/install/examples_rclcpp_minimal_composition:/home/barusu/ros2_ws/install/examples_rclcpp_minimal_client:/home/barusu/ros2_ws/install/examples_rclcpp_minimal_action_server:/home/barusu/ros2_ws/install/examples_rclcpp_minimal_action_client:/home/barusu/ros2_ws/install/examples_rclcpp_cbg_executor:/home/barusu/ros2_ws/install/examples_rclcpp_async_client:/home/barusu/ros2_ws/install/launch_testing_examples:/home/barusu/ros2_ws/install/examples_rclpy_pointcloud_publisher:/home/barusu/ros2_ws/install/examples_rclpy_minimal_subscriber:/home/barusu/ros2_ws/install/examples_rclpy_minimal_service:/home/barusu/ros2_ws/install/examples_rclpy_minimal_publisher:/home/barusu/ros2_ws/install/examples_rclpy_minimal_client:/home/barusu/ros2_ws/install/examples_rclpy_minimal_action_server:/home/barusu/ros2_ws/install/examples_rclpy_minimal_action_client:/home/barusu/ros2_ws/install/examples_rclpy_guard_conditions:/home/barusu/ros2_ws/install/examples_rclpy_executors:/opt/ros/humble /home/barusu/.local/bin/cmake --build /home/barusu/ros2_ws/build/zed_multi_camera -- -j8 -l8
[4.971s] Invoking command in '/home/barusu/ros2_ws/build/zed_multi_camera': CMAKE_PREFIX_PATH=/home/barusu/ros2_ws/install/zed_wrapper:/home/barusu/ros2_ws/install/zed_components:/home/barusu/ros2_ws/install/zed_interfaces:/home/barusu/ros2_ws/install/zed_ros2:/home/barusu/ros2_ws/install/examples_rclcpp_wait_set:/home/barusu/ros2_ws/install/examples_rclcpp_multithreaded_executor:/home/barusu/ros2_ws/install/examples_rclcpp_minimal_timer:/home/barusu/ros2_ws/install/examples_rclcpp_minimal_subscriber:/home/barusu/ros2_ws/install/examples_rclcpp_minimal_service:/home/barusu/ros2_ws/install/examples_rclcpp_minimal_publisher:/home/barusu/ros2_ws/install/examples_rclcpp_minimal_composition:/home/barusu/ros2_ws/install/examples_rclcpp_minimal_client:/home/barusu/ros2_ws/install/examples_rclcpp_minimal_action_server:/home/barusu/ros2_ws/install/examples_rclcpp_minimal_action_client:/home/barusu/ros2_ws/install/examples_rclcpp_cbg_executor:/home/barusu/ros2_ws/install/examples_rclcpp_async_client:/home/barusu/ros2_ws/install/launch_testing_examples:/home/barusu/ros2_ws/install/examples_rclpy_pointcloud_publisher:/home/barusu/ros2_ws/install/examples_rclpy_minimal_subscriber:/home/barusu/ros2_ws/install/examples_rclpy_minimal_service:/home/barusu/ros2_ws/install/examples_rclpy_minimal_publisher:/home/barusu/ros2_ws/install/examples_rclpy_minimal_client:/home/barusu/ros2_ws/install/examples_rclpy_minimal_action_server:/home/barusu/ros2_ws/install/examples_rclpy_minimal_action_client:/home/barusu/ros2_ws/install/examples_rclpy_guard_conditions:/home/barusu/ros2_ws/install/examples_rclpy_executors:/opt/ros/humble /home/barusu/.local/bin/cmake --install /home/barusu/ros2_ws/build/zed_multi_camera
[5.028s] -- Install configuration: "Release"
[5.030s] -- Execute custom install script
[5.031s] -- Symlinking: /home/barusu/ros2_ws/install/zed_multi_camera/share/zed_multi_camera/launch/zed_multi_camera.launch.py
[5.036s] -- Symlinking: /home/barusu/ros2_ws/install/zed_multi_camera/share/ament_index/resource_index/package_run_dependencies/zed_multi_camera
[5.041s] -- Symlinking: /home/barusu/ros2_ws/install/zed_multi_camera/share/ament_index/resource_index/parent_prefix_path/zed_multi_camera
[5.045s] -- Symlinking: /home/barusu/ros2_ws/install/zed_multi_camera/share/zed_multi_camera/environment/ament_prefix_path.sh
[5.050s] -- Symlinking: /home/barusu/ros2_ws/install/zed_multi_camera/share/zed_multi_camera/environment/ament_prefix_path.dsv
[5.055s] -- Symlinking: /home/barusu/ros2_ws/install/zed_multi_camera/share/zed_multi_camera/environment/path.sh
[5.060s] -- Symlinking: /home/barusu/ros2_ws/install/zed_multi_camera/share/zed_multi_camera/environment/path.dsv
[5.065s] -- Symlinking: /home/barusu/ros2_ws/install/zed_multi_camera/share/zed_multi_camera/local_setup.bash
[5.069s] -- Symlinking: /home/barusu/ros2_ws/install/zed_multi_camera/share/zed_multi_camera/local_setup.sh
[5.074s] -- Symlinking: /home/barusu/ros2_ws/install/zed_multi_camera/share/zed_multi_camera/local_setup.zsh
[5.079s] -- Symlinking: /home/barusu/ros2_ws/install/zed_multi_camera/share/zed_multi_camera/local_setup.dsv
[5.084s] -- Symlinking: /home/barusu/ros2_ws/install/zed_multi_camera/share/zed_multi_camera/package.dsv
[5.089s] -- Symlinking: /home/barusu/ros2_ws/install/zed_multi_camera/share/ament_index/resource_index/packages/zed_multi_camera
[5.094s] -- Symlinking: /home/barusu/ros2_ws/install/zed_multi_camera/share/zed_multi_camera/cmake/zed_multi_cameraConfig.cmake
[5.099s] -- Symlinking: /home/barusu/ros2_ws/install/zed_multi_camera/share/zed_multi_camera/cmake/zed_multi_cameraConfig-version.cmake
[5.103s] -- Symlinking: /home/barusu/ros2_ws/install/zed_multi_camera/share/zed_multi_camera/package.xml
[5.127s] Invoked command in '/home/barusu/ros2_ws/build/zed_multi_camera' returned '0': CMAKE_PREFIX_PATH=/home/barusu/ros2_ws/install/zed_wrapper:/home/barusu/ros2_ws/install/zed_components:/home/barusu/ros2_ws/install/zed_interfaces:/home/barusu/ros2_ws/install/zed_ros2:/home/barusu/ros2_ws/install/examples_rclcpp_wait_set:/home/barusu/ros2_ws/install/examples_rclcpp_multithreaded_executor:/home/barusu/ros2_ws/install/examples_rclcpp_minimal_timer:/home/barusu/ros2_ws/install/examples_rclcpp_minimal_subscriber:/home/barusu/ros2_ws/install/examples_rclcpp_minimal_service:/home/barusu/ros2_ws/install/examples_rclcpp_minimal_publisher:/home/barusu/ros2_ws/install/examples_rclcpp_minimal_composition:/home/barusu/ros2_ws/install/examples_rclcpp_minimal_client:/home/barusu/ros2_ws/install/examples_rclcpp_minimal_action_server:/home/barusu/ros2_ws/install/examples_rclcpp_minimal_action_client:/home/barusu/ros2_ws/install/examples_rclcpp_cbg_executor:/home/barusu/ros2_ws/install/examples_rclcpp_async_client:/home/barusu/ros2_ws/install/launch_testing_examples:/home/barusu/ros2_ws/install/examples_rclpy_pointcloud_publisher:/home/barusu/ros2_ws/install/examples_rclpy_minimal_subscriber:/home/barusu/ros2_ws/install/examples_rclpy_minimal_service:/home/barusu/ros2_ws/install/examples_rclpy_minimal_publisher:/home/barusu/ros2_ws/install/examples_rclpy_minimal_client:/home/barusu/ros2_ws/install/examples_rclpy_minimal_action_server:/home/barusu/ros2_ws/install/examples_rclpy_minimal_action_client:/home/barusu/ros2_ws/install/examples_rclpy_guard_conditions:/home/barusu/ros2_ws/install/examples_rclpy_executors:/opt/ros/humble /home/barusu/.local/bin/cmake --install /home/barusu/ros2_ws/build/zed_multi_camera
