[0.251s] DEBUG:colcon:Command line arguments: ['/usr/bin/colcon', 'build', '--symlink-install', '--cmake-args=-DCMAKE_BUILD_TYPE=Release']
[0.252s] DEBUG:colcon:Parsed command line arguments: Namespace(log_base=None, log_level=None, verb_name='build', build_base='build', install_base='install', merge_install=False, symlink_install=True, test_result_base=None, continue_on_error=False, executor='parallel', parallel_workers=8, event_handlers=None, ignore_user_meta=False, metas=['./colcon.meta'], base_paths=['.'], packages_ignore=None, packages_ignore_regex=None, paths=None, packages_up_to=None, packages_up_to_regex=None, packages_above=None, packages_above_and_dependencies=None, packages_above_depth=None, packages_select_by_dep=None, packages_skip_by_dep=None, packages_skip_up_to=None, packages_select_build_failed=False, packages_skip_build_finished=False, packages_select_test_failures=False, packages_skip_test_passed=False, packages_select=None, packages_skip=None, packages_select_regex=None, packages_skip_regex=None, packages_start=None, packages_end=None, allow_overriding=[], cmake_args=['-DCMAKE_BUILD_TYPE=Release'], cmake_target=None, cmake_target_skip_unavailable=False, cmake_clean_cache=False, cmake_clean_first=False, cmake_force_configure=False, ament_cmake_args=None, catkin_cmake_args=None, catkin_skip_building_tests=False, verb_parser=<colcon_defaults.argument_parser.defaults.DefaultArgumentsDecorator object at 0x7f543711f490>, verb_extension=<colcon_core.verb.build.BuildVerb object at 0x7f54376f8f70>, main=<bound method BuildVerb.main of <colcon_core.verb.build.BuildVerb object at 0x7f54376f8f70>>)
[0.281s] Level 1:colcon.colcon_core.package_discovery:discover_packages(colcon_meta) check parameters
[0.281s] Level 1:colcon.colcon_core.package_discovery:discover_packages(recursive) check parameters
[0.281s] Level 1:colcon.colcon_core.package_discovery:discover_packages(ignore) check parameters
[0.281s] Level 1:colcon.colcon_core.package_discovery:discover_packages(path) check parameters
[0.281s] Level 1:colcon.colcon_core.package_discovery:discover_packages(colcon_meta) discover
[0.281s] Level 1:colcon.colcon_core.package_discovery:discover_packages(recursive) discover
[0.281s] INFO:colcon.colcon_core.package_discovery:Crawling recursively for packages in '/home/barusu/ros2_ws'
[0.281s] Level 1:colcon.colcon_core.package_identification:_identify(.) by extensions ['ignore', 'ignore_ament_install']
[0.281s] Level 1:colcon.colcon_core.package_identification:_identify(.) by extension 'ignore'
[0.281s] Level 1:colcon.colcon_core.package_identification:_identify(.) by extension 'ignore_ament_install'
[0.281s] Level 1:colcon.colcon_core.package_identification:_identify(.) by extensions ['colcon_pkg']
[0.281s] Level 1:colcon.colcon_core.package_identification:_identify(.) by extension 'colcon_pkg'
[0.281s] Level 1:colcon.colcon_core.package_identification:_identify(.) by extensions ['colcon_meta']
[0.281s] Level 1:colcon.colcon_core.package_identification:_identify(.) by extension 'colcon_meta'
[0.281s] Level 1:colcon.colcon_core.package_identification:_identify(.) by extensions ['ros']
[0.281s] Level 1:colcon.colcon_core.package_identification:_identify(.) by extension 'ros'
[0.294s] Level 1:colcon.colcon_core.package_identification:_identify(.) by extensions ['cmake', 'python']
[0.294s] Level 1:colcon.colcon_core.package_identification:_identify(.) by extension 'cmake'
[0.294s] Level 1:colcon.colcon_core.package_identification:_identify(.) by extension 'python'
[0.294s] Level 1:colcon.colcon_core.package_identification:_identify(.) by extensions ['python_setup_py']
[0.295s] Level 1:colcon.colcon_core.package_identification:_identify(.) by extension 'python_setup_py'
[0.295s] Level 1:colcon.colcon_core.package_identification:_identify(build) by extensions ['ignore', 'ignore_ament_install']
[0.295s] Level 1:colcon.colcon_core.package_identification:_identify(build) by extension 'ignore'
[0.295s] Level 1:colcon.colcon_core.package_identification:_identify(build) ignored
[0.295s] Level 1:colcon.colcon_core.package_identification:_identify(install) by extensions ['ignore', 'ignore_ament_install']
[0.295s] Level 1:colcon.colcon_core.package_identification:_identify(install) by extension 'ignore'
[0.295s] Level 1:colcon.colcon_core.package_identification:_identify(install) ignored
[0.295s] Level 1:colcon.colcon_core.package_identification:_identify(log) by extensions ['ignore', 'ignore_ament_install']
[0.295s] Level 1:colcon.colcon_core.package_identification:_identify(log) by extension 'ignore'
[0.295s] Level 1:colcon.colcon_core.package_identification:_identify(log) ignored
[0.295s] Level 1:colcon.colcon_core.package_identification:_identify(src) by extensions ['ignore', 'ignore_ament_install']
[0.295s] Level 1:colcon.colcon_core.package_identification:_identify(src) by extension 'ignore'
[0.295s] Level 1:colcon.colcon_core.package_identification:_identify(src) by extension 'ignore_ament_install'
[0.295s] Level 1:colcon.colcon_core.package_identification:_identify(src) by extensions ['colcon_pkg']
[0.296s] Level 1:colcon.colcon_core.package_identification:_identify(src) by extension 'colcon_pkg'
[0.296s] Level 1:colcon.colcon_core.package_identification:_identify(src) by extensions ['colcon_meta']
[0.296s] Level 1:colcon.colcon_core.package_identification:_identify(src) by extension 'colcon_meta'
[0.296s] Level 1:colcon.colcon_core.package_identification:_identify(src) by extensions ['ros']
[0.296s] Level 1:colcon.colcon_core.package_identification:_identify(src) by extension 'ros'
[0.296s] Level 1:colcon.colcon_core.package_identification:_identify(src) by extensions ['cmake', 'python']
[0.296s] Level 1:colcon.colcon_core.package_identification:_identify(src) by extension 'cmake'
[0.296s] Level 1:colcon.colcon_core.package_identification:_identify(src) by extension 'python'
[0.296s] Level 1:colcon.colcon_core.package_identification:_identify(src) by extensions ['python_setup_py']
[0.296s] Level 1:colcon.colcon_core.package_identification:_identify(src) by extension 'python_setup_py'
[0.296s] Level 1:colcon.colcon_core.package_identification:_identify(src/zed-ros2-wrapper) by extensions ['ignore', 'ignore_ament_install']
[0.296s] Level 1:colcon.colcon_core.package_identification:_identify(src/zed-ros2-wrapper) by extension 'ignore'
[0.296s] Level 1:colcon.colcon_core.package_identification:_identify(src/zed-ros2-wrapper) by extension 'ignore_ament_install'
[0.296s] Level 1:colcon.colcon_core.package_identification:_identify(src/zed-ros2-wrapper) by extensions ['colcon_pkg']
[0.296s] Level 1:colcon.colcon_core.package_identification:_identify(src/zed-ros2-wrapper) by extension 'colcon_pkg'
[0.296s] Level 1:colcon.colcon_core.package_identification:_identify(src/zed-ros2-wrapper) by extensions ['colcon_meta']
[0.296s] Level 1:colcon.colcon_core.package_identification:_identify(src/zed-ros2-wrapper) by extension 'colcon_meta'
[0.296s] Level 1:colcon.colcon_core.package_identification:_identify(src/zed-ros2-wrapper) by extensions ['ros']
[0.296s] Level 1:colcon.colcon_core.package_identification:_identify(src/zed-ros2-wrapper) by extension 'ros'
[0.296s] Level 1:colcon.colcon_core.package_identification:_identify(src/zed-ros2-wrapper) by extensions ['cmake', 'python']
[0.296s] Level 1:colcon.colcon_core.package_identification:_identify(src/zed-ros2-wrapper) by extension 'cmake'
[0.296s] Level 1:colcon.colcon_core.package_identification:_identify(src/zed-ros2-wrapper) by extension 'python'
[0.296s] Level 1:colcon.colcon_core.package_identification:_identify(src/zed-ros2-wrapper) by extensions ['python_setup_py']
[0.296s] Level 1:colcon.colcon_core.package_identification:_identify(src/zed-ros2-wrapper) by extension 'python_setup_py'
[0.297s] Level 1:colcon.colcon_core.package_identification:_identify(src/zed-ros2-wrapper/docker) by extensions ['ignore', 'ignore_ament_install']
[0.297s] Level 1:colcon.colcon_core.package_identification:_identify(src/zed-ros2-wrapper/docker) by extension 'ignore'
[0.297s] Level 1:colcon.colcon_core.package_identification:_identify(src/zed-ros2-wrapper/docker) by extension 'ignore_ament_install'
[0.297s] Level 1:colcon.colcon_core.package_identification:_identify(src/zed-ros2-wrapper/docker) by extensions ['colcon_pkg']
[0.297s] Level 1:colcon.colcon_core.package_identification:_identify(src/zed-ros2-wrapper/docker) by extension 'colcon_pkg'
[0.297s] Level 1:colcon.colcon_core.package_identification:_identify(src/zed-ros2-wrapper/docker) by extensions ['colcon_meta']
[0.297s] Level 1:colcon.colcon_core.package_identification:_identify(src/zed-ros2-wrapper/docker) by extension 'colcon_meta'
[0.297s] Level 1:colcon.colcon_core.package_identification:_identify(src/zed-ros2-wrapper/docker) by extensions ['ros']
[0.297s] Level 1:colcon.colcon_core.package_identification:_identify(src/zed-ros2-wrapper/docker) by extension 'ros'
[0.297s] Level 1:colcon.colcon_core.package_identification:_identify(src/zed-ros2-wrapper/docker) by extensions ['cmake', 'python']
[0.297s] Level 1:colcon.colcon_core.package_identification:_identify(src/zed-ros2-wrapper/docker) by extension 'cmake'
[0.297s] Level 1:colcon.colcon_core.package_identification:_identify(src/zed-ros2-wrapper/docker) by extension 'python'
[0.297s] Level 1:colcon.colcon_core.package_identification:_identify(src/zed-ros2-wrapper/docker) by extensions ['python_setup_py']
[0.297s] Level 1:colcon.colcon_core.package_identification:_identify(src/zed-ros2-wrapper/docker) by extension 'python_setup_py'
[0.297s] Level 1:colcon.colcon_core.package_identification:_identify(src/zed-ros2-wrapper/images) by extensions ['ignore', 'ignore_ament_install']
[0.297s] Level 1:colcon.colcon_core.package_identification:_identify(src/zed-ros2-wrapper/images) by extension 'ignore'
[0.297s] Level 1:colcon.colcon_core.package_identification:_identify(src/zed-ros2-wrapper/images) by extension 'ignore_ament_install'
[0.297s] Level 1:colcon.colcon_core.package_identification:_identify(src/zed-ros2-wrapper/images) by extensions ['colcon_pkg']
[0.297s] Level 1:colcon.colcon_core.package_identification:_identify(src/zed-ros2-wrapper/images) by extension 'colcon_pkg'
[0.297s] Level 1:colcon.colcon_core.package_identification:_identify(src/zed-ros2-wrapper/images) by extensions ['colcon_meta']
[0.298s] Level 1:colcon.colcon_core.package_identification:_identify(src/zed-ros2-wrapper/images) by extension 'colcon_meta'
[0.298s] Level 1:colcon.colcon_core.package_identification:_identify(src/zed-ros2-wrapper/images) by extensions ['ros']
[0.298s] Level 1:colcon.colcon_core.package_identification:_identify(src/zed-ros2-wrapper/images) by extension 'ros'
[0.298s] Level 1:colcon.colcon_core.package_identification:_identify(src/zed-ros2-wrapper/images) by extensions ['cmake', 'python']
[0.298s] Level 1:colcon.colcon_core.package_identification:_identify(src/zed-ros2-wrapper/images) by extension 'cmake'
[0.298s] Level 1:colcon.colcon_core.package_identification:_identify(src/zed-ros2-wrapper/images) by extension 'python'
[0.298s] Level 1:colcon.colcon_core.package_identification:_identify(src/zed-ros2-wrapper/images) by extensions ['python_setup_py']
[0.298s] Level 1:colcon.colcon_core.package_identification:_identify(src/zed-ros2-wrapper/images) by extension 'python_setup_py'
[0.298s] Level 1:colcon.colcon_core.package_identification:_identify(src/zed-ros2-wrapper/zed-ros2-interfaces) by extensions ['ignore', 'ignore_ament_install']
[0.298s] Level 1:colcon.colcon_core.package_identification:_identify(src/zed-ros2-wrapper/zed-ros2-interfaces) by extension 'ignore'
[0.298s] Level 1:colcon.colcon_core.package_identification:_identify(src/zed-ros2-wrapper/zed-ros2-interfaces) by extension 'ignore_ament_install'
[0.298s] Level 1:colcon.colcon_core.package_identification:_identify(src/zed-ros2-wrapper/zed-ros2-interfaces) by extensions ['colcon_pkg']
[0.298s] Level 1:colcon.colcon_core.package_identification:_identify(src/zed-ros2-wrapper/zed-ros2-interfaces) by extension 'colcon_pkg'
[0.298s] Level 1:colcon.colcon_core.package_identification:_identify(src/zed-ros2-wrapper/zed-ros2-interfaces) by extensions ['colcon_meta']
[0.298s] Level 1:colcon.colcon_core.package_identification:_identify(src/zed-ros2-wrapper/zed-ros2-interfaces) by extension 'colcon_meta'
[0.298s] Level 1:colcon.colcon_core.package_identification:_identify(src/zed-ros2-wrapper/zed-ros2-interfaces) by extensions ['ros']
[0.298s] Level 1:colcon.colcon_core.package_identification:_identify(src/zed-ros2-wrapper/zed-ros2-interfaces) by extension 'ros'
[0.300s] DEBUG:colcon.colcon_core.package_identification:Package 'src/zed-ros2-wrapper/zed-ros2-interfaces' with type 'ros.ament_cmake' and name 'zed_interfaces'
[0.300s] Level 1:colcon.colcon_core.package_identification:_identify(src/zed-ros2-wrapper/zed_components) by extensions ['ignore', 'ignore_ament_install']
[0.301s] Level 1:colcon.colcon_core.package_identification:_identify(src/zed-ros2-wrapper/zed_components) by extension 'ignore'
[0.301s] Level 1:colcon.colcon_core.package_identification:_identify(src/zed-ros2-wrapper/zed_components) by extension 'ignore_ament_install'
[0.301s] Level 1:colcon.colcon_core.package_identification:_identify(src/zed-ros2-wrapper/zed_components) by extensions ['colcon_pkg']
[0.301s] Level 1:colcon.colcon_core.package_identification:_identify(src/zed-ros2-wrapper/zed_components) by extension 'colcon_pkg'
[0.301s] Level 1:colcon.colcon_core.package_identification:_identify(src/zed-ros2-wrapper/zed_components) by extensions ['colcon_meta']
[0.301s] Level 1:colcon.colcon_core.package_identification:_identify(src/zed-ros2-wrapper/zed_components) by extension 'colcon_meta'
[0.301s] Level 1:colcon.colcon_core.package_identification:_identify(src/zed-ros2-wrapper/zed_components) by extensions ['ros']
[0.301s] Level 1:colcon.colcon_core.package_identification:_identify(src/zed-ros2-wrapper/zed_components) by extension 'ros'
[0.302s] DEBUG:colcon.colcon_core.package_identification:Package 'src/zed-ros2-wrapper/zed_components' with type 'ros.ament_cmake' and name 'zed_components'
[0.302s] Level 1:colcon.colcon_core.package_identification:_identify(src/zed-ros2-wrapper/zed_ros2) by extensions ['ignore', 'ignore_ament_install']
[0.302s] Level 1:colcon.colcon_core.package_identification:_identify(src/zed-ros2-wrapper/zed_ros2) by extension 'ignore'
[0.302s] Level 1:colcon.colcon_core.package_identification:_identify(src/zed-ros2-wrapper/zed_ros2) by extension 'ignore_ament_install'
[0.302s] Level 1:colcon.colcon_core.package_identification:_identify(src/zed-ros2-wrapper/zed_ros2) by extensions ['colcon_pkg']
[0.302s] Level 1:colcon.colcon_core.package_identification:_identify(src/zed-ros2-wrapper/zed_ros2) by extension 'colcon_pkg'
[0.302s] Level 1:colcon.colcon_core.package_identification:_identify(src/zed-ros2-wrapper/zed_ros2) by extensions ['colcon_meta']
[0.302s] Level 1:colcon.colcon_core.package_identification:_identify(src/zed-ros2-wrapper/zed_ros2) by extension 'colcon_meta'
[0.302s] Level 1:colcon.colcon_core.package_identification:_identify(src/zed-ros2-wrapper/zed_ros2) by extensions ['ros']
[0.302s] Level 1:colcon.colcon_core.package_identification:_identify(src/zed-ros2-wrapper/zed_ros2) by extension 'ros'
[0.303s] DEBUG:colcon.colcon_core.package_identification:Package 'src/zed-ros2-wrapper/zed_ros2' with type 'ros.ament_cmake' and name 'zed_ros2'
[0.303s] Level 1:colcon.colcon_core.package_identification:_identify(src/zed-ros2-wrapper/zed_wrapper) by extensions ['ignore', 'ignore_ament_install']
[0.303s] Level 1:colcon.colcon_core.package_identification:_identify(src/zed-ros2-wrapper/zed_wrapper) by extension 'ignore'
[0.303s] Level 1:colcon.colcon_core.package_identification:_identify(src/zed-ros2-wrapper/zed_wrapper) by extension 'ignore_ament_install'
[0.303s] Level 1:colcon.colcon_core.package_identification:_identify(src/zed-ros2-wrapper/zed_wrapper) by extensions ['colcon_pkg']
[0.303s] Level 1:colcon.colcon_core.package_identification:_identify(src/zed-ros2-wrapper/zed_wrapper) by extension 'colcon_pkg'
[0.303s] Level 1:colcon.colcon_core.package_identification:_identify(src/zed-ros2-wrapper/zed_wrapper) by extensions ['colcon_meta']
[0.303s] Level 1:colcon.colcon_core.package_identification:_identify(src/zed-ros2-wrapper/zed_wrapper) by extension 'colcon_meta'
[0.303s] Level 1:colcon.colcon_core.package_identification:_identify(src/zed-ros2-wrapper/zed_wrapper) by extensions ['ros']
[0.303s] Level 1:colcon.colcon_core.package_identification:_identify(src/zed-ros2-wrapper/zed_wrapper) by extension 'ros'
[0.304s] DEBUG:colcon.colcon_core.package_identification:Package 'src/zed-ros2-wrapper/zed_wrapper' with type 'ros.ament_cmake' and name 'zed_wrapper'
[0.304s] Level 1:colcon.colcon_core.package_discovery:discover_packages(recursive) using defaults
[0.304s] Level 1:colcon.colcon_core.package_discovery:discover_packages(ignore) discover
[0.304s] Level 1:colcon.colcon_core.package_discovery:discover_packages(ignore) using defaults
[0.304s] Level 1:colcon.colcon_core.package_discovery:discover_packages(path) discover
[0.304s] Level 1:colcon.colcon_core.package_discovery:discover_packages(path) using defaults
[0.328s] Level 1:colcon.colcon_core.package_discovery:discover_packages(prefix_path) check parameters
[0.328s] Level 1:colcon.colcon_core.package_discovery:discover_packages(prefix_path) discover
[0.329s] WARNING:colcon.colcon_ros.prefix_path.ament:The path '/home/barusu/ros2_ws/install/launch_testing_examples' in the environment variable AMENT_PREFIX_PATH doesn't exist
[0.329s] WARNING:colcon.colcon_ros.prefix_path.ament:The path '/home/barusu/ros2_ws/install/examples_rclpy_pointcloud_publisher' in the environment variable AMENT_PREFIX_PATH doesn't exist
[0.329s] WARNING:colcon.colcon_ros.prefix_path.ament:The path '/home/barusu/ros2_ws/install/examples_rclpy_minimal_subscriber' in the environment variable AMENT_PREFIX_PATH doesn't exist
[0.329s] WARNING:colcon.colcon_ros.prefix_path.ament:The path '/home/barusu/ros2_ws/install/examples_rclpy_minimal_service' in the environment variable AMENT_PREFIX_PATH doesn't exist
[0.329s] WARNING:colcon.colcon_ros.prefix_path.ament:The path '/home/barusu/ros2_ws/install/examples_rclpy_minimal_publisher' in the environment variable AMENT_PREFIX_PATH doesn't exist
[0.329s] WARNING:colcon.colcon_ros.prefix_path.ament:The path '/home/barusu/ros2_ws/install/examples_rclpy_minimal_client' in the environment variable AMENT_PREFIX_PATH doesn't exist
[0.329s] WARNING:colcon.colcon_ros.prefix_path.ament:The path '/home/barusu/ros2_ws/install/examples_rclpy_minimal_action_server' in the environment variable AMENT_PREFIX_PATH doesn't exist
[0.329s] WARNING:colcon.colcon_ros.prefix_path.ament:The path '/home/barusu/ros2_ws/install/examples_rclpy_minimal_action_client' in the environment variable AMENT_PREFIX_PATH doesn't exist
[0.329s] WARNING:colcon.colcon_ros.prefix_path.ament:The path '/home/barusu/ros2_ws/install/examples_rclpy_guard_conditions' in the environment variable AMENT_PREFIX_PATH doesn't exist
[0.329s] WARNING:colcon.colcon_ros.prefix_path.ament:The path '/home/barusu/ros2_ws/install/examples_rclpy_executors' in the environment variable AMENT_PREFIX_PATH doesn't exist
[0.329s] WARNING:colcon.colcon_ros.prefix_path.ament:The path '/home/barusu/ros2_ws/install/examples_rclcpp_wait_set' in the environment variable AMENT_PREFIX_PATH doesn't exist
[0.330s] WARNING:colcon.colcon_ros.prefix_path.ament:The path '/home/barusu/ros2_ws/install/examples_rclcpp_multithreaded_executor' in the environment variable AMENT_PREFIX_PATH doesn't exist
[0.330s] WARNING:colcon.colcon_ros.prefix_path.ament:The path '/home/barusu/ros2_ws/install/examples_rclcpp_minimal_timer' in the environment variable AMENT_PREFIX_PATH doesn't exist
[0.330s] WARNING:colcon.colcon_ros.prefix_path.ament:The path '/home/barusu/ros2_ws/install/examples_rclcpp_minimal_subscriber' in the environment variable AMENT_PREFIX_PATH doesn't exist
[0.330s] WARNING:colcon.colcon_ros.prefix_path.ament:The path '/home/barusu/ros2_ws/install/examples_rclcpp_minimal_service' in the environment variable AMENT_PREFIX_PATH doesn't exist
[0.330s] WARNING:colcon.colcon_ros.prefix_path.ament:The path '/home/barusu/ros2_ws/install/examples_rclcpp_minimal_publisher' in the environment variable AMENT_PREFIX_PATH doesn't exist
[0.330s] WARNING:colcon.colcon_ros.prefix_path.ament:The path '/home/barusu/ros2_ws/install/examples_rclcpp_minimal_composition' in the environment variable AMENT_PREFIX_PATH doesn't exist
[0.330s] WARNING:colcon.colcon_ros.prefix_path.ament:The path '/home/barusu/ros2_ws/install/examples_rclcpp_minimal_client' in the environment variable AMENT_PREFIX_PATH doesn't exist
[0.330s] WARNING:colcon.colcon_ros.prefix_path.ament:The path '/home/barusu/ros2_ws/install/examples_rclcpp_minimal_action_server' in the environment variable AMENT_PREFIX_PATH doesn't exist
[0.330s] WARNING:colcon.colcon_ros.prefix_path.ament:The path '/home/barusu/ros2_ws/install/examples_rclcpp_minimal_action_client' in the environment variable AMENT_PREFIX_PATH doesn't exist
[0.330s] WARNING:colcon.colcon_ros.prefix_path.ament:The path '/home/barusu/ros2_ws/install/examples_rclcpp_cbg_executor' in the environment variable AMENT_PREFIX_PATH doesn't exist
[0.330s] WARNING:colcon.colcon_ros.prefix_path.ament:The path '/home/barusu/ros2_ws/install/examples_rclcpp_async_client' in the environment variable AMENT_PREFIX_PATH doesn't exist
[0.330s] WARNING:colcon.colcon_ros.prefix_path.catkin:The path '/home/barusu/ros2_ws/install/examples_rclcpp_wait_set' in the environment variable CMAKE_PREFIX_PATH doesn't exist
[0.330s] WARNING:colcon.colcon_ros.prefix_path.catkin:The path '/home/barusu/ros2_ws/install/examples_rclcpp_multithreaded_executor' in the environment variable CMAKE_PREFIX_PATH doesn't exist
[0.330s] WARNING:colcon.colcon_ros.prefix_path.catkin:The path '/home/barusu/ros2_ws/install/examples_rclcpp_minimal_timer' in the environment variable CMAKE_PREFIX_PATH doesn't exist
[0.330s] WARNING:colcon.colcon_ros.prefix_path.catkin:The path '/home/barusu/ros2_ws/install/examples_rclcpp_minimal_subscriber' in the environment variable CMAKE_PREFIX_PATH doesn't exist
[0.330s] WARNING:colcon.colcon_ros.prefix_path.catkin:The path '/home/barusu/ros2_ws/install/examples_rclcpp_minimal_service' in the environment variable CMAKE_PREFIX_PATH doesn't exist
[0.330s] WARNING:colcon.colcon_ros.prefix_path.catkin:The path '/home/barusu/ros2_ws/install/examples_rclcpp_minimal_publisher' in the environment variable CMAKE_PREFIX_PATH doesn't exist
[0.330s] WARNING:colcon.colcon_ros.prefix_path.catkin:The path '/home/barusu/ros2_ws/install/examples_rclcpp_minimal_composition' in the environment variable CMAKE_PREFIX_PATH doesn't exist
[0.330s] WARNING:colcon.colcon_ros.prefix_path.catkin:The path '/home/barusu/ros2_ws/install/examples_rclcpp_minimal_client' in the environment variable CMAKE_PREFIX_PATH doesn't exist
[0.330s] WARNING:colcon.colcon_ros.prefix_path.catkin:The path '/home/barusu/ros2_ws/install/examples_rclcpp_minimal_action_server' in the environment variable CMAKE_PREFIX_PATH doesn't exist
[0.330s] WARNING:colcon.colcon_ros.prefix_path.catkin:The path '/home/barusu/ros2_ws/install/examples_rclcpp_minimal_action_client' in the environment variable CMAKE_PREFIX_PATH doesn't exist
[0.330s] WARNING:colcon.colcon_ros.prefix_path.catkin:The path '/home/barusu/ros2_ws/install/examples_rclcpp_cbg_executor' in the environment variable CMAKE_PREFIX_PATH doesn't exist
[0.330s] WARNING:colcon.colcon_ros.prefix_path.catkin:The path '/home/barusu/ros2_ws/install/examples_rclcpp_async_client' in the environment variable CMAKE_PREFIX_PATH doesn't exist
[0.331s] DEBUG:colcon.colcon_installed_package_information.package_discovery:Found 0 installed packages in /home/barusu/ros2_ws/install
[0.333s] DEBUG:colcon.colcon_installed_package_information.package_discovery:Found 279 installed packages in /opt/ros/humble
[0.334s] Level 1:colcon.colcon_core.package_discovery:discover_packages(prefix_path) using defaults
[0.387s] Level 5:colcon.colcon_core.verb:set package 'zed_interfaces' build argument 'cmake_args' from command line to '['-DCMAKE_BUILD_TYPE=Release']'
[0.388s] Level 5:colcon.colcon_core.verb:set package 'zed_interfaces' build argument 'cmake_target' from command line to 'None'
[0.388s] Level 5:colcon.colcon_core.verb:set package 'zed_interfaces' build argument 'cmake_target_skip_unavailable' from command line to 'False'
[0.388s] Level 5:colcon.colcon_core.verb:set package 'zed_interfaces' build argument 'cmake_clean_cache' from command line to 'False'
[0.388s] Level 5:colcon.colcon_core.verb:set package 'zed_interfaces' build argument 'cmake_clean_first' from command line to 'False'
[0.388s] Level 5:colcon.colcon_core.verb:set package 'zed_interfaces' build argument 'cmake_force_configure' from command line to 'False'
[0.388s] Level 5:colcon.colcon_core.verb:set package 'zed_interfaces' build argument 'ament_cmake_args' from command line to 'None'
[0.388s] Level 5:colcon.colcon_core.verb:set package 'zed_interfaces' build argument 'catkin_cmake_args' from command line to 'None'
[0.388s] Level 5:colcon.colcon_core.verb:set package 'zed_interfaces' build argument 'catkin_skip_building_tests' from command line to 'False'
[0.388s] DEBUG:colcon.colcon_core.verb:Building package 'zed_interfaces' with the following arguments: {'ament_cmake_args': None, 'build_base': '/home/barusu/ros2_ws/build/zed_interfaces', 'catkin_cmake_args': None, 'catkin_skip_building_tests': False, 'cmake_args': ['-DCMAKE_BUILD_TYPE=Release'], 'cmake_clean_cache': False, 'cmake_clean_first': False, 'cmake_force_configure': False, 'cmake_target': None, 'cmake_target_skip_unavailable': False, 'install_base': '/home/barusu/ros2_ws/install/zed_interfaces', 'merge_install': False, 'path': '/home/barusu/ros2_ws/src/zed-ros2-wrapper/zed-ros2-interfaces', 'symlink_install': True, 'test_result_base': None}
[0.389s] Level 5:colcon.colcon_core.verb:set package 'zed_components' build argument 'cmake_args' from command line to '['-DCMAKE_BUILD_TYPE=Release']'
[0.389s] Level 5:colcon.colcon_core.verb:set package 'zed_components' build argument 'cmake_target' from command line to 'None'
[0.389s] Level 5:colcon.colcon_core.verb:set package 'zed_components' build argument 'cmake_target_skip_unavailable' from command line to 'False'
[0.389s] Level 5:colcon.colcon_core.verb:set package 'zed_components' build argument 'cmake_clean_cache' from command line to 'False'
[0.389s] Level 5:colcon.colcon_core.verb:set package 'zed_components' build argument 'cmake_clean_first' from command line to 'False'
[0.389s] Level 5:colcon.colcon_core.verb:set package 'zed_components' build argument 'cmake_force_configure' from command line to 'False'
[0.389s] Level 5:colcon.colcon_core.verb:set package 'zed_components' build argument 'ament_cmake_args' from command line to 'None'
[0.389s] Level 5:colcon.colcon_core.verb:set package 'zed_components' build argument 'catkin_cmake_args' from command line to 'None'
[0.389s] Level 5:colcon.colcon_core.verb:set package 'zed_components' build argument 'catkin_skip_building_tests' from command line to 'False'
[0.389s] DEBUG:colcon.colcon_core.verb:Building package 'zed_components' with the following arguments: {'ament_cmake_args': None, 'build_base': '/home/barusu/ros2_ws/build/zed_components', 'catkin_cmake_args': None, 'catkin_skip_building_tests': False, 'cmake_args': ['-DCMAKE_BUILD_TYPE=Release'], 'cmake_clean_cache': False, 'cmake_clean_first': False, 'cmake_force_configure': False, 'cmake_target': None, 'cmake_target_skip_unavailable': False, 'install_base': '/home/barusu/ros2_ws/install/zed_components', 'merge_install': False, 'path': '/home/barusu/ros2_ws/src/zed-ros2-wrapper/zed_components', 'symlink_install': True, 'test_result_base': None}
[0.390s] Level 5:colcon.colcon_core.verb:set package 'zed_wrapper' build argument 'cmake_args' from command line to '['-DCMAKE_BUILD_TYPE=Release']'
[0.390s] Level 5:colcon.colcon_core.verb:set package 'zed_wrapper' build argument 'cmake_target' from command line to 'None'
[0.390s] Level 5:colcon.colcon_core.verb:set package 'zed_wrapper' build argument 'cmake_target_skip_unavailable' from command line to 'False'
[0.390s] Level 5:colcon.colcon_core.verb:set package 'zed_wrapper' build argument 'cmake_clean_cache' from command line to 'False'
[0.390s] Level 5:colcon.colcon_core.verb:set package 'zed_wrapper' build argument 'cmake_clean_first' from command line to 'False'
[0.390s] Level 5:colcon.colcon_core.verb:set package 'zed_wrapper' build argument 'cmake_force_configure' from command line to 'False'
[0.390s] Level 5:colcon.colcon_core.verb:set package 'zed_wrapper' build argument 'ament_cmake_args' from command line to 'None'
[0.390s] Level 5:colcon.colcon_core.verb:set package 'zed_wrapper' build argument 'catkin_cmake_args' from command line to 'None'
[0.390s] Level 5:colcon.colcon_core.verb:set package 'zed_wrapper' build argument 'catkin_skip_building_tests' from command line to 'False'
[0.390s] DEBUG:colcon.colcon_core.verb:Building package 'zed_wrapper' with the following arguments: {'ament_cmake_args': None, 'build_base': '/home/barusu/ros2_ws/build/zed_wrapper', 'catkin_cmake_args': None, 'catkin_skip_building_tests': False, 'cmake_args': ['-DCMAKE_BUILD_TYPE=Release'], 'cmake_clean_cache': False, 'cmake_clean_first': False, 'cmake_force_configure': False, 'cmake_target': None, 'cmake_target_skip_unavailable': False, 'install_base': '/home/barusu/ros2_ws/install/zed_wrapper', 'merge_install': False, 'path': '/home/barusu/ros2_ws/src/zed-ros2-wrapper/zed_wrapper', 'symlink_install': True, 'test_result_base': None}
[0.391s] Level 5:colcon.colcon_core.verb:set package 'zed_ros2' build argument 'cmake_args' from command line to '['-DCMAKE_BUILD_TYPE=Release']'
[0.391s] Level 5:colcon.colcon_core.verb:set package 'zed_ros2' build argument 'cmake_target' from command line to 'None'
[0.391s] Level 5:colcon.colcon_core.verb:set package 'zed_ros2' build argument 'cmake_target_skip_unavailable' from command line to 'False'
[0.391s] Level 5:colcon.colcon_core.verb:set package 'zed_ros2' build argument 'cmake_clean_cache' from command line to 'False'
[0.391s] Level 5:colcon.colcon_core.verb:set package 'zed_ros2' build argument 'cmake_clean_first' from command line to 'False'
[0.391s] Level 5:colcon.colcon_core.verb:set package 'zed_ros2' build argument 'cmake_force_configure' from command line to 'False'
[0.391s] Level 5:colcon.colcon_core.verb:set package 'zed_ros2' build argument 'ament_cmake_args' from command line to 'None'
[0.391s] Level 5:colcon.colcon_core.verb:set package 'zed_ros2' build argument 'catkin_cmake_args' from command line to 'None'
[0.391s] Level 5:colcon.colcon_core.verb:set package 'zed_ros2' build argument 'catkin_skip_building_tests' from command line to 'False'
[0.391s] DEBUG:colcon.colcon_core.verb:Building package 'zed_ros2' with the following arguments: {'ament_cmake_args': None, 'build_base': '/home/barusu/ros2_ws/build/zed_ros2', 'catkin_cmake_args': None, 'catkin_skip_building_tests': False, 'cmake_args': ['-DCMAKE_BUILD_TYPE=Release'], 'cmake_clean_cache': False, 'cmake_clean_first': False, 'cmake_force_configure': False, 'cmake_target': None, 'cmake_target_skip_unavailable': False, 'install_base': '/home/barusu/ros2_ws/install/zed_ros2', 'merge_install': False, 'path': '/home/barusu/ros2_ws/src/zed-ros2-wrapper/zed_ros2', 'symlink_install': True, 'test_result_base': None}
[0.392s] INFO:colcon.colcon_core.executor:Executing jobs using 'parallel' executor
[0.395s] DEBUG:colcon.colcon_parallel_executor.executor.parallel:run_until_complete
[0.395s] INFO:colcon.colcon_ros.task.ament_cmake.build:Building ROS package in '/home/barusu/ros2_ws/src/zed-ros2-wrapper/zed-ros2-interfaces' with build type 'ament_cmake'
[0.395s] INFO:colcon.colcon_cmake.task.cmake.build:Building CMake package in '/home/barusu/ros2_ws/src/zed-ros2-wrapper/zed-ros2-interfaces'
[0.399s] INFO:colcon.colcon_core.plugin_system:Skipping extension 'colcon_core.shell.bat': Not used on non-Windows systems
[0.399s] INFO:colcon.colcon_core.shell:Skip shell extension 'powershell' for command environment: Not usable outside of PowerShell
[0.399s] DEBUG:colcon.colcon_core.shell:Skip shell extension 'dsv' for command environment
[0.414s] DEBUG:colcon.colcon_core.event_handler.log_command:Invoking command in '/home/barusu/ros2_ws/build/zed_interfaces': CMAKE_PREFIX_PATH=${CMAKE_PREFIX_PATH}:/home/barusu/ros2_ws/install/launch_testing_examples:/home/barusu/ros2_ws/install/examples_rclpy_pointcloud_publisher:/home/barusu/ros2_ws/install/examples_rclpy_minimal_subscriber:/home/barusu/ros2_ws/install/examples_rclpy_minimal_service:/home/barusu/ros2_ws/install/examples_rclpy_minimal_publisher:/home/barusu/ros2_ws/install/examples_rclpy_minimal_client:/home/barusu/ros2_ws/install/examples_rclpy_minimal_action_server:/home/barusu/ros2_ws/install/examples_rclpy_minimal_action_client:/home/barusu/ros2_ws/install/examples_rclpy_guard_conditions:/home/barusu/ros2_ws/install/examples_rclpy_executors:/opt/ros/humble /home/barusu/.local/bin/cmake /home/barusu/ros2_ws/src/zed-ros2-wrapper/zed-ros2-interfaces -DCMAKE_BUILD_TYPE=Release -DAMENT_CMAKE_SYMLINK_INSTALL=1 -DCMAKE_INSTALL_PREFIX=/home/barusu/ros2_ws/install/zed_interfaces
[2.693s] DEBUG:colcon.colcon_core.event_handler.log_command:Invoked command in '/home/barusu/ros2_ws/build/zed_interfaces' returned '0': CMAKE_PREFIX_PATH=${CMAKE_PREFIX_PATH}:/home/barusu/ros2_ws/install/launch_testing_examples:/home/barusu/ros2_ws/install/examples_rclpy_pointcloud_publisher:/home/barusu/ros2_ws/install/examples_rclpy_minimal_subscriber:/home/barusu/ros2_ws/install/examples_rclpy_minimal_service:/home/barusu/ros2_ws/install/examples_rclpy_minimal_publisher:/home/barusu/ros2_ws/install/examples_rclpy_minimal_client:/home/barusu/ros2_ws/install/examples_rclpy_minimal_action_server:/home/barusu/ros2_ws/install/examples_rclpy_minimal_action_client:/home/barusu/ros2_ws/install/examples_rclpy_guard_conditions:/home/barusu/ros2_ws/install/examples_rclpy_executors:/opt/ros/humble /home/barusu/.local/bin/cmake /home/barusu/ros2_ws/src/zed-ros2-wrapper/zed-ros2-interfaces -DCMAKE_BUILD_TYPE=Release -DAMENT_CMAKE_SYMLINK_INSTALL=1 -DCMAKE_INSTALL_PREFIX=/home/barusu/ros2_ws/install/zed_interfaces
[2.695s] DEBUG:colcon.colcon_core.event_handler.log_command:Invoking command in '/home/barusu/ros2_ws/build/zed_interfaces': CMAKE_PREFIX_PATH=${CMAKE_PREFIX_PATH}:/home/barusu/ros2_ws/install/launch_testing_examples:/home/barusu/ros2_ws/install/examples_rclpy_pointcloud_publisher:/home/barusu/ros2_ws/install/examples_rclpy_minimal_subscriber:/home/barusu/ros2_ws/install/examples_rclpy_minimal_service:/home/barusu/ros2_ws/install/examples_rclpy_minimal_publisher:/home/barusu/ros2_ws/install/examples_rclpy_minimal_client:/home/barusu/ros2_ws/install/examples_rclpy_minimal_action_server:/home/barusu/ros2_ws/install/examples_rclpy_minimal_action_client:/home/barusu/ros2_ws/install/examples_rclpy_guard_conditions:/home/barusu/ros2_ws/install/examples_rclpy_executors:/opt/ros/humble /home/barusu/.local/bin/cmake --build /home/barusu/ros2_ws/build/zed_interfaces -- -j8 -l8
[18.421s] DEBUG:colcon.colcon_core.event_handler.log_command:Invoked command in '/home/barusu/ros2_ws/build/zed_interfaces' returned '0': CMAKE_PREFIX_PATH=${CMAKE_PREFIX_PATH}:/home/barusu/ros2_ws/install/launch_testing_examples:/home/barusu/ros2_ws/install/examples_rclpy_pointcloud_publisher:/home/barusu/ros2_ws/install/examples_rclpy_minimal_subscriber:/home/barusu/ros2_ws/install/examples_rclpy_minimal_service:/home/barusu/ros2_ws/install/examples_rclpy_minimal_publisher:/home/barusu/ros2_ws/install/examples_rclpy_minimal_client:/home/barusu/ros2_ws/install/examples_rclpy_minimal_action_server:/home/barusu/ros2_ws/install/examples_rclpy_minimal_action_client:/home/barusu/ros2_ws/install/examples_rclpy_guard_conditions:/home/barusu/ros2_ws/install/examples_rclpy_executors:/opt/ros/humble /home/barusu/.local/bin/cmake --build /home/barusu/ros2_ws/build/zed_interfaces -- -j8 -l8
[18.804s] DEBUG:colcon.colcon_core.event_handler.log_command:Invoking command in '/home/barusu/ros2_ws/build/zed_interfaces': CMAKE_PREFIX_PATH=${CMAKE_PREFIX_PATH}:/home/barusu/ros2_ws/install/launch_testing_examples:/home/barusu/ros2_ws/install/examples_rclpy_pointcloud_publisher:/home/barusu/ros2_ws/install/examples_rclpy_minimal_subscriber:/home/barusu/ros2_ws/install/examples_rclpy_minimal_service:/home/barusu/ros2_ws/install/examples_rclpy_minimal_publisher:/home/barusu/ros2_ws/install/examples_rclpy_minimal_client:/home/barusu/ros2_ws/install/examples_rclpy_minimal_action_server:/home/barusu/ros2_ws/install/examples_rclpy_minimal_action_client:/home/barusu/ros2_ws/install/examples_rclpy_guard_conditions:/home/barusu/ros2_ws/install/examples_rclpy_executors:/opt/ros/humble /home/barusu/.local/bin/cmake --install /home/barusu/ros2_ws/build/zed_interfaces
[19.721s] Level 1:colcon.colcon_core.environment:create_environment_scripts_only(zed_interfaces)
[19.722s] DEBUG:colcon.colcon_core.event_handler.log_command:Invoked command in '/home/barusu/ros2_ws/build/zed_interfaces' returned '0': CMAKE_PREFIX_PATH=${CMAKE_PREFIX_PATH}:/home/barusu/ros2_ws/install/launch_testing_examples:/home/barusu/ros2_ws/install/examples_rclpy_pointcloud_publisher:/home/barusu/ros2_ws/install/examples_rclpy_minimal_subscriber:/home/barusu/ros2_ws/install/examples_rclpy_minimal_service:/home/barusu/ros2_ws/install/examples_rclpy_minimal_publisher:/home/barusu/ros2_ws/install/examples_rclpy_minimal_client:/home/barusu/ros2_ws/install/examples_rclpy_minimal_action_server:/home/barusu/ros2_ws/install/examples_rclpy_minimal_action_client:/home/barusu/ros2_ws/install/examples_rclpy_guard_conditions:/home/barusu/ros2_ws/install/examples_rclpy_executors:/opt/ros/humble /home/barusu/.local/bin/cmake --install /home/barusu/ros2_ws/build/zed_interfaces
[19.725s] Level 1:colcon.colcon_core.environment:checking '/home/barusu/ros2_ws/install/zed_interfaces' for CMake module files
[19.726s] Level 1:colcon.colcon_core.environment:checking '/home/barusu/ros2_ws/install/zed_interfaces' for CMake config files
[19.727s] Level 1:colcon.colcon_core.shell:create_environment_hook('zed_interfaces', 'cmake_prefix_path')
[19.728s] INFO:colcon.colcon_core.shell:Creating environment hook '/home/barusu/ros2_ws/install/zed_interfaces/share/zed_interfaces/hook/cmake_prefix_path.ps1'
[19.728s] INFO:colcon.colcon_core.shell:Creating environment descriptor '/home/barusu/ros2_ws/install/zed_interfaces/share/zed_interfaces/hook/cmake_prefix_path.dsv'
[19.729s] INFO:colcon.colcon_core.shell:Creating environment hook '/home/barusu/ros2_ws/install/zed_interfaces/share/zed_interfaces/hook/cmake_prefix_path.sh'
[19.729s] Level 1:colcon.colcon_core.environment:checking '/home/barusu/ros2_ws/install/zed_interfaces/lib'
[19.729s] Level 1:colcon.colcon_core.shell:create_environment_hook('zed_interfaces', 'ld_library_path_lib')
[19.730s] INFO:colcon.colcon_core.shell:Creating environment hook '/home/barusu/ros2_ws/install/zed_interfaces/share/zed_interfaces/hook/ld_library_path_lib.ps1'
[19.731s] INFO:colcon.colcon_core.shell:Creating environment descriptor '/home/barusu/ros2_ws/install/zed_interfaces/share/zed_interfaces/hook/ld_library_path_lib.dsv'
[19.731s] INFO:colcon.colcon_core.shell:Creating environment hook '/home/barusu/ros2_ws/install/zed_interfaces/share/zed_interfaces/hook/ld_library_path_lib.sh'
[19.731s] Level 1:colcon.colcon_core.environment:checking '/home/barusu/ros2_ws/install/zed_interfaces/bin'
[19.731s] Level 1:colcon.colcon_core.environment:checking '/home/barusu/ros2_ws/install/zed_interfaces/lib/pkgconfig/zed_interfaces.pc'
[19.731s] Level 1:colcon.colcon_core.environment:checking '/home/barusu/ros2_ws/install/zed_interfaces/lib/python3.10/site-packages'
[19.732s] Level 1:colcon.colcon_core.environment:checking '/home/barusu/ros2_ws/install/zed_interfaces/bin'
[19.733s] INFO:colcon.colcon_core.shell:Creating package script '/home/barusu/ros2_ws/install/zed_interfaces/share/zed_interfaces/package.ps1'
[19.733s] INFO:colcon.colcon_core.shell:Creating package descriptor '/home/barusu/ros2_ws/install/zed_interfaces/share/zed_interfaces/package.dsv'
[19.734s] INFO:colcon.colcon_core.shell:Creating package script '/home/barusu/ros2_ws/install/zed_interfaces/share/zed_interfaces/package.sh'
[19.734s] INFO:colcon.colcon_core.shell:Creating package script '/home/barusu/ros2_ws/install/zed_interfaces/share/zed_interfaces/package.bash'
[19.735s] INFO:colcon.colcon_core.shell:Creating package script '/home/barusu/ros2_ws/install/zed_interfaces/share/zed_interfaces/package.zsh'
[19.735s] Level 1:colcon.colcon_core.environment:create_file_with_runtime_dependencies(/home/barusu/ros2_ws/install/zed_interfaces/share/colcon-core/packages/zed_interfaces)
[20.092s] Level 1:colcon.colcon_core.environment:create_environment_scripts_only(zed_interfaces)
[20.094s] Level 1:colcon.colcon_core.environment:checking '/home/barusu/ros2_ws/install/zed_interfaces' for CMake module files
[20.095s] Level 1:colcon.colcon_core.environment:checking '/home/barusu/ros2_ws/install/zed_interfaces' for CMake config files
[20.096s] Level 1:colcon.colcon_core.shell:create_environment_hook('zed_interfaces', 'cmake_prefix_path')
[20.097s] INFO:colcon.colcon_core.shell:Creating environment hook '/home/barusu/ros2_ws/install/zed_interfaces/share/zed_interfaces/hook/cmake_prefix_path.ps1'
[20.097s] INFO:colcon.colcon_core.shell:Creating environment descriptor '/home/barusu/ros2_ws/install/zed_interfaces/share/zed_interfaces/hook/cmake_prefix_path.dsv'
[20.098s] INFO:colcon.colcon_core.shell:Creating environment hook '/home/barusu/ros2_ws/install/zed_interfaces/share/zed_interfaces/hook/cmake_prefix_path.sh'
[20.098s] Level 1:colcon.colcon_core.environment:checking '/home/barusu/ros2_ws/install/zed_interfaces/lib'
[20.098s] Level 1:colcon.colcon_core.shell:create_environment_hook('zed_interfaces', 'ld_library_path_lib')
[20.099s] INFO:colcon.colcon_core.shell:Creating environment hook '/home/barusu/ros2_ws/install/zed_interfaces/share/zed_interfaces/hook/ld_library_path_lib.ps1'
[20.100s] INFO:colcon.colcon_core.shell:Creating environment descriptor '/home/barusu/ros2_ws/install/zed_interfaces/share/zed_interfaces/hook/ld_library_path_lib.dsv'
[20.100s] INFO:colcon.colcon_core.shell:Creating environment hook '/home/barusu/ros2_ws/install/zed_interfaces/share/zed_interfaces/hook/ld_library_path_lib.sh'
[20.100s] Level 1:colcon.colcon_core.environment:checking '/home/barusu/ros2_ws/install/zed_interfaces/bin'
[20.100s] Level 1:colcon.colcon_core.environment:checking '/home/barusu/ros2_ws/install/zed_interfaces/lib/pkgconfig/zed_interfaces.pc'
[20.101s] Level 1:colcon.colcon_core.environment:checking '/home/barusu/ros2_ws/install/zed_interfaces/lib/python3.10/site-packages'
[20.101s] Level 1:colcon.colcon_core.environment:checking '/home/barusu/ros2_ws/install/zed_interfaces/bin'
[20.102s] INFO:colcon.colcon_core.shell:Creating package script '/home/barusu/ros2_ws/install/zed_interfaces/share/zed_interfaces/package.ps1'
[20.103s] INFO:colcon.colcon_core.shell:Creating package descriptor '/home/barusu/ros2_ws/install/zed_interfaces/share/zed_interfaces/package.dsv'
[20.103s] INFO:colcon.colcon_core.shell:Creating package script '/home/barusu/ros2_ws/install/zed_interfaces/share/zed_interfaces/package.sh'
[20.103s] INFO:colcon.colcon_core.shell:Creating package script '/home/barusu/ros2_ws/install/zed_interfaces/share/zed_interfaces/package.bash'
[20.104s] INFO:colcon.colcon_core.shell:Creating package script '/home/barusu/ros2_ws/install/zed_interfaces/share/zed_interfaces/package.zsh'
[20.104s] Level 1:colcon.colcon_core.environment:create_file_with_runtime_dependencies(/home/barusu/ros2_ws/install/zed_interfaces/share/colcon-core/packages/zed_interfaces)
[20.104s] INFO:colcon.colcon_ros.task.ament_cmake.build:Building ROS package in '/home/barusu/ros2_ws/src/zed-ros2-wrapper/zed_components' with build type 'ament_cmake'
[20.105s] INFO:colcon.colcon_cmake.task.cmake.build:Building CMake package in '/home/barusu/ros2_ws/src/zed-ros2-wrapper/zed_components'
[20.106s] INFO:colcon.colcon_core.shell:Skip shell extension 'powershell' for command environment: Not usable outside of PowerShell
[20.106s] DEBUG:colcon.colcon_core.shell:Skip shell extension 'dsv' for command environment
[20.116s] DEBUG:colcon.colcon_core.event_handler.log_command:Invoking command in '/home/barusu/ros2_ws/build/zed_components': AMENT_PREFIX_PATH=/home/barusu/ros2_ws/install/zed_interfaces:${AMENT_PREFIX_PATH} CMAKE_PREFIX_PATH=/home/barusu/ros2_ws/install/zed_interfaces:/home/barusu/ros2_ws/install/examples_rclcpp_wait_set:/home/barusu/ros2_ws/install/examples_rclcpp_multithreaded_executor:/home/barusu/ros2_ws/install/examples_rclcpp_minimal_timer:/home/barusu/ros2_ws/install/examples_rclcpp_minimal_subscriber:/home/barusu/ros2_ws/install/examples_rclcpp_minimal_service:/home/barusu/ros2_ws/install/examples_rclcpp_minimal_publisher:/home/barusu/ros2_ws/install/examples_rclcpp_minimal_composition:/home/barusu/ros2_ws/install/examples_rclcpp_minimal_client:/home/barusu/ros2_ws/install/examples_rclcpp_minimal_action_server:/home/barusu/ros2_ws/install/examples_rclcpp_minimal_action_client:/home/barusu/ros2_ws/install/examples_rclcpp_cbg_executor:/home/barusu/ros2_ws/install/examples_rclcpp_async_client:/home/barusu/ros2_ws/install/launch_testing_examples:/home/barusu/ros2_ws/install/examples_rclpy_pointcloud_publisher:/home/barusu/ros2_ws/install/examples_rclpy_minimal_subscriber:/home/barusu/ros2_ws/install/examples_rclpy_minimal_service:/home/barusu/ros2_ws/install/examples_rclpy_minimal_publisher:/home/barusu/ros2_ws/install/examples_rclpy_minimal_client:/home/barusu/ros2_ws/install/examples_rclpy_minimal_action_server:/home/barusu/ros2_ws/install/examples_rclpy_minimal_action_client:/home/barusu/ros2_ws/install/examples_rclpy_guard_conditions:/home/barusu/ros2_ws/install/examples_rclpy_executors:/opt/ros/humble LD_LIBRARY_PATH=/home/barusu/ros2_ws/install/zed_interfaces/lib:${LD_LIBRARY_PATH} PYTHONPATH=/home/barusu/ros2_ws/install/zed_interfaces/local/lib/python3.10/dist-packages:${PYTHONPATH} /home/barusu/.local/bin/cmake /home/barusu/ros2_ws/src/zed-ros2-wrapper/zed_components -DCMAKE_BUILD_TYPE=Release -DAMENT_CMAKE_SYMLINK_INSTALL=1 -DCMAKE_INSTALL_PREFIX=/home/barusu/ros2_ws/install/zed_components
[23.864s] DEBUG:colcon.colcon_core.event_handler.log_command:Invoked command in '/home/barusu/ros2_ws/build/zed_components' returned '0': AMENT_PREFIX_PATH=/home/barusu/ros2_ws/install/zed_interfaces:${AMENT_PREFIX_PATH} CMAKE_PREFIX_PATH=/home/barusu/ros2_ws/install/zed_interfaces:/home/barusu/ros2_ws/install/examples_rclcpp_wait_set:/home/barusu/ros2_ws/install/examples_rclcpp_multithreaded_executor:/home/barusu/ros2_ws/install/examples_rclcpp_minimal_timer:/home/barusu/ros2_ws/install/examples_rclcpp_minimal_subscriber:/home/barusu/ros2_ws/install/examples_rclcpp_minimal_service:/home/barusu/ros2_ws/install/examples_rclcpp_minimal_publisher:/home/barusu/ros2_ws/install/examples_rclcpp_minimal_composition:/home/barusu/ros2_ws/install/examples_rclcpp_minimal_client:/home/barusu/ros2_ws/install/examples_rclcpp_minimal_action_server:/home/barusu/ros2_ws/install/examples_rclcpp_minimal_action_client:/home/barusu/ros2_ws/install/examples_rclcpp_cbg_executor:/home/barusu/ros2_ws/install/examples_rclcpp_async_client:/home/barusu/ros2_ws/install/launch_testing_examples:/home/barusu/ros2_ws/install/examples_rclpy_pointcloud_publisher:/home/barusu/ros2_ws/install/examples_rclpy_minimal_subscriber:/home/barusu/ros2_ws/install/examples_rclpy_minimal_service:/home/barusu/ros2_ws/install/examples_rclpy_minimal_publisher:/home/barusu/ros2_ws/install/examples_rclpy_minimal_client:/home/barusu/ros2_ws/install/examples_rclpy_minimal_action_server:/home/barusu/ros2_ws/install/examples_rclpy_minimal_action_client:/home/barusu/ros2_ws/install/examples_rclpy_guard_conditions:/home/barusu/ros2_ws/install/examples_rclpy_executors:/opt/ros/humble LD_LIBRARY_PATH=/home/barusu/ros2_ws/install/zed_interfaces/lib:${LD_LIBRARY_PATH} PYTHONPATH=/home/barusu/ros2_ws/install/zed_interfaces/local/lib/python3.10/dist-packages:${PYTHONPATH} /home/barusu/.local/bin/cmake /home/barusu/ros2_ws/src/zed-ros2-wrapper/zed_components -DCMAKE_BUILD_TYPE=Release -DAMENT_CMAKE_SYMLINK_INSTALL=1 -DCMAKE_INSTALL_PREFIX=/home/barusu/ros2_ws/install/zed_components
[23.866s] DEBUG:colcon.colcon_core.event_handler.log_command:Invoking command in '/home/barusu/ros2_ws/build/zed_components': AMENT_PREFIX_PATH=/home/barusu/ros2_ws/install/zed_interfaces:${AMENT_PREFIX_PATH} CMAKE_PREFIX_PATH=/home/barusu/ros2_ws/install/zed_interfaces:/home/barusu/ros2_ws/install/examples_rclcpp_wait_set:/home/barusu/ros2_ws/install/examples_rclcpp_multithreaded_executor:/home/barusu/ros2_ws/install/examples_rclcpp_minimal_timer:/home/barusu/ros2_ws/install/examples_rclcpp_minimal_subscriber:/home/barusu/ros2_ws/install/examples_rclcpp_minimal_service:/home/barusu/ros2_ws/install/examples_rclcpp_minimal_publisher:/home/barusu/ros2_ws/install/examples_rclcpp_minimal_composition:/home/barusu/ros2_ws/install/examples_rclcpp_minimal_client:/home/barusu/ros2_ws/install/examples_rclcpp_minimal_action_server:/home/barusu/ros2_ws/install/examples_rclcpp_minimal_action_client:/home/barusu/ros2_ws/install/examples_rclcpp_cbg_executor:/home/barusu/ros2_ws/install/examples_rclcpp_async_client:/home/barusu/ros2_ws/install/launch_testing_examples:/home/barusu/ros2_ws/install/examples_rclpy_pointcloud_publisher:/home/barusu/ros2_ws/install/examples_rclpy_minimal_subscriber:/home/barusu/ros2_ws/install/examples_rclpy_minimal_service:/home/barusu/ros2_ws/install/examples_rclpy_minimal_publisher:/home/barusu/ros2_ws/install/examples_rclpy_minimal_client:/home/barusu/ros2_ws/install/examples_rclpy_minimal_action_server:/home/barusu/ros2_ws/install/examples_rclpy_minimal_action_client:/home/barusu/ros2_ws/install/examples_rclpy_guard_conditions:/home/barusu/ros2_ws/install/examples_rclpy_executors:/opt/ros/humble LD_LIBRARY_PATH=/home/barusu/ros2_ws/install/zed_interfaces/lib:${LD_LIBRARY_PATH} PYTHONPATH=/home/barusu/ros2_ws/install/zed_interfaces/local/lib/python3.10/dist-packages:${PYTHONPATH} /home/barusu/.local/bin/cmake --build /home/barusu/ros2_ws/build/zed_components -- -j8 -l8
[78.403s] DEBUG:colcon.colcon_core.event_handler.log_command:Invoked command in '/home/barusu/ros2_ws/build/zed_components' returned '0': AMENT_PREFIX_PATH=/home/barusu/ros2_ws/install/zed_interfaces:${AMENT_PREFIX_PATH} CMAKE_PREFIX_PATH=/home/barusu/ros2_ws/install/zed_interfaces:/home/barusu/ros2_ws/install/examples_rclcpp_wait_set:/home/barusu/ros2_ws/install/examples_rclcpp_multithreaded_executor:/home/barusu/ros2_ws/install/examples_rclcpp_minimal_timer:/home/barusu/ros2_ws/install/examples_rclcpp_minimal_subscriber:/home/barusu/ros2_ws/install/examples_rclcpp_minimal_service:/home/barusu/ros2_ws/install/examples_rclcpp_minimal_publisher:/home/barusu/ros2_ws/install/examples_rclcpp_minimal_composition:/home/barusu/ros2_ws/install/examples_rclcpp_minimal_client:/home/barusu/ros2_ws/install/examples_rclcpp_minimal_action_server:/home/barusu/ros2_ws/install/examples_rclcpp_minimal_action_client:/home/barusu/ros2_ws/install/examples_rclcpp_cbg_executor:/home/barusu/ros2_ws/install/examples_rclcpp_async_client:/home/barusu/ros2_ws/install/launch_testing_examples:/home/barusu/ros2_ws/install/examples_rclpy_pointcloud_publisher:/home/barusu/ros2_ws/install/examples_rclpy_minimal_subscriber:/home/barusu/ros2_ws/install/examples_rclpy_minimal_service:/home/barusu/ros2_ws/install/examples_rclpy_minimal_publisher:/home/barusu/ros2_ws/install/examples_rclpy_minimal_client:/home/barusu/ros2_ws/install/examples_rclpy_minimal_action_server:/home/barusu/ros2_ws/install/examples_rclpy_minimal_action_client:/home/barusu/ros2_ws/install/examples_rclpy_guard_conditions:/home/barusu/ros2_ws/install/examples_rclpy_executors:/opt/ros/humble LD_LIBRARY_PATH=/home/barusu/ros2_ws/install/zed_interfaces/lib:${LD_LIBRARY_PATH} PYTHONPATH=/home/barusu/ros2_ws/install/zed_interfaces/local/lib/python3.10/dist-packages:${PYTHONPATH} /home/barusu/.local/bin/cmake --build /home/barusu/ros2_ws/build/zed_components -- -j8 -l8
[78.454s] DEBUG:colcon.colcon_core.event_handler.log_command:Invoking command in '/home/barusu/ros2_ws/build/zed_components': AMENT_PREFIX_PATH=/home/barusu/ros2_ws/install/zed_interfaces:${AMENT_PREFIX_PATH} CMAKE_PREFIX_PATH=/home/barusu/ros2_ws/install/zed_interfaces:/home/barusu/ros2_ws/install/examples_rclcpp_wait_set:/home/barusu/ros2_ws/install/examples_rclcpp_multithreaded_executor:/home/barusu/ros2_ws/install/examples_rclcpp_minimal_timer:/home/barusu/ros2_ws/install/examples_rclcpp_minimal_subscriber:/home/barusu/ros2_ws/install/examples_rclcpp_minimal_service:/home/barusu/ros2_ws/install/examples_rclcpp_minimal_publisher:/home/barusu/ros2_ws/install/examples_rclcpp_minimal_composition:/home/barusu/ros2_ws/install/examples_rclcpp_minimal_client:/home/barusu/ros2_ws/install/examples_rclcpp_minimal_action_server:/home/barusu/ros2_ws/install/examples_rclcpp_minimal_action_client:/home/barusu/ros2_ws/install/examples_rclcpp_cbg_executor:/home/barusu/ros2_ws/install/examples_rclcpp_async_client:/home/barusu/ros2_ws/install/launch_testing_examples:/home/barusu/ros2_ws/install/examples_rclpy_pointcloud_publisher:/home/barusu/ros2_ws/install/examples_rclpy_minimal_subscriber:/home/barusu/ros2_ws/install/examples_rclpy_minimal_service:/home/barusu/ros2_ws/install/examples_rclpy_minimal_publisher:/home/barusu/ros2_ws/install/examples_rclpy_minimal_client:/home/barusu/ros2_ws/install/examples_rclpy_minimal_action_server:/home/barusu/ros2_ws/install/examples_rclpy_minimal_action_client:/home/barusu/ros2_ws/install/examples_rclpy_guard_conditions:/home/barusu/ros2_ws/install/examples_rclpy_executors:/opt/ros/humble LD_LIBRARY_PATH=/home/barusu/ros2_ws/install/zed_interfaces/lib:${LD_LIBRARY_PATH} PYTHONPATH=/home/barusu/ros2_ws/install/zed_interfaces/local/lib/python3.10/dist-packages:${PYTHONPATH} /home/barusu/.local/bin/cmake --install /home/barusu/ros2_ws/build/zed_components
[78.560s] Level 1:colcon.colcon_core.environment:create_environment_scripts_only(zed_components)
[78.562s] Level 1:colcon.colcon_core.environment:checking '/home/barusu/ros2_ws/install/zed_components' for CMake module files
[78.562s] DEBUG:colcon.colcon_core.event_handler.log_command:Invoked command in '/home/barusu/ros2_ws/build/zed_components' returned '0': AMENT_PREFIX_PATH=/home/barusu/ros2_ws/install/zed_interfaces:${AMENT_PREFIX_PATH} CMAKE_PREFIX_PATH=/home/barusu/ros2_ws/install/zed_interfaces:/home/barusu/ros2_ws/install/examples_rclcpp_wait_set:/home/barusu/ros2_ws/install/examples_rclcpp_multithreaded_executor:/home/barusu/ros2_ws/install/examples_rclcpp_minimal_timer:/home/barusu/ros2_ws/install/examples_rclcpp_minimal_subscriber:/home/barusu/ros2_ws/install/examples_rclcpp_minimal_service:/home/barusu/ros2_ws/install/examples_rclcpp_minimal_publisher:/home/barusu/ros2_ws/install/examples_rclcpp_minimal_composition:/home/barusu/ros2_ws/install/examples_rclcpp_minimal_client:/home/barusu/ros2_ws/install/examples_rclcpp_minimal_action_server:/home/barusu/ros2_ws/install/examples_rclcpp_minimal_action_client:/home/barusu/ros2_ws/install/examples_rclcpp_cbg_executor:/home/barusu/ros2_ws/install/examples_rclcpp_async_client:/home/barusu/ros2_ws/install/launch_testing_examples:/home/barusu/ros2_ws/install/examples_rclpy_pointcloud_publisher:/home/barusu/ros2_ws/install/examples_rclpy_minimal_subscriber:/home/barusu/ros2_ws/install/examples_rclpy_minimal_service:/home/barusu/ros2_ws/install/examples_rclpy_minimal_publisher:/home/barusu/ros2_ws/install/examples_rclpy_minimal_client:/home/barusu/ros2_ws/install/examples_rclpy_minimal_action_server:/home/barusu/ros2_ws/install/examples_rclpy_minimal_action_client:/home/barusu/ros2_ws/install/examples_rclpy_guard_conditions:/home/barusu/ros2_ws/install/examples_rclpy_executors:/opt/ros/humble LD_LIBRARY_PATH=/home/barusu/ros2_ws/install/zed_interfaces/lib:${LD_LIBRARY_PATH} PYTHONPATH=/home/barusu/ros2_ws/install/zed_interfaces/local/lib/python3.10/dist-packages:${PYTHONPATH} /home/barusu/.local/bin/cmake --install /home/barusu/ros2_ws/build/zed_components
[78.563s] Level 1:colcon.colcon_core.environment:checking '/home/barusu/ros2_ws/install/zed_components' for CMake config files
[78.563s] Level 1:colcon.colcon_core.shell:create_environment_hook('zed_components', 'cmake_prefix_path')
[78.564s] INFO:colcon.colcon_core.shell:Creating environment hook '/home/barusu/ros2_ws/install/zed_components/share/zed_components/hook/cmake_prefix_path.ps1'
[78.564s] INFO:colcon.colcon_core.shell:Creating environment descriptor '/home/barusu/ros2_ws/install/zed_components/share/zed_components/hook/cmake_prefix_path.dsv'
[78.564s] INFO:colcon.colcon_core.shell:Creating environment hook '/home/barusu/ros2_ws/install/zed_components/share/zed_components/hook/cmake_prefix_path.sh'
[78.565s] Level 1:colcon.colcon_core.environment:checking '/home/barusu/ros2_ws/install/zed_components/lib'
[78.565s] Level 1:colcon.colcon_core.shell:create_environment_hook('zed_components', 'ld_library_path_lib')
[78.566s] INFO:colcon.colcon_core.shell:Creating environment hook '/home/barusu/ros2_ws/install/zed_components/share/zed_components/hook/ld_library_path_lib.ps1'
[78.566s] INFO:colcon.colcon_core.shell:Creating environment descriptor '/home/barusu/ros2_ws/install/zed_components/share/zed_components/hook/ld_library_path_lib.dsv'
[78.567s] INFO:colcon.colcon_core.shell:Creating environment hook '/home/barusu/ros2_ws/install/zed_components/share/zed_components/hook/ld_library_path_lib.sh'
[78.567s] Level 1:colcon.colcon_core.environment:checking '/home/barusu/ros2_ws/install/zed_components/bin'
[78.567s] Level 1:colcon.colcon_core.environment:checking '/home/barusu/ros2_ws/install/zed_components/lib/pkgconfig/zed_components.pc'
[78.567s] Level 1:colcon.colcon_core.environment:checking '/home/barusu/ros2_ws/install/zed_components/lib/python3.10/site-packages'
[78.567s] Level 1:colcon.colcon_core.environment:checking '/home/barusu/ros2_ws/install/zed_components/bin'
[78.569s] INFO:colcon.colcon_core.shell:Creating package script '/home/barusu/ros2_ws/install/zed_components/share/zed_components/package.ps1'
[78.569s] INFO:colcon.colcon_core.shell:Creating package descriptor '/home/barusu/ros2_ws/install/zed_components/share/zed_components/package.dsv'
[78.569s] INFO:colcon.colcon_core.shell:Creating package script '/home/barusu/ros2_ws/install/zed_components/share/zed_components/package.sh'
[78.570s] INFO:colcon.colcon_core.shell:Creating package script '/home/barusu/ros2_ws/install/zed_components/share/zed_components/package.bash'
[78.570s] INFO:colcon.colcon_core.shell:Creating package script '/home/barusu/ros2_ws/install/zed_components/share/zed_components/package.zsh'
[78.570s] Level 1:colcon.colcon_core.environment:create_file_with_runtime_dependencies(/home/barusu/ros2_ws/install/zed_components/share/colcon-core/packages/zed_components)
[78.621s] Level 1:colcon.colcon_core.environment:create_environment_scripts_only(zed_components)
[78.624s] Level 1:colcon.colcon_core.environment:checking '/home/barusu/ros2_ws/install/zed_components' for CMake module files
[78.624s] Level 1:colcon.colcon_core.environment:checking '/home/barusu/ros2_ws/install/zed_components' for CMake config files
[78.624s] Level 1:colcon.colcon_core.shell:create_environment_hook('zed_components', 'cmake_prefix_path')
[78.625s] INFO:colcon.colcon_core.shell:Creating environment hook '/home/barusu/ros2_ws/install/zed_components/share/zed_components/hook/cmake_prefix_path.ps1'
[78.626s] INFO:colcon.colcon_core.shell:Creating environment descriptor '/home/barusu/ros2_ws/install/zed_components/share/zed_components/hook/cmake_prefix_path.dsv'
[78.626s] INFO:colcon.colcon_core.shell:Creating environment hook '/home/barusu/ros2_ws/install/zed_components/share/zed_components/hook/cmake_prefix_path.sh'
[78.626s] Level 1:colcon.colcon_core.environment:checking '/home/barusu/ros2_ws/install/zed_components/lib'
[78.627s] Level 1:colcon.colcon_core.shell:create_environment_hook('zed_components', 'ld_library_path_lib')
[78.628s] INFO:colcon.colcon_core.shell:Creating environment hook '/home/barusu/ros2_ws/install/zed_components/share/zed_components/hook/ld_library_path_lib.ps1'
[78.628s] INFO:colcon.colcon_core.shell:Creating environment descriptor '/home/barusu/ros2_ws/install/zed_components/share/zed_components/hook/ld_library_path_lib.dsv'
[78.628s] INFO:colcon.colcon_core.shell:Creating environment hook '/home/barusu/ros2_ws/install/zed_components/share/zed_components/hook/ld_library_path_lib.sh'
[78.628s] Level 1:colcon.colcon_core.environment:checking '/home/barusu/ros2_ws/install/zed_components/bin'
[78.629s] Level 1:colcon.colcon_core.environment:checking '/home/barusu/ros2_ws/install/zed_components/lib/pkgconfig/zed_components.pc'
[78.629s] Level 1:colcon.colcon_core.environment:checking '/home/barusu/ros2_ws/install/zed_components/lib/python3.10/site-packages'
[78.629s] Level 1:colcon.colcon_core.environment:checking '/home/barusu/ros2_ws/install/zed_components/bin'
[78.630s] INFO:colcon.colcon_core.shell:Creating package script '/home/barusu/ros2_ws/install/zed_components/share/zed_components/package.ps1'
[78.631s] INFO:colcon.colcon_core.shell:Creating package descriptor '/home/barusu/ros2_ws/install/zed_components/share/zed_components/package.dsv'
[78.631s] INFO:colcon.colcon_core.shell:Creating package script '/home/barusu/ros2_ws/install/zed_components/share/zed_components/package.sh'
[78.631s] INFO:colcon.colcon_core.shell:Creating package script '/home/barusu/ros2_ws/install/zed_components/share/zed_components/package.bash'
[78.632s] INFO:colcon.colcon_core.shell:Creating package script '/home/barusu/ros2_ws/install/zed_components/share/zed_components/package.zsh'
[78.632s] Level 1:colcon.colcon_core.environment:create_file_with_runtime_dependencies(/home/barusu/ros2_ws/install/zed_components/share/colcon-core/packages/zed_components)
[78.632s] INFO:colcon.colcon_ros.task.ament_cmake.build:Building ROS package in '/home/barusu/ros2_ws/src/zed-ros2-wrapper/zed_wrapper' with build type 'ament_cmake'
[78.632s] INFO:colcon.colcon_cmake.task.cmake.build:Building CMake package in '/home/barusu/ros2_ws/src/zed-ros2-wrapper/zed_wrapper'
[78.633s] INFO:colcon.colcon_core.shell:Skip shell extension 'powershell' for command environment: Not usable outside of PowerShell
[78.633s] DEBUG:colcon.colcon_core.shell:Skip shell extension 'dsv' for command environment
[78.645s] DEBUG:colcon.colcon_core.event_handler.log_command:Invoking command in '/home/barusu/ros2_ws/build/zed_wrapper': AMENT_PREFIX_PATH=/home/barusu/ros2_ws/install/zed_components:/home/barusu/ros2_ws/install/zed_interfaces:${AMENT_PREFIX_PATH} CMAKE_PREFIX_PATH=/home/barusu/ros2_ws/install/zed_components:/home/barusu/ros2_ws/install/zed_interfaces:/home/barusu/ros2_ws/install/examples_rclcpp_wait_set:/home/barusu/ros2_ws/install/examples_rclcpp_multithreaded_executor:/home/barusu/ros2_ws/install/examples_rclcpp_minimal_timer:/home/barusu/ros2_ws/install/examples_rclcpp_minimal_subscriber:/home/barusu/ros2_ws/install/examples_rclcpp_minimal_service:/home/barusu/ros2_ws/install/examples_rclcpp_minimal_publisher:/home/barusu/ros2_ws/install/examples_rclcpp_minimal_composition:/home/barusu/ros2_ws/install/examples_rclcpp_minimal_client:/home/barusu/ros2_ws/install/examples_rclcpp_minimal_action_server:/home/barusu/ros2_ws/install/examples_rclcpp_minimal_action_client:/home/barusu/ros2_ws/install/examples_rclcpp_cbg_executor:/home/barusu/ros2_ws/install/examples_rclcpp_async_client:/home/barusu/ros2_ws/install/launch_testing_examples:/home/barusu/ros2_ws/install/examples_rclpy_pointcloud_publisher:/home/barusu/ros2_ws/install/examples_rclpy_minimal_subscriber:/home/barusu/ros2_ws/install/examples_rclpy_minimal_service:/home/barusu/ros2_ws/install/examples_rclpy_minimal_publisher:/home/barusu/ros2_ws/install/examples_rclpy_minimal_client:/home/barusu/ros2_ws/install/examples_rclpy_minimal_action_server:/home/barusu/ros2_ws/install/examples_rclpy_minimal_action_client:/home/barusu/ros2_ws/install/examples_rclpy_guard_conditions:/home/barusu/ros2_ws/install/examples_rclpy_executors:/opt/ros/humble LD_LIBRARY_PATH=/home/barusu/ros2_ws/install/zed_components/lib:/home/barusu/ros2_ws/install/zed_interfaces/lib:${LD_LIBRARY_PATH} PYTHONPATH=/home/barusu/ros2_ws/install/zed_interfaces/local/lib/python3.10/dist-packages:${PYTHONPATH} /home/barusu/.local/bin/cmake /home/barusu/ros2_ws/src/zed-ros2-wrapper/zed_wrapper -DCMAKE_BUILD_TYPE=Release -DAMENT_CMAKE_SYMLINK_INSTALL=1 -DCMAKE_INSTALL_PREFIX=/home/barusu/ros2_ws/install/zed_wrapper
[82.919s] DEBUG:colcon.colcon_core.event_handler.log_command:Invoked command in '/home/barusu/ros2_ws/build/zed_wrapper' returned '0': AMENT_PREFIX_PATH=/home/barusu/ros2_ws/install/zed_components:/home/barusu/ros2_ws/install/zed_interfaces:${AMENT_PREFIX_PATH} CMAKE_PREFIX_PATH=/home/barusu/ros2_ws/install/zed_components:/home/barusu/ros2_ws/install/zed_interfaces:/home/barusu/ros2_ws/install/examples_rclcpp_wait_set:/home/barusu/ros2_ws/install/examples_rclcpp_multithreaded_executor:/home/barusu/ros2_ws/install/examples_rclcpp_minimal_timer:/home/barusu/ros2_ws/install/examples_rclcpp_minimal_subscriber:/home/barusu/ros2_ws/install/examples_rclcpp_minimal_service:/home/barusu/ros2_ws/install/examples_rclcpp_minimal_publisher:/home/barusu/ros2_ws/install/examples_rclcpp_minimal_composition:/home/barusu/ros2_ws/install/examples_rclcpp_minimal_client:/home/barusu/ros2_ws/install/examples_rclcpp_minimal_action_server:/home/barusu/ros2_ws/install/examples_rclcpp_minimal_action_client:/home/barusu/ros2_ws/install/examples_rclcpp_cbg_executor:/home/barusu/ros2_ws/install/examples_rclcpp_async_client:/home/barusu/ros2_ws/install/launch_testing_examples:/home/barusu/ros2_ws/install/examples_rclpy_pointcloud_publisher:/home/barusu/ros2_ws/install/examples_rclpy_minimal_subscriber:/home/barusu/ros2_ws/install/examples_rclpy_minimal_service:/home/barusu/ros2_ws/install/examples_rclpy_minimal_publisher:/home/barusu/ros2_ws/install/examples_rclpy_minimal_client:/home/barusu/ros2_ws/install/examples_rclpy_minimal_action_server:/home/barusu/ros2_ws/install/examples_rclpy_minimal_action_client:/home/barusu/ros2_ws/install/examples_rclpy_guard_conditions:/home/barusu/ros2_ws/install/examples_rclpy_executors:/opt/ros/humble LD_LIBRARY_PATH=/home/barusu/ros2_ws/install/zed_components/lib:/home/barusu/ros2_ws/install/zed_interfaces/lib:${LD_LIBRARY_PATH} PYTHONPATH=/home/barusu/ros2_ws/install/zed_interfaces/local/lib/python3.10/dist-packages:${PYTHONPATH} /home/barusu/.local/bin/cmake /home/barusu/ros2_ws/src/zed-ros2-wrapper/zed_wrapper -DCMAKE_BUILD_TYPE=Release -DAMENT_CMAKE_SYMLINK_INSTALL=1 -DCMAKE_INSTALL_PREFIX=/home/barusu/ros2_ws/install/zed_wrapper
[82.920s] DEBUG:colcon.colcon_core.event_handler.log_command:Invoking command in '/home/barusu/ros2_ws/build/zed_wrapper': AMENT_PREFIX_PATH=/home/barusu/ros2_ws/install/zed_components:/home/barusu/ros2_ws/install/zed_interfaces:${AMENT_PREFIX_PATH} CMAKE_PREFIX_PATH=/home/barusu/ros2_ws/install/zed_components:/home/barusu/ros2_ws/install/zed_interfaces:/home/barusu/ros2_ws/install/examples_rclcpp_wait_set:/home/barusu/ros2_ws/install/examples_rclcpp_multithreaded_executor:/home/barusu/ros2_ws/install/examples_rclcpp_minimal_timer:/home/barusu/ros2_ws/install/examples_rclcpp_minimal_subscriber:/home/barusu/ros2_ws/install/examples_rclcpp_minimal_service:/home/barusu/ros2_ws/install/examples_rclcpp_minimal_publisher:/home/barusu/ros2_ws/install/examples_rclcpp_minimal_composition:/home/barusu/ros2_ws/install/examples_rclcpp_minimal_client:/home/barusu/ros2_ws/install/examples_rclcpp_minimal_action_server:/home/barusu/ros2_ws/install/examples_rclcpp_minimal_action_client:/home/barusu/ros2_ws/install/examples_rclcpp_cbg_executor:/home/barusu/ros2_ws/install/examples_rclcpp_async_client:/home/barusu/ros2_ws/install/launch_testing_examples:/home/barusu/ros2_ws/install/examples_rclpy_pointcloud_publisher:/home/barusu/ros2_ws/install/examples_rclpy_minimal_subscriber:/home/barusu/ros2_ws/install/examples_rclpy_minimal_service:/home/barusu/ros2_ws/install/examples_rclpy_minimal_publisher:/home/barusu/ros2_ws/install/examples_rclpy_minimal_client:/home/barusu/ros2_ws/install/examples_rclpy_minimal_action_server:/home/barusu/ros2_ws/install/examples_rclpy_minimal_action_client:/home/barusu/ros2_ws/install/examples_rclpy_guard_conditions:/home/barusu/ros2_ws/install/examples_rclpy_executors:/opt/ros/humble LD_LIBRARY_PATH=/home/barusu/ros2_ws/install/zed_components/lib:/home/barusu/ros2_ws/install/zed_interfaces/lib:${LD_LIBRARY_PATH} PYTHONPATH=/home/barusu/ros2_ws/install/zed_interfaces/local/lib/python3.10/dist-packages:${PYTHONPATH} /home/barusu/.local/bin/cmake --build /home/barusu/ros2_ws/build/zed_wrapper -- -j8 -l8
[88.069s] DEBUG:colcon.colcon_core.event_handler.log_command:Invoked command in '/home/barusu/ros2_ws/build/zed_wrapper' returned '0': AMENT_PREFIX_PATH=/home/barusu/ros2_ws/install/zed_components:/home/barusu/ros2_ws/install/zed_interfaces:${AMENT_PREFIX_PATH} CMAKE_PREFIX_PATH=/home/barusu/ros2_ws/install/zed_components:/home/barusu/ros2_ws/install/zed_interfaces:/home/barusu/ros2_ws/install/examples_rclcpp_wait_set:/home/barusu/ros2_ws/install/examples_rclcpp_multithreaded_executor:/home/barusu/ros2_ws/install/examples_rclcpp_minimal_timer:/home/barusu/ros2_ws/install/examples_rclcpp_minimal_subscriber:/home/barusu/ros2_ws/install/examples_rclcpp_minimal_service:/home/barusu/ros2_ws/install/examples_rclcpp_minimal_publisher:/home/barusu/ros2_ws/install/examples_rclcpp_minimal_composition:/home/barusu/ros2_ws/install/examples_rclcpp_minimal_client:/home/barusu/ros2_ws/install/examples_rclcpp_minimal_action_server:/home/barusu/ros2_ws/install/examples_rclcpp_minimal_action_client:/home/barusu/ros2_ws/install/examples_rclcpp_cbg_executor:/home/barusu/ros2_ws/install/examples_rclcpp_async_client:/home/barusu/ros2_ws/install/launch_testing_examples:/home/barusu/ros2_ws/install/examples_rclpy_pointcloud_publisher:/home/barusu/ros2_ws/install/examples_rclpy_minimal_subscriber:/home/barusu/ros2_ws/install/examples_rclpy_minimal_service:/home/barusu/ros2_ws/install/examples_rclpy_minimal_publisher:/home/barusu/ros2_ws/install/examples_rclpy_minimal_client:/home/barusu/ros2_ws/install/examples_rclpy_minimal_action_server:/home/barusu/ros2_ws/install/examples_rclpy_minimal_action_client:/home/barusu/ros2_ws/install/examples_rclpy_guard_conditions:/home/barusu/ros2_ws/install/examples_rclpy_executors:/opt/ros/humble LD_LIBRARY_PATH=/home/barusu/ros2_ws/install/zed_components/lib:/home/barusu/ros2_ws/install/zed_interfaces/lib:${LD_LIBRARY_PATH} PYTHONPATH=/home/barusu/ros2_ws/install/zed_interfaces/local/lib/python3.10/dist-packages:${PYTHONPATH} /home/barusu/.local/bin/cmake --build /home/barusu/ros2_ws/build/zed_wrapper -- -j8 -l8
[88.117s] DEBUG:colcon.colcon_core.event_handler.log_command:Invoking command in '/home/barusu/ros2_ws/build/zed_wrapper': AMENT_PREFIX_PATH=/home/barusu/ros2_ws/install/zed_components:/home/barusu/ros2_ws/install/zed_interfaces:${AMENT_PREFIX_PATH} CMAKE_PREFIX_PATH=/home/barusu/ros2_ws/install/zed_components:/home/barusu/ros2_ws/install/zed_interfaces:/home/barusu/ros2_ws/install/examples_rclcpp_wait_set:/home/barusu/ros2_ws/install/examples_rclcpp_multithreaded_executor:/home/barusu/ros2_ws/install/examples_rclcpp_minimal_timer:/home/barusu/ros2_ws/install/examples_rclcpp_minimal_subscriber:/home/barusu/ros2_ws/install/examples_rclcpp_minimal_service:/home/barusu/ros2_ws/install/examples_rclcpp_minimal_publisher:/home/barusu/ros2_ws/install/examples_rclcpp_minimal_composition:/home/barusu/ros2_ws/install/examples_rclcpp_minimal_client:/home/barusu/ros2_ws/install/examples_rclcpp_minimal_action_server:/home/barusu/ros2_ws/install/examples_rclcpp_minimal_action_client:/home/barusu/ros2_ws/install/examples_rclcpp_cbg_executor:/home/barusu/ros2_ws/install/examples_rclcpp_async_client:/home/barusu/ros2_ws/install/launch_testing_examples:/home/barusu/ros2_ws/install/examples_rclpy_pointcloud_publisher:/home/barusu/ros2_ws/install/examples_rclpy_minimal_subscriber:/home/barusu/ros2_ws/install/examples_rclpy_minimal_service:/home/barusu/ros2_ws/install/examples_rclpy_minimal_publisher:/home/barusu/ros2_ws/install/examples_rclpy_minimal_client:/home/barusu/ros2_ws/install/examples_rclpy_minimal_action_server:/home/barusu/ros2_ws/install/examples_rclpy_minimal_action_client:/home/barusu/ros2_ws/install/examples_rclpy_guard_conditions:/home/barusu/ros2_ws/install/examples_rclpy_executors:/opt/ros/humble LD_LIBRARY_PATH=/home/barusu/ros2_ws/install/zed_components/lib:/home/barusu/ros2_ws/install/zed_interfaces/lib:${LD_LIBRARY_PATH} PYTHONPATH=/home/barusu/ros2_ws/install/zed_interfaces/local/lib/python3.10/dist-packages:${PYTHONPATH} /home/barusu/.local/bin/cmake --install /home/barusu/ros2_ws/build/zed_wrapper
[88.234s] Level 1:colcon.colcon_core.environment:create_environment_scripts_only(zed_wrapper)
[88.236s] Level 1:colcon.colcon_core.environment:checking '/home/barusu/ros2_ws/install/zed_wrapper' for CMake module files
[88.237s] DEBUG:colcon.colcon_core.event_handler.log_command:Invoked command in '/home/barusu/ros2_ws/build/zed_wrapper' returned '0': AMENT_PREFIX_PATH=/home/barusu/ros2_ws/install/zed_components:/home/barusu/ros2_ws/install/zed_interfaces:${AMENT_PREFIX_PATH} CMAKE_PREFIX_PATH=/home/barusu/ros2_ws/install/zed_components:/home/barusu/ros2_ws/install/zed_interfaces:/home/barusu/ros2_ws/install/examples_rclcpp_wait_set:/home/barusu/ros2_ws/install/examples_rclcpp_multithreaded_executor:/home/barusu/ros2_ws/install/examples_rclcpp_minimal_timer:/home/barusu/ros2_ws/install/examples_rclcpp_minimal_subscriber:/home/barusu/ros2_ws/install/examples_rclcpp_minimal_service:/home/barusu/ros2_ws/install/examples_rclcpp_minimal_publisher:/home/barusu/ros2_ws/install/examples_rclcpp_minimal_composition:/home/barusu/ros2_ws/install/examples_rclcpp_minimal_client:/home/barusu/ros2_ws/install/examples_rclcpp_minimal_action_server:/home/barusu/ros2_ws/install/examples_rclcpp_minimal_action_client:/home/barusu/ros2_ws/install/examples_rclcpp_cbg_executor:/home/barusu/ros2_ws/install/examples_rclcpp_async_client:/home/barusu/ros2_ws/install/launch_testing_examples:/home/barusu/ros2_ws/install/examples_rclpy_pointcloud_publisher:/home/barusu/ros2_ws/install/examples_rclpy_minimal_subscriber:/home/barusu/ros2_ws/install/examples_rclpy_minimal_service:/home/barusu/ros2_ws/install/examples_rclpy_minimal_publisher:/home/barusu/ros2_ws/install/examples_rclpy_minimal_client:/home/barusu/ros2_ws/install/examples_rclpy_minimal_action_server:/home/barusu/ros2_ws/install/examples_rclpy_minimal_action_client:/home/barusu/ros2_ws/install/examples_rclpy_guard_conditions:/home/barusu/ros2_ws/install/examples_rclpy_executors:/opt/ros/humble LD_LIBRARY_PATH=/home/barusu/ros2_ws/install/zed_components/lib:/home/barusu/ros2_ws/install/zed_interfaces/lib:${LD_LIBRARY_PATH} PYTHONPATH=/home/barusu/ros2_ws/install/zed_interfaces/local/lib/python3.10/dist-packages:${PYTHONPATH} /home/barusu/.local/bin/cmake --install /home/barusu/ros2_ws/build/zed_wrapper
[88.237s] Level 1:colcon.colcon_core.environment:checking '/home/barusu/ros2_ws/install/zed_wrapper' for CMake config files
[88.238s] Level 1:colcon.colcon_core.shell:create_environment_hook('zed_wrapper', 'cmake_prefix_path')
[88.240s] INFO:colcon.colcon_core.shell:Creating environment hook '/home/barusu/ros2_ws/install/zed_wrapper/share/zed_wrapper/hook/cmake_prefix_path.ps1'
[88.240s] INFO:colcon.colcon_core.shell:Creating environment descriptor '/home/barusu/ros2_ws/install/zed_wrapper/share/zed_wrapper/hook/cmake_prefix_path.dsv'
[88.241s] INFO:colcon.colcon_core.shell:Creating environment hook '/home/barusu/ros2_ws/install/zed_wrapper/share/zed_wrapper/hook/cmake_prefix_path.sh'
[88.241s] Level 1:colcon.colcon_core.environment:checking '/home/barusu/ros2_ws/install/zed_wrapper/lib'
[88.241s] Level 1:colcon.colcon_core.environment:checking '/home/barusu/ros2_ws/install/zed_wrapper/bin'
[88.241s] Level 1:colcon.colcon_core.environment:checking '/home/barusu/ros2_ws/install/zed_wrapper/lib/pkgconfig/zed_wrapper.pc'
[88.242s] Level 1:colcon.colcon_core.environment:checking '/home/barusu/ros2_ws/install/zed_wrapper/lib/python3.10/site-packages'
[88.242s] Level 1:colcon.colcon_core.environment:checking '/home/barusu/ros2_ws/install/zed_wrapper/bin'
[88.244s] INFO:colcon.colcon_core.shell:Creating package script '/home/barusu/ros2_ws/install/zed_wrapper/share/zed_wrapper/package.ps1'
[88.245s] INFO:colcon.colcon_core.shell:Creating package descriptor '/home/barusu/ros2_ws/install/zed_wrapper/share/zed_wrapper/package.dsv'
[88.245s] INFO:colcon.colcon_core.shell:Creating package script '/home/barusu/ros2_ws/install/zed_wrapper/share/zed_wrapper/package.sh'
[88.245s] INFO:colcon.colcon_core.shell:Creating package script '/home/barusu/ros2_ws/install/zed_wrapper/share/zed_wrapper/package.bash'
[88.246s] INFO:colcon.colcon_core.shell:Creating package script '/home/barusu/ros2_ws/install/zed_wrapper/share/zed_wrapper/package.zsh'
[88.246s] Level 1:colcon.colcon_core.environment:create_file_with_runtime_dependencies(/home/barusu/ros2_ws/install/zed_wrapper/share/colcon-core/packages/zed_wrapper)
[88.292s] Level 1:colcon.colcon_core.environment:create_environment_scripts_only(zed_wrapper)
[88.294s] Level 1:colcon.colcon_core.environment:checking '/home/barusu/ros2_ws/install/zed_wrapper' for CMake module files
[88.294s] Level 1:colcon.colcon_core.environment:checking '/home/barusu/ros2_ws/install/zed_wrapper' for CMake config files
[88.294s] Level 1:colcon.colcon_core.shell:create_environment_hook('zed_wrapper', 'cmake_prefix_path')
[88.296s] INFO:colcon.colcon_core.shell:Creating environment hook '/home/barusu/ros2_ws/install/zed_wrapper/share/zed_wrapper/hook/cmake_prefix_path.ps1'
[88.296s] INFO:colcon.colcon_core.shell:Creating environment descriptor '/home/barusu/ros2_ws/install/zed_wrapper/share/zed_wrapper/hook/cmake_prefix_path.dsv'
[88.296s] INFO:colcon.colcon_core.shell:Creating environment hook '/home/barusu/ros2_ws/install/zed_wrapper/share/zed_wrapper/hook/cmake_prefix_path.sh'
[88.296s] Level 1:colcon.colcon_core.environment:checking '/home/barusu/ros2_ws/install/zed_wrapper/lib'
[88.297s] Level 1:colcon.colcon_core.environment:checking '/home/barusu/ros2_ws/install/zed_wrapper/bin'
[88.297s] Level 1:colcon.colcon_core.environment:checking '/home/barusu/ros2_ws/install/zed_wrapper/lib/pkgconfig/zed_wrapper.pc'
[88.297s] Level 1:colcon.colcon_core.environment:checking '/home/barusu/ros2_ws/install/zed_wrapper/lib/python3.10/site-packages'
[88.297s] Level 1:colcon.colcon_core.environment:checking '/home/barusu/ros2_ws/install/zed_wrapper/bin'
[88.298s] INFO:colcon.colcon_core.shell:Creating package script '/home/barusu/ros2_ws/install/zed_wrapper/share/zed_wrapper/package.ps1'
[88.299s] INFO:colcon.colcon_core.shell:Creating package descriptor '/home/barusu/ros2_ws/install/zed_wrapper/share/zed_wrapper/package.dsv'
[88.299s] INFO:colcon.colcon_core.shell:Creating package script '/home/barusu/ros2_ws/install/zed_wrapper/share/zed_wrapper/package.sh'
[88.299s] INFO:colcon.colcon_core.shell:Creating package script '/home/barusu/ros2_ws/install/zed_wrapper/share/zed_wrapper/package.bash'
[88.300s] INFO:colcon.colcon_core.shell:Creating package script '/home/barusu/ros2_ws/install/zed_wrapper/share/zed_wrapper/package.zsh'
[88.300s] Level 1:colcon.colcon_core.environment:create_file_with_runtime_dependencies(/home/barusu/ros2_ws/install/zed_wrapper/share/colcon-core/packages/zed_wrapper)
[88.300s] INFO:colcon.colcon_ros.task.ament_cmake.build:Building ROS package in '/home/barusu/ros2_ws/src/zed-ros2-wrapper/zed_ros2' with build type 'ament_cmake'
[88.300s] INFO:colcon.colcon_cmake.task.cmake.build:Building CMake package in '/home/barusu/ros2_ws/src/zed-ros2-wrapper/zed_ros2'
[88.302s] INFO:colcon.colcon_core.shell:Skip shell extension 'powershell' for command environment: Not usable outside of PowerShell
[88.302s] DEBUG:colcon.colcon_core.shell:Skip shell extension 'dsv' for command environment
[88.316s] DEBUG:colcon.colcon_core.event_handler.log_command:Invoking command in '/home/barusu/ros2_ws/build/zed_ros2': AMENT_PREFIX_PATH=/home/barusu/ros2_ws/install/zed_wrapper:/home/barusu/ros2_ws/install/zed_components:/home/barusu/ros2_ws/install/zed_interfaces:${AMENT_PREFIX_PATH} CMAKE_PREFIX_PATH=/home/barusu/ros2_ws/install/zed_wrapper:/home/barusu/ros2_ws/install/zed_components:/home/barusu/ros2_ws/install/zed_interfaces:/home/barusu/ros2_ws/install/examples_rclcpp_wait_set:/home/barusu/ros2_ws/install/examples_rclcpp_multithreaded_executor:/home/barusu/ros2_ws/install/examples_rclcpp_minimal_timer:/home/barusu/ros2_ws/install/examples_rclcpp_minimal_subscriber:/home/barusu/ros2_ws/install/examples_rclcpp_minimal_service:/home/barusu/ros2_ws/install/examples_rclcpp_minimal_publisher:/home/barusu/ros2_ws/install/examples_rclcpp_minimal_composition:/home/barusu/ros2_ws/install/examples_rclcpp_minimal_client:/home/barusu/ros2_ws/install/examples_rclcpp_minimal_action_server:/home/barusu/ros2_ws/install/examples_rclcpp_minimal_action_client:/home/barusu/ros2_ws/install/examples_rclcpp_cbg_executor:/home/barusu/ros2_ws/install/examples_rclcpp_async_client:/home/barusu/ros2_ws/install/launch_testing_examples:/home/barusu/ros2_ws/install/examples_rclpy_pointcloud_publisher:/home/barusu/ros2_ws/install/examples_rclpy_minimal_subscriber:/home/barusu/ros2_ws/install/examples_rclpy_minimal_service:/home/barusu/ros2_ws/install/examples_rclpy_minimal_publisher:/home/barusu/ros2_ws/install/examples_rclpy_minimal_client:/home/barusu/ros2_ws/install/examples_rclpy_minimal_action_server:/home/barusu/ros2_ws/install/examples_rclpy_minimal_action_client:/home/barusu/ros2_ws/install/examples_rclpy_guard_conditions:/home/barusu/ros2_ws/install/examples_rclpy_executors:/opt/ros/humble LD_LIBRARY_PATH=/home/barusu/ros2_ws/install/zed_components/lib:/home/barusu/ros2_ws/install/zed_interfaces/lib:${LD_LIBRARY_PATH} PYTHONPATH=/home/barusu/ros2_ws/install/zed_interfaces/local/lib/python3.10/dist-packages:${PYTHONPATH} /home/barusu/.local/bin/cmake /home/barusu/ros2_ws/src/zed-ros2-wrapper/zed_ros2 -DCMAKE_BUILD_TYPE=Release -DAMENT_CMAKE_SYMLINK_INSTALL=1 -DCMAKE_INSTALL_PREFIX=/home/barusu/ros2_ws/install/zed_ros2
[89.069s] DEBUG:colcon.colcon_core.event_handler.log_command:Invoked command in '/home/barusu/ros2_ws/build/zed_ros2' returned '0': AMENT_PREFIX_PATH=/home/barusu/ros2_ws/install/zed_wrapper:/home/barusu/ros2_ws/install/zed_components:/home/barusu/ros2_ws/install/zed_interfaces:${AMENT_PREFIX_PATH} CMAKE_PREFIX_PATH=/home/barusu/ros2_ws/install/zed_wrapper:/home/barusu/ros2_ws/install/zed_components:/home/barusu/ros2_ws/install/zed_interfaces:/home/barusu/ros2_ws/install/examples_rclcpp_wait_set:/home/barusu/ros2_ws/install/examples_rclcpp_multithreaded_executor:/home/barusu/ros2_ws/install/examples_rclcpp_minimal_timer:/home/barusu/ros2_ws/install/examples_rclcpp_minimal_subscriber:/home/barusu/ros2_ws/install/examples_rclcpp_minimal_service:/home/barusu/ros2_ws/install/examples_rclcpp_minimal_publisher:/home/barusu/ros2_ws/install/examples_rclcpp_minimal_composition:/home/barusu/ros2_ws/install/examples_rclcpp_minimal_client:/home/barusu/ros2_ws/install/examples_rclcpp_minimal_action_server:/home/barusu/ros2_ws/install/examples_rclcpp_minimal_action_client:/home/barusu/ros2_ws/install/examples_rclcpp_cbg_executor:/home/barusu/ros2_ws/install/examples_rclcpp_async_client:/home/barusu/ros2_ws/install/launch_testing_examples:/home/barusu/ros2_ws/install/examples_rclpy_pointcloud_publisher:/home/barusu/ros2_ws/install/examples_rclpy_minimal_subscriber:/home/barusu/ros2_ws/install/examples_rclpy_minimal_service:/home/barusu/ros2_ws/install/examples_rclpy_minimal_publisher:/home/barusu/ros2_ws/install/examples_rclpy_minimal_client:/home/barusu/ros2_ws/install/examples_rclpy_minimal_action_server:/home/barusu/ros2_ws/install/examples_rclpy_minimal_action_client:/home/barusu/ros2_ws/install/examples_rclpy_guard_conditions:/home/barusu/ros2_ws/install/examples_rclpy_executors:/opt/ros/humble LD_LIBRARY_PATH=/home/barusu/ros2_ws/install/zed_components/lib:/home/barusu/ros2_ws/install/zed_interfaces/lib:${LD_LIBRARY_PATH} PYTHONPATH=/home/barusu/ros2_ws/install/zed_interfaces/local/lib/python3.10/dist-packages:${PYTHONPATH} /home/barusu/.local/bin/cmake /home/barusu/ros2_ws/src/zed-ros2-wrapper/zed_ros2 -DCMAKE_BUILD_TYPE=Release -DAMENT_CMAKE_SYMLINK_INSTALL=1 -DCMAKE_INSTALL_PREFIX=/home/barusu/ros2_ws/install/zed_ros2
[89.070s] DEBUG:colcon.colcon_core.event_handler.log_command:Invoking command in '/home/barusu/ros2_ws/build/zed_ros2': AMENT_PREFIX_PATH=/home/barusu/ros2_ws/install/zed_wrapper:/home/barusu/ros2_ws/install/zed_components:/home/barusu/ros2_ws/install/zed_interfaces:${AMENT_PREFIX_PATH} CMAKE_PREFIX_PATH=/home/barusu/ros2_ws/install/zed_wrapper:/home/barusu/ros2_ws/install/zed_components:/home/barusu/ros2_ws/install/zed_interfaces:/home/barusu/ros2_ws/install/examples_rclcpp_wait_set:/home/barusu/ros2_ws/install/examples_rclcpp_multithreaded_executor:/home/barusu/ros2_ws/install/examples_rclcpp_minimal_timer:/home/barusu/ros2_ws/install/examples_rclcpp_minimal_subscriber:/home/barusu/ros2_ws/install/examples_rclcpp_minimal_service:/home/barusu/ros2_ws/install/examples_rclcpp_minimal_publisher:/home/barusu/ros2_ws/install/examples_rclcpp_minimal_composition:/home/barusu/ros2_ws/install/examples_rclcpp_minimal_client:/home/barusu/ros2_ws/install/examples_rclcpp_minimal_action_server:/home/barusu/ros2_ws/install/examples_rclcpp_minimal_action_client:/home/barusu/ros2_ws/install/examples_rclcpp_cbg_executor:/home/barusu/ros2_ws/install/examples_rclcpp_async_client:/home/barusu/ros2_ws/install/launch_testing_examples:/home/barusu/ros2_ws/install/examples_rclpy_pointcloud_publisher:/home/barusu/ros2_ws/install/examples_rclpy_minimal_subscriber:/home/barusu/ros2_ws/install/examples_rclpy_minimal_service:/home/barusu/ros2_ws/install/examples_rclpy_minimal_publisher:/home/barusu/ros2_ws/install/examples_rclpy_minimal_client:/home/barusu/ros2_ws/install/examples_rclpy_minimal_action_server:/home/barusu/ros2_ws/install/examples_rclpy_minimal_action_client:/home/barusu/ros2_ws/install/examples_rclpy_guard_conditions:/home/barusu/ros2_ws/install/examples_rclpy_executors:/opt/ros/humble LD_LIBRARY_PATH=/home/barusu/ros2_ws/install/zed_components/lib:/home/barusu/ros2_ws/install/zed_interfaces/lib:${LD_LIBRARY_PATH} PYTHONPATH=/home/barusu/ros2_ws/install/zed_interfaces/local/lib/python3.10/dist-packages:${PYTHONPATH} /home/barusu/.local/bin/cmake --build /home/barusu/ros2_ws/build/zed_ros2 -- -j8 -l8
[89.110s] DEBUG:colcon.colcon_core.event_handler.log_command:Invoked command in '/home/barusu/ros2_ws/build/zed_ros2' returned '0': AMENT_PREFIX_PATH=/home/barusu/ros2_ws/install/zed_wrapper:/home/barusu/ros2_ws/install/zed_components:/home/barusu/ros2_ws/install/zed_interfaces:${AMENT_PREFIX_PATH} CMAKE_PREFIX_PATH=/home/barusu/ros2_ws/install/zed_wrapper:/home/barusu/ros2_ws/install/zed_components:/home/barusu/ros2_ws/install/zed_interfaces:/home/barusu/ros2_ws/install/examples_rclcpp_wait_set:/home/barusu/ros2_ws/install/examples_rclcpp_multithreaded_executor:/home/barusu/ros2_ws/install/examples_rclcpp_minimal_timer:/home/barusu/ros2_ws/install/examples_rclcpp_minimal_subscriber:/home/barusu/ros2_ws/install/examples_rclcpp_minimal_service:/home/barusu/ros2_ws/install/examples_rclcpp_minimal_publisher:/home/barusu/ros2_ws/install/examples_rclcpp_minimal_composition:/home/barusu/ros2_ws/install/examples_rclcpp_minimal_client:/home/barusu/ros2_ws/install/examples_rclcpp_minimal_action_server:/home/barusu/ros2_ws/install/examples_rclcpp_minimal_action_client:/home/barusu/ros2_ws/install/examples_rclcpp_cbg_executor:/home/barusu/ros2_ws/install/examples_rclcpp_async_client:/home/barusu/ros2_ws/install/launch_testing_examples:/home/barusu/ros2_ws/install/examples_rclpy_pointcloud_publisher:/home/barusu/ros2_ws/install/examples_rclpy_minimal_subscriber:/home/barusu/ros2_ws/install/examples_rclpy_minimal_service:/home/barusu/ros2_ws/install/examples_rclpy_minimal_publisher:/home/barusu/ros2_ws/install/examples_rclpy_minimal_client:/home/barusu/ros2_ws/install/examples_rclpy_minimal_action_server:/home/barusu/ros2_ws/install/examples_rclpy_minimal_action_client:/home/barusu/ros2_ws/install/examples_rclpy_guard_conditions:/home/barusu/ros2_ws/install/examples_rclpy_executors:/opt/ros/humble LD_LIBRARY_PATH=/home/barusu/ros2_ws/install/zed_components/lib:/home/barusu/ros2_ws/install/zed_interfaces/lib:${LD_LIBRARY_PATH} PYTHONPATH=/home/barusu/ros2_ws/install/zed_interfaces/local/lib/python3.10/dist-packages:${PYTHONPATH} /home/barusu/.local/bin/cmake --build /home/barusu/ros2_ws/build/zed_ros2 -- -j8 -l8
[89.152s] DEBUG:colcon.colcon_core.event_handler.log_command:Invoking command in '/home/barusu/ros2_ws/build/zed_ros2': AMENT_PREFIX_PATH=/home/barusu/ros2_ws/install/zed_wrapper:/home/barusu/ros2_ws/install/zed_components:/home/barusu/ros2_ws/install/zed_interfaces:${AMENT_PREFIX_PATH} CMAKE_PREFIX_PATH=/home/barusu/ros2_ws/install/zed_wrapper:/home/barusu/ros2_ws/install/zed_components:/home/barusu/ros2_ws/install/zed_interfaces:/home/barusu/ros2_ws/install/examples_rclcpp_wait_set:/home/barusu/ros2_ws/install/examples_rclcpp_multithreaded_executor:/home/barusu/ros2_ws/install/examples_rclcpp_minimal_timer:/home/barusu/ros2_ws/install/examples_rclcpp_minimal_subscriber:/home/barusu/ros2_ws/install/examples_rclcpp_minimal_service:/home/barusu/ros2_ws/install/examples_rclcpp_minimal_publisher:/home/barusu/ros2_ws/install/examples_rclcpp_minimal_composition:/home/barusu/ros2_ws/install/examples_rclcpp_minimal_client:/home/barusu/ros2_ws/install/examples_rclcpp_minimal_action_server:/home/barusu/ros2_ws/install/examples_rclcpp_minimal_action_client:/home/barusu/ros2_ws/install/examples_rclcpp_cbg_executor:/home/barusu/ros2_ws/install/examples_rclcpp_async_client:/home/barusu/ros2_ws/install/launch_testing_examples:/home/barusu/ros2_ws/install/examples_rclpy_pointcloud_publisher:/home/barusu/ros2_ws/install/examples_rclpy_minimal_subscriber:/home/barusu/ros2_ws/install/examples_rclpy_minimal_service:/home/barusu/ros2_ws/install/examples_rclpy_minimal_publisher:/home/barusu/ros2_ws/install/examples_rclpy_minimal_client:/home/barusu/ros2_ws/install/examples_rclpy_minimal_action_server:/home/barusu/ros2_ws/install/examples_rclpy_minimal_action_client:/home/barusu/ros2_ws/install/examples_rclpy_guard_conditions:/home/barusu/ros2_ws/install/examples_rclpy_executors:/opt/ros/humble LD_LIBRARY_PATH=/home/barusu/ros2_ws/install/zed_components/lib:/home/barusu/ros2_ws/install/zed_interfaces/lib:${LD_LIBRARY_PATH} PYTHONPATH=/home/barusu/ros2_ws/install/zed_interfaces/local/lib/python3.10/dist-packages:${PYTHONPATH} /home/barusu/.local/bin/cmake --install /home/barusu/ros2_ws/build/zed_ros2
[89.221s] Level 1:colcon.colcon_core.environment:create_environment_scripts_only(zed_ros2)
[89.223s] Level 1:colcon.colcon_core.environment:checking '/home/barusu/ros2_ws/install/zed_ros2' for CMake module files
[89.224s] DEBUG:colcon.colcon_core.event_handler.log_command:Invoked command in '/home/barusu/ros2_ws/build/zed_ros2' returned '0': AMENT_PREFIX_PATH=/home/barusu/ros2_ws/install/zed_wrapper:/home/barusu/ros2_ws/install/zed_components:/home/barusu/ros2_ws/install/zed_interfaces:${AMENT_PREFIX_PATH} CMAKE_PREFIX_PATH=/home/barusu/ros2_ws/install/zed_wrapper:/home/barusu/ros2_ws/install/zed_components:/home/barusu/ros2_ws/install/zed_interfaces:/home/barusu/ros2_ws/install/examples_rclcpp_wait_set:/home/barusu/ros2_ws/install/examples_rclcpp_multithreaded_executor:/home/barusu/ros2_ws/install/examples_rclcpp_minimal_timer:/home/barusu/ros2_ws/install/examples_rclcpp_minimal_subscriber:/home/barusu/ros2_ws/install/examples_rclcpp_minimal_service:/home/barusu/ros2_ws/install/examples_rclcpp_minimal_publisher:/home/barusu/ros2_ws/install/examples_rclcpp_minimal_composition:/home/barusu/ros2_ws/install/examples_rclcpp_minimal_client:/home/barusu/ros2_ws/install/examples_rclcpp_minimal_action_server:/home/barusu/ros2_ws/install/examples_rclcpp_minimal_action_client:/home/barusu/ros2_ws/install/examples_rclcpp_cbg_executor:/home/barusu/ros2_ws/install/examples_rclcpp_async_client:/home/barusu/ros2_ws/install/launch_testing_examples:/home/barusu/ros2_ws/install/examples_rclpy_pointcloud_publisher:/home/barusu/ros2_ws/install/examples_rclpy_minimal_subscriber:/home/barusu/ros2_ws/install/examples_rclpy_minimal_service:/home/barusu/ros2_ws/install/examples_rclpy_minimal_publisher:/home/barusu/ros2_ws/install/examples_rclpy_minimal_client:/home/barusu/ros2_ws/install/examples_rclpy_minimal_action_server:/home/barusu/ros2_ws/install/examples_rclpy_minimal_action_client:/home/barusu/ros2_ws/install/examples_rclpy_guard_conditions:/home/barusu/ros2_ws/install/examples_rclpy_executors:/opt/ros/humble LD_LIBRARY_PATH=/home/barusu/ros2_ws/install/zed_components/lib:/home/barusu/ros2_ws/install/zed_interfaces/lib:${LD_LIBRARY_PATH} PYTHONPATH=/home/barusu/ros2_ws/install/zed_interfaces/local/lib/python3.10/dist-packages:${PYTHONPATH} /home/barusu/.local/bin/cmake --install /home/barusu/ros2_ws/build/zed_ros2
[89.224s] Level 1:colcon.colcon_core.environment:checking '/home/barusu/ros2_ws/install/zed_ros2' for CMake config files
[89.224s] Level 1:colcon.colcon_core.shell:create_environment_hook('zed_ros2', 'cmake_prefix_path')
[89.226s] INFO:colcon.colcon_core.shell:Creating environment hook '/home/barusu/ros2_ws/install/zed_ros2/share/zed_ros2/hook/cmake_prefix_path.ps1'
[89.226s] INFO:colcon.colcon_core.shell:Creating environment descriptor '/home/barusu/ros2_ws/install/zed_ros2/share/zed_ros2/hook/cmake_prefix_path.dsv'
[89.226s] INFO:colcon.colcon_core.shell:Creating environment hook '/home/barusu/ros2_ws/install/zed_ros2/share/zed_ros2/hook/cmake_prefix_path.sh'
[89.227s] Level 1:colcon.colcon_core.environment:checking '/home/barusu/ros2_ws/install/zed_ros2/bin'
[89.227s] Level 1:colcon.colcon_core.environment:checking '/home/barusu/ros2_ws/install/zed_ros2/lib/pkgconfig/zed_ros2.pc'
[89.227s] Level 1:colcon.colcon_core.environment:checking '/home/barusu/ros2_ws/install/zed_ros2/lib/python3.10/site-packages'
[89.227s] Level 1:colcon.colcon_core.environment:checking '/home/barusu/ros2_ws/install/zed_ros2/bin'
[89.228s] INFO:colcon.colcon_core.shell:Creating package script '/home/barusu/ros2_ws/install/zed_ros2/share/zed_ros2/package.ps1'
[89.229s] INFO:colcon.colcon_core.shell:Creating package descriptor '/home/barusu/ros2_ws/install/zed_ros2/share/zed_ros2/package.dsv'
[89.229s] INFO:colcon.colcon_core.shell:Creating package script '/home/barusu/ros2_ws/install/zed_ros2/share/zed_ros2/package.sh'
[89.229s] INFO:colcon.colcon_core.shell:Creating package script '/home/barusu/ros2_ws/install/zed_ros2/share/zed_ros2/package.bash'
[89.229s] INFO:colcon.colcon_core.shell:Creating package script '/home/barusu/ros2_ws/install/zed_ros2/share/zed_ros2/package.zsh'
[89.230s] Level 1:colcon.colcon_core.environment:create_file_with_runtime_dependencies(/home/barusu/ros2_ws/install/zed_ros2/share/colcon-core/packages/zed_ros2)
[89.271s] Level 1:colcon.colcon_core.environment:create_environment_scripts_only(zed_ros2)
[89.272s] Level 1:colcon.colcon_core.environment:checking '/home/barusu/ros2_ws/install/zed_ros2' for CMake module files
[89.273s] Level 1:colcon.colcon_core.environment:checking '/home/barusu/ros2_ws/install/zed_ros2' for CMake config files
[89.273s] Level 1:colcon.colcon_core.shell:create_environment_hook('zed_ros2', 'cmake_prefix_path')
[89.274s] INFO:colcon.colcon_core.shell:Creating environment hook '/home/barusu/ros2_ws/install/zed_ros2/share/zed_ros2/hook/cmake_prefix_path.ps1'
[89.274s] INFO:colcon.colcon_core.shell:Creating environment descriptor '/home/barusu/ros2_ws/install/zed_ros2/share/zed_ros2/hook/cmake_prefix_path.dsv'
[89.275s] INFO:colcon.colcon_core.shell:Creating environment hook '/home/barusu/ros2_ws/install/zed_ros2/share/zed_ros2/hook/cmake_prefix_path.sh'
[89.275s] Level 1:colcon.colcon_core.environment:checking '/home/barusu/ros2_ws/install/zed_ros2/bin'
[89.275s] Level 1:colcon.colcon_core.environment:checking '/home/barusu/ros2_ws/install/zed_ros2/lib/pkgconfig/zed_ros2.pc'
[89.275s] Level 1:colcon.colcon_core.environment:checking '/home/barusu/ros2_ws/install/zed_ros2/lib/python3.10/site-packages'
[89.275s] Level 1:colcon.colcon_core.environment:checking '/home/barusu/ros2_ws/install/zed_ros2/bin'
[89.277s] INFO:colcon.colcon_core.shell:Creating package script '/home/barusu/ros2_ws/install/zed_ros2/share/zed_ros2/package.ps1'
[89.277s] INFO:colcon.colcon_core.shell:Creating package descriptor '/home/barusu/ros2_ws/install/zed_ros2/share/zed_ros2/package.dsv'
[89.277s] INFO:colcon.colcon_core.shell:Creating package script '/home/barusu/ros2_ws/install/zed_ros2/share/zed_ros2/package.sh'
[89.278s] INFO:colcon.colcon_core.shell:Creating package script '/home/barusu/ros2_ws/install/zed_ros2/share/zed_ros2/package.bash'
[89.278s] INFO:colcon.colcon_core.shell:Creating package script '/home/barusu/ros2_ws/install/zed_ros2/share/zed_ros2/package.zsh'
[89.278s] Level 1:colcon.colcon_core.environment:create_file_with_runtime_dependencies(/home/barusu/ros2_ws/install/zed_ros2/share/colcon-core/packages/zed_ros2)
[89.278s] DEBUG:colcon.colcon_parallel_executor.executor.parallel:closing loop
[89.279s] DEBUG:colcon.colcon_parallel_executor.executor.parallel:loop closed
[89.279s] DEBUG:colcon.colcon_parallel_executor.executor.parallel:run_until_complete finished with '0'
[89.279s] DEBUG:colcon.colcon_core.event_reactor:joining thread
[89.284s] INFO:colcon.colcon_core.plugin_system:Skipping extension 'colcon_notification.desktop_notification.terminal_notifier': Not used on non-Darwin systems
[89.284s] INFO:colcon.colcon_core.plugin_system:Skipping extension 'colcon_notification.desktop_notification.win32': Not used on non-Windows systems
[89.284s] INFO:colcon.colcon_notification.desktop_notification:Sending desktop notification using 'notify2'
[89.294s] DEBUG:colcon.colcon_core.event_reactor:joined thread
[89.295s] INFO:colcon.colcon_core.shell:Creating prefix script '/home/barusu/ros2_ws/install/local_setup.ps1'
[89.296s] INFO:colcon.colcon_core.shell:Creating prefix util module '/home/barusu/ros2_ws/install/_local_setup_util_ps1.py'
[89.297s] INFO:colcon.colcon_core.shell:Creating prefix chain script '/home/barusu/ros2_ws/install/setup.ps1'
[89.299s] INFO:colcon.colcon_core.shell:Creating prefix script '/home/barusu/ros2_ws/install/local_setup.sh'
[89.299s] INFO:colcon.colcon_core.shell:Creating prefix util module '/home/barusu/ros2_ws/install/_local_setup_util_sh.py'
[89.300s] INFO:colcon.colcon_core.shell:Creating prefix chain script '/home/barusu/ros2_ws/install/setup.sh'
[89.301s] INFO:colcon.colcon_core.shell:Creating prefix script '/home/barusu/ros2_ws/install/local_setup.bash'
[89.301s] INFO:colcon.colcon_core.shell:Creating prefix chain script '/home/barusu/ros2_ws/install/setup.bash'
[89.302s] INFO:colcon.colcon_core.shell:Creating prefix script '/home/barusu/ros2_ws/install/local_setup.zsh'
[89.303s] INFO:colcon.colcon_core.shell:Creating prefix chain script '/home/barusu/ros2_ws/install/setup.zsh'
