[0.035s] Invoking command in '/home/barusu/ros2_ws/build/zed_wrapper': CMAKE_PREFIX_PATH=/home/barusu/ros2_ws/install/zed_components:/home/barusu/ros2_ws/install/zed_interfaces:/home/barusu/ros2_ws/install/zed_ros2:/home/barusu/ros2_ws/install/zed_multi_camera:/home/barusu/ros2_ws/install/zed_display_rviz2:/home/barusu/ros2_ws/install/zed_wrapper:/home/barusu/ros2_ws/install/zed_tutorial_video:/home/barusu/ros2_ws/install/zed_tutorial_pos_tracking:/home/barusu/ros2_ws/install/zed_tutorial_depth:/home/barusu/ros2_ws/install/zed_topic_benchmark:/home/barusu/ros2_ws/install/zed_topic_benchmark_component:/home/barusu/ros2_ws/install/zed_topic_benchmark_interfaces:/home/barusu/ros2_ws/install/zed_rgb_convert:/home/barusu/ros2_ws/install/rviz_plugin_zed_od:/opt/ros/humble LD_LIBRARY_PATH=/home/barusu/ros2_ws/install/zed_components/lib:/home/barusu/ros2_ws/install/zed_interfaces/lib:/home/barusu/ros2_ws/install/zed_topic_benchmark_component/lib:/home/barusu/ros2_ws/install/zed_topic_benchmark_interfaces/lib:/home/barusu/ros2_ws/install/zed_rgb_convert/lib:/home/barusu/ros2_ws/install/rviz_plugin_zed_od/lib:/opt/ros/humble/opt/rviz_ogre_vendor/lib:/opt/ros/humble/lib/x86_64-linux-gnu:/opt/ros/humble/lib /home/barusu/.local/bin/cmake --build /home/barusu/ros2_ws/build/zed_wrapper -- -j8 -l8
[0.143s] [100%] Built target zed_wrapper
[0.160s] Invoked command in '/home/barusu/ros2_ws/build/zed_wrapper' returned '0': CMAKE_PREFIX_PATH=/home/barusu/ros2_ws/install/zed_components:/home/barusu/ros2_ws/install/zed_interfaces:/home/barusu/ros2_ws/install/zed_ros2:/home/barusu/ros2_ws/install/zed_multi_camera:/home/barusu/ros2_ws/install/zed_display_rviz2:/home/barusu/ros2_ws/install/zed_wrapper:/home/barusu/ros2_ws/install/zed_tutorial_video:/home/barusu/ros2_ws/install/zed_tutorial_pos_tracking:/home/barusu/ros2_ws/install/zed_tutorial_depth:/home/barusu/ros2_ws/install/zed_topic_benchmark:/home/barusu/ros2_ws/install/zed_topic_benchmark_component:/home/barusu/ros2_ws/install/zed_topic_benchmark_interfaces:/home/barusu/ros2_ws/install/zed_rgb_convert:/home/barusu/ros2_ws/install/rviz_plugin_zed_od:/opt/ros/humble LD_LIBRARY_PATH=/home/barusu/ros2_ws/install/zed_components/lib:/home/barusu/ros2_ws/install/zed_interfaces/lib:/home/barusu/ros2_ws/install/zed_topic_benchmark_component/lib:/home/barusu/ros2_ws/install/zed_topic_benchmark_interfaces/lib:/home/barusu/ros2_ws/install/zed_rgb_convert/lib:/home/barusu/ros2_ws/install/rviz_plugin_zed_od/lib:/opt/ros/humble/opt/rviz_ogre_vendor/lib:/opt/ros/humble/lib/x86_64-linux-gnu:/opt/ros/humble/lib /home/barusu/.local/bin/cmake --build /home/barusu/ros2_ws/build/zed_wrapper -- -j8 -l8
[0.266s] Invoking command in '/home/barusu/ros2_ws/build/zed_wrapper': CMAKE_PREFIX_PATH=/home/barusu/ros2_ws/install/zed_components:/home/barusu/ros2_ws/install/zed_interfaces:/home/barusu/ros2_ws/install/zed_ros2:/home/barusu/ros2_ws/install/zed_multi_camera:/home/barusu/ros2_ws/install/zed_display_rviz2:/home/barusu/ros2_ws/install/zed_wrapper:/home/barusu/ros2_ws/install/zed_tutorial_video:/home/barusu/ros2_ws/install/zed_tutorial_pos_tracking:/home/barusu/ros2_ws/install/zed_tutorial_depth:/home/barusu/ros2_ws/install/zed_topic_benchmark:/home/barusu/ros2_ws/install/zed_topic_benchmark_component:/home/barusu/ros2_ws/install/zed_topic_benchmark_interfaces:/home/barusu/ros2_ws/install/zed_rgb_convert:/home/barusu/ros2_ws/install/rviz_plugin_zed_od:/opt/ros/humble LD_LIBRARY_PATH=/home/barusu/ros2_ws/install/zed_components/lib:/home/barusu/ros2_ws/install/zed_interfaces/lib:/home/barusu/ros2_ws/install/zed_topic_benchmark_component/lib:/home/barusu/ros2_ws/install/zed_topic_benchmark_interfaces/lib:/home/barusu/ros2_ws/install/zed_rgb_convert/lib:/home/barusu/ros2_ws/install/rviz_plugin_zed_od/lib:/opt/ros/humble/opt/rviz_ogre_vendor/lib:/opt/ros/humble/lib/x86_64-linux-gnu:/opt/ros/humble/lib /home/barusu/.local/bin/cmake --install /home/barusu/ros2_ws/build/zed_wrapper
[0.323s] -- Install configuration: "Release"
[0.325s] -- Execute custom install script
[0.326s] -- Up-to-date symlink: /home/barusu/ros2_ws/install/zed_wrapper/lib/zed_wrapper/zed_wrapper
[0.327s] -- Up-to-date symlink: /home/barusu/ros2_ws/install/zed_wrapper/share/zed_wrapper/config/common.yaml
[0.327s] -- Up-to-date symlink: /home/barusu/ros2_ws/install/zed_wrapper/share/zed_wrapper/config/zed.yaml
[0.327s] -- Up-to-date symlink: /home/barusu/ros2_ws/install/zed_wrapper/share/zed_wrapper/config/zed2.yaml
[0.328s] -- Up-to-date symlink: /home/barusu/ros2_ws/install/zed_wrapper/share/zed_wrapper/config/zed2i.yaml
[0.328s] -- Up-to-date symlink: /home/barusu/ros2_ws/install/zed_wrapper/share/zed_wrapper/config/zedm.yaml
[0.329s] -- Up-to-date symlink: /home/barusu/ros2_ws/install/zed_wrapper/share/zed_wrapper/config/zedx.yaml
[0.329s] -- Up-to-date symlink: /home/barusu/ros2_ws/install/zed_wrapper/share/zed_wrapper/config/zedxm.yaml
[0.330s] -- Up-to-date symlink: /home/barusu/ros2_ws/install/zed_wrapper/share/zed_wrapper/urdf/include/materials.urdf.xacro
[0.330s] -- Up-to-date symlink: /home/barusu/ros2_ws/install/zed_wrapper/share/zed_wrapper/urdf/zed_descr.urdf.xacro
[0.330s] -- Up-to-date symlink: /home/barusu/ros2_ws/install/zed_wrapper/share/zed_wrapper/urdf/zed_macro.urdf.xacro
[0.331s] -- Up-to-date symlink: /home/barusu/ros2_ws/install/zed_wrapper/share/zed_wrapper/launch/include/zed_camera.launch.py
[0.331s] -- Up-to-date symlink: /home/barusu/ros2_ws/install/zed_wrapper/share/zed_wrapper/launch/zed.launch.py
[0.332s] -- Up-to-date symlink: /home/barusu/ros2_ws/install/zed_wrapper/share/zed_wrapper/launch/zed2.launch.py
[0.332s] -- Up-to-date symlink: /home/barusu/ros2_ws/install/zed_wrapper/share/zed_wrapper/launch/zed2i.launch.py
[0.332s] -- Up-to-date symlink: /home/barusu/ros2_ws/install/zed_wrapper/share/zed_wrapper/launch/zedm.launch.py
[0.333s] -- Up-to-date symlink: /home/barusu/ros2_ws/install/zed_wrapper/share/zed_wrapper/launch/zedx.launch.py
[0.334s] -- Up-to-date symlink: /home/barusu/ros2_ws/install/zed_wrapper/share/zed_wrapper/launch/zedxm.launch.py
[0.334s] -- Up-to-date symlink: /home/barusu/ros2_ws/install/zed_wrapper/share/ament_index/resource_index/package_run_dependencies/zed_wrapper
[0.335s] -- Up-to-date symlink: /home/barusu/ros2_ws/install/zed_wrapper/share/ament_index/resource_index/parent_prefix_path/zed_wrapper
[0.335s] -- Up-to-date symlink: /home/barusu/ros2_ws/install/zed_wrapper/share/zed_wrapper/environment/ament_prefix_path.sh
[0.335s] -- Up-to-date symlink: /home/barusu/ros2_ws/install/zed_wrapper/share/zed_wrapper/environment/ament_prefix_path.dsv
[0.336s] -- Up-to-date symlink: /home/barusu/ros2_ws/install/zed_wrapper/share/zed_wrapper/environment/path.sh
[0.336s] -- Up-to-date symlink: /home/barusu/ros2_ws/install/zed_wrapper/share/zed_wrapper/environment/path.dsv
[0.337s] -- Up-to-date symlink: /home/barusu/ros2_ws/install/zed_wrapper/share/zed_wrapper/local_setup.bash
[0.337s] -- Up-to-date symlink: /home/barusu/ros2_ws/install/zed_wrapper/share/zed_wrapper/local_setup.sh
[0.338s] -- Up-to-date symlink: /home/barusu/ros2_ws/install/zed_wrapper/share/zed_wrapper/local_setup.zsh
[0.338s] -- Up-to-date symlink: /home/barusu/ros2_ws/install/zed_wrapper/share/zed_wrapper/local_setup.dsv
[0.338s] -- Symlinking: /home/barusu/ros2_ws/install/zed_wrapper/share/zed_wrapper/package.dsv
[0.345s] -- Up-to-date symlink: /home/barusu/ros2_ws/install/zed_wrapper/share/ament_index/resource_index/packages/zed_wrapper
[0.345s] -- Up-to-date symlink: /home/barusu/ros2_ws/install/zed_wrapper/share/zed_wrapper/cmake/zed_wrapperConfig.cmake
[0.345s] -- Up-to-date symlink: /home/barusu/ros2_ws/install/zed_wrapper/share/zed_wrapper/cmake/zed_wrapperConfig-version.cmake
[0.346s] -- Up-to-date symlink: /home/barusu/ros2_ws/install/zed_wrapper/share/zed_wrapper/package.xml
[0.359s] Invoked command in '/home/barusu/ros2_ws/build/zed_wrapper' returned '0': CMAKE_PREFIX_PATH=/home/barusu/ros2_ws/install/zed_components:/home/barusu/ros2_ws/install/zed_interfaces:/home/barusu/ros2_ws/install/zed_ros2:/home/barusu/ros2_ws/install/zed_multi_camera:/home/barusu/ros2_ws/install/zed_display_rviz2:/home/barusu/ros2_ws/install/zed_wrapper:/home/barusu/ros2_ws/install/zed_tutorial_video:/home/barusu/ros2_ws/install/zed_tutorial_pos_tracking:/home/barusu/ros2_ws/install/zed_tutorial_depth:/home/barusu/ros2_ws/install/zed_topic_benchmark:/home/barusu/ros2_ws/install/zed_topic_benchmark_component:/home/barusu/ros2_ws/install/zed_topic_benchmark_interfaces:/home/barusu/ros2_ws/install/zed_rgb_convert:/home/barusu/ros2_ws/install/rviz_plugin_zed_od:/opt/ros/humble LD_LIBRARY_PATH=/home/barusu/ros2_ws/install/zed_components/lib:/home/barusu/ros2_ws/install/zed_interfaces/lib:/home/barusu/ros2_ws/install/zed_topic_benchmark_component/lib:/home/barusu/ros2_ws/install/zed_topic_benchmark_interfaces/lib:/home/barusu/ros2_ws/install/zed_rgb_convert/lib:/home/barusu/ros2_ws/install/rviz_plugin_zed_od/lib:/opt/ros/humble/opt/rviz_ogre_vendor/lib:/opt/ros/humble/lib/x86_64-linux-gnu:/opt/ros/humble/lib /home/barusu/.local/bin/cmake --install /home/barusu/ros2_ws/build/zed_wrapper
