[0.026s] Invoking command in '/home/barusu/ros2_ws/build/zed_rgb_convert': CMAKE_PREFIX_PATH=/home/barusu/ros2_ws/install/zed_components:/home/barusu/ros2_ws/install/zed_interfaces:/home/barusu/ros2_ws/install/zed_ros2:/home/barusu/ros2_ws/install/zed_wrapper:/home/barusu/ros2_ws/install/examples_rclcpp_wait_set:/home/barusu/ros2_ws/install/examples_rclcpp_multithreaded_executor:/home/barusu/ros2_ws/install/examples_rclcpp_minimal_timer:/home/barusu/ros2_ws/install/examples_rclcpp_minimal_subscriber:/home/barusu/ros2_ws/install/examples_rclcpp_minimal_service:/home/barusu/ros2_ws/install/examples_rclcpp_minimal_publisher:/home/barusu/ros2_ws/install/examples_rclcpp_minimal_composition:/home/barusu/ros2_ws/install/examples_rclcpp_minimal_client:/home/barusu/ros2_ws/install/examples_rclcpp_minimal_action_server:/home/barusu/ros2_ws/install/examples_rclcpp_minimal_action_client:/home/barusu/ros2_ws/install/examples_rclcpp_cbg_executor:/home/barusu/ros2_ws/install/examples_rclcpp_async_client:/home/barusu/ros2_ws/install/launch_testing_examples:/home/barusu/ros2_ws/install/examples_rclpy_pointcloud_publisher:/home/barusu/ros2_ws/install/examples_rclpy_minimal_subscriber:/home/barusu/ros2_ws/install/examples_rclpy_minimal_service:/home/barusu/ros2_ws/install/examples_rclpy_minimal_publisher:/home/barusu/ros2_ws/install/examples_rclpy_minimal_client:/home/barusu/ros2_ws/install/examples_rclpy_minimal_action_server:/home/barusu/ros2_ws/install/examples_rclpy_minimal_action_client:/home/barusu/ros2_ws/install/examples_rclpy_guard_conditions:/home/barusu/ros2_ws/install/examples_rclpy_executors:/opt/ros/humble /home/barusu/.local/bin/cmake /home/barusu/ros2_ws/src/zed-ros2-examples/tutorials/zed_rgb_convert -DCMAKE_BUILD_TYPE=Release -DAMENT_CMAKE_SYMLINK_INSTALL=1 -DCMAKE_INSTALL_PREFIX=/home/barusu/ros2_ws/install/zed_rgb_convert
[0.162s] -- The C compiler identification is GNU 11.3.0
[0.262s] -- The CXX compiler identification is GNU 11.3.0
[0.279s] -- Detecting C compiler ABI info
[0.366s] -- Detecting C compiler ABI info - done
[0.392s] -- Check for working C compiler: /usr/bin/cc - skipped
[0.395s] -- Detecting C compile features
[0.395s] -- Detecting C compile features - done
[0.401s] -- Detecting CXX compiler ABI info
[0.498s] -- Detecting CXX compiler ABI info - done
[0.512s] -- Check for working CXX compiler: /usr/bin/c++ - skipped
[0.514s] -- Detecting CXX compile features
[0.514s] -- Detecting CXX compile features - done
[0.531s] -- Found OpenCV: /usr (found version "4.5.4") 
[0.536s] -- Looking for sgemm_
[0.630s] -- Looking for sgemm_ - not found
[0.632s] -- Performing Test CMAKE_HAVE_LIBC_PTHREAD
[0.711s] -- Performing Test CMAKE_HAVE_LIBC_PTHREAD - Success
[0.713s] -- Found Threads: TRUE  
[0.817s] -- Looking for sgemm_
[0.960s] -- Looking for sgemm_ - found
[0.961s] -- Found BLAS: /usr/lib/x86_64-linux-gnu/libopenblas.so  
[1.012s] -- Found CUDA: /usr/local/cuda (found suitable version "12.1", minimum required is "12") 
[1.099s] -- Found CUDA: /usr/local/cuda (found version "12.1") 
[1.103s] -- Found ament_cmake_auto: 1.3.4 (/opt/ros/humble/share/ament_cmake_auto/cmake)
[2.753s] -- Found Python3: /usr/bin/python3.10 (found version "3.10.6") found components: Interpreter 
[3.029s] -- Override CMake install command with custom implementation using symlinks instead of copying resources
[3.353s] -- Found rosidl_generator_c: 3.1.4 (/opt/ros/humble/share/rosidl_generator_c/cmake)
[3.365s] -- Found rosidl_adapter: 3.1.4 (/opt/ros/humble/share/rosidl_adapter/cmake)
[3.389s] -- Found rosidl_generator_cpp: 3.1.4 (/opt/ros/humble/share/rosidl_generator_cpp/cmake)
[3.432s] -- Using all available rosidl_typesupport_c: rosidl_typesupport_fastrtps_c;rosidl_typesupport_introspection_c
[3.523s] -- Using all available rosidl_typesupport_cpp: rosidl_typesupport_fastrtps_cpp;rosidl_typesupport_introspection_cpp
[3.731s] -- Found rmw_implementation_cmake: 6.1.1 (/opt/ros/humble/share/rmw_implementation_cmake/cmake)
[3.739s] -- Found rmw_fastrtps_cpp: 6.2.2 (/opt/ros/humble/share/rmw_fastrtps_cpp/cmake)
[4.086s] -- Found OpenSSL: /usr/lib/x86_64-linux-gnu/libcrypto.so (found version "3.0.2")  
[4.182s] -- Found FastRTPS: /opt/ros/humble/include  
[4.301s] -- Using RMW implementation 'rmw_fastrtps_cpp' as default
[5.569s] -- Found eigen3_cmake_module: 0.1.1 (/opt/ros/humble/share/eigen3_cmake_module/cmake)
[5.572s] -- Found Eigen3: TRUE (found version "3.4.0") 
[5.572s] -- Ensuring Eigen3 include directory is part of orocos-kdl CMake target
[7.701s] -- Found ament_lint_auto: 0.12.6 (/opt/ros/humble/share/ament_lint_auto/cmake)
[8.737s] -- Added test 'copyright' to check source files copyright and LICENSE
[8.741s] -- Added test 'cppcheck' to perform static code analysis on C / C++ code
[8.742s] -- Configured cppcheck include dirs: /home/barusu/ros2_ws/src/zed-ros2-examples/tutorials/zed_rgb_convert/src/include;/home/barusu/ros2_ws/src/zed-ros2-examples/tutorials/zed_rgb_convert/src/component/include
[8.742s] -- Configured cppcheck exclude dirs and/or files: 
[8.745s] -- Added test 'cpplint' to check C / C++ code against the Google style
[8.745s] -- Configured cpplint exclude dirs and/or files: 
[8.747s] -- Added test 'flake8' to check Python code syntax and style conventions
[8.748s] -- Added test 'lint_cmake' to check CMake code style
[8.750s] -- Added test 'pep257' to check Python code against some of the docstring style conventions in PEP 257
[8.753s] -- Added test 'uncrustify' to check C / C++ code style
[8.753s] -- Configured uncrustify additional arguments: 
[8.755s] -- Added test 'xmllint' to check XML markup files
[8.759s] -- Added test 'clang_format' to check C / C++ code style
[8.765s] -- Configuring done (8.7s)
[8.868s] -- Generating done (0.1s)
[8.872s] -- Build files have been written to: /home/barusu/ros2_ws/build/zed_rgb_convert
[8.908s] Invoked command in '/home/barusu/ros2_ws/build/zed_rgb_convert' returned '0': CMAKE_PREFIX_PATH=/home/barusu/ros2_ws/install/zed_components:/home/barusu/ros2_ws/install/zed_interfaces:/home/barusu/ros2_ws/install/zed_ros2:/home/barusu/ros2_ws/install/zed_wrapper:/home/barusu/ros2_ws/install/examples_rclcpp_wait_set:/home/barusu/ros2_ws/install/examples_rclcpp_multithreaded_executor:/home/barusu/ros2_ws/install/examples_rclcpp_minimal_timer:/home/barusu/ros2_ws/install/examples_rclcpp_minimal_subscriber:/home/barusu/ros2_ws/install/examples_rclcpp_minimal_service:/home/barusu/ros2_ws/install/examples_rclcpp_minimal_publisher:/home/barusu/ros2_ws/install/examples_rclcpp_minimal_composition:/home/barusu/ros2_ws/install/examples_rclcpp_minimal_client:/home/barusu/ros2_ws/install/examples_rclcpp_minimal_action_server:/home/barusu/ros2_ws/install/examples_rclcpp_minimal_action_client:/home/barusu/ros2_ws/install/examples_rclcpp_cbg_executor:/home/barusu/ros2_ws/install/examples_rclcpp_async_client:/home/barusu/ros2_ws/install/launch_testing_examples:/home/barusu/ros2_ws/install/examples_rclpy_pointcloud_publisher:/home/barusu/ros2_ws/install/examples_rclpy_minimal_subscriber:/home/barusu/ros2_ws/install/examples_rclpy_minimal_service:/home/barusu/ros2_ws/install/examples_rclpy_minimal_publisher:/home/barusu/ros2_ws/install/examples_rclpy_minimal_client:/home/barusu/ros2_ws/install/examples_rclpy_minimal_action_server:/home/barusu/ros2_ws/install/examples_rclpy_minimal_action_client:/home/barusu/ros2_ws/install/examples_rclpy_guard_conditions:/home/barusu/ros2_ws/install/examples_rclpy_executors:/opt/ros/humble /home/barusu/.local/bin/cmake /home/barusu/ros2_ws/src/zed-ros2-examples/tutorials/zed_rgb_convert -DCMAKE_BUILD_TYPE=Release -DAMENT_CMAKE_SYMLINK_INSTALL=1 -DCMAKE_INSTALL_PREFIX=/home/barusu/ros2_ws/install/zed_rgb_convert
[8.910s] Invoking command in '/home/barusu/ros2_ws/build/zed_rgb_convert': CMAKE_PREFIX_PATH=/home/barusu/ros2_ws/install/zed_components:/home/barusu/ros2_ws/install/zed_interfaces:/home/barusu/ros2_ws/install/zed_ros2:/home/barusu/ros2_ws/install/zed_wrapper:/home/barusu/ros2_ws/install/examples_rclcpp_wait_set:/home/barusu/ros2_ws/install/examples_rclcpp_multithreaded_executor:/home/barusu/ros2_ws/install/examples_rclcpp_minimal_timer:/home/barusu/ros2_ws/install/examples_rclcpp_minimal_subscriber:/home/barusu/ros2_ws/install/examples_rclcpp_minimal_service:/home/barusu/ros2_ws/install/examples_rclcpp_minimal_publisher:/home/barusu/ros2_ws/install/examples_rclcpp_minimal_composition:/home/barusu/ros2_ws/install/examples_rclcpp_minimal_client:/home/barusu/ros2_ws/install/examples_rclcpp_minimal_action_server:/home/barusu/ros2_ws/install/examples_rclcpp_minimal_action_client:/home/barusu/ros2_ws/install/examples_rclcpp_cbg_executor:/home/barusu/ros2_ws/install/examples_rclcpp_async_client:/home/barusu/ros2_ws/install/launch_testing_examples:/home/barusu/ros2_ws/install/examples_rclpy_pointcloud_publisher:/home/barusu/ros2_ws/install/examples_rclpy_minimal_subscriber:/home/barusu/ros2_ws/install/examples_rclpy_minimal_service:/home/barusu/ros2_ws/install/examples_rclpy_minimal_publisher:/home/barusu/ros2_ws/install/examples_rclpy_minimal_client:/home/barusu/ros2_ws/install/examples_rclpy_minimal_action_server:/home/barusu/ros2_ws/install/examples_rclpy_minimal_action_client:/home/barusu/ros2_ws/install/examples_rclpy_guard_conditions:/home/barusu/ros2_ws/install/examples_rclpy_executors:/opt/ros/humble /home/barusu/.local/bin/cmake --build /home/barusu/ros2_ws/build/zed_rgb_convert -- -j8 -l8
[8.982s] [ 25%] [32mBuilding CXX object CMakeFiles/zed_rgb_convert_component.dir/src/component/src/zed_rgb_convert_component.cpp.o[0m
[19.683s] [ 50%] [32m[1mLinking CXX shared library libzed_rgb_convert_component.so[0m
[19.948s] [ 50%] Built target zed_rgb_convert_component
[19.963s] [ 75%] [32mBuilding CXX object CMakeFiles/zed_rgb_convert.dir/src/container/zed_rgb_convert.cpp.o[0m
[26.175s] In file included from [01m[K/home/barusu/ros2_ws/install/zed_components/include/zed_components/zed_camera_component.hpp:19[m[K,
[26.176s]                  from [01m[K/home/barusu/ros2_ws/src/zed-ros2-examples/tutorials/zed_rgb_convert/src/container/zed_rgb_convert.cpp:17[m[K:
[26.176s] [01m[K/usr/local/zed/include/sl/Fusion.hpp:68:64:[m[K [01;36m[Knote: [m[K‘[01m[K#pragma message: ~ FUSION SDK is distributed in Early Access ~[m[K’
[26.176s]    68 | #pragma message("~ FUSION SDK is distributed in Early Access ~"[01;36m[K)[m[K
[26.176s]       |                                                                [01;36m[K^[m[K
[31.509s] [100%] [32m[1mLinking CXX executable zed_rgb_convert[0m
[32.032s] [100%] Built target zed_rgb_convert
[32.046s] Invoked command in '/home/barusu/ros2_ws/build/zed_rgb_convert' returned '0': CMAKE_PREFIX_PATH=/home/barusu/ros2_ws/install/zed_components:/home/barusu/ros2_ws/install/zed_interfaces:/home/barusu/ros2_ws/install/zed_ros2:/home/barusu/ros2_ws/install/zed_wrapper:/home/barusu/ros2_ws/install/examples_rclcpp_wait_set:/home/barusu/ros2_ws/install/examples_rclcpp_multithreaded_executor:/home/barusu/ros2_ws/install/examples_rclcpp_minimal_timer:/home/barusu/ros2_ws/install/examples_rclcpp_minimal_subscriber:/home/barusu/ros2_ws/install/examples_rclcpp_minimal_service:/home/barusu/ros2_ws/install/examples_rclcpp_minimal_publisher:/home/barusu/ros2_ws/install/examples_rclcpp_minimal_composition:/home/barusu/ros2_ws/install/examples_rclcpp_minimal_client:/home/barusu/ros2_ws/install/examples_rclcpp_minimal_action_server:/home/barusu/ros2_ws/install/examples_rclcpp_minimal_action_client:/home/barusu/ros2_ws/install/examples_rclcpp_cbg_executor:/home/barusu/ros2_ws/install/examples_rclcpp_async_client:/home/barusu/ros2_ws/install/launch_testing_examples:/home/barusu/ros2_ws/install/examples_rclpy_pointcloud_publisher:/home/barusu/ros2_ws/install/examples_rclpy_minimal_subscriber:/home/barusu/ros2_ws/install/examples_rclpy_minimal_service:/home/barusu/ros2_ws/install/examples_rclpy_minimal_publisher:/home/barusu/ros2_ws/install/examples_rclpy_minimal_client:/home/barusu/ros2_ws/install/examples_rclpy_minimal_action_server:/home/barusu/ros2_ws/install/examples_rclpy_minimal_action_client:/home/barusu/ros2_ws/install/examples_rclpy_guard_conditions:/home/barusu/ros2_ws/install/examples_rclpy_executors:/opt/ros/humble /home/barusu/.local/bin/cmake --build /home/barusu/ros2_ws/build/zed_rgb_convert -- -j8 -l8
[32.130s] Invoking command in '/home/barusu/ros2_ws/build/zed_rgb_convert': CMAKE_PREFIX_PATH=/home/barusu/ros2_ws/install/zed_components:/home/barusu/ros2_ws/install/zed_interfaces:/home/barusu/ros2_ws/install/zed_ros2:/home/barusu/ros2_ws/install/zed_wrapper:/home/barusu/ros2_ws/install/examples_rclcpp_wait_set:/home/barusu/ros2_ws/install/examples_rclcpp_multithreaded_executor:/home/barusu/ros2_ws/install/examples_rclcpp_minimal_timer:/home/barusu/ros2_ws/install/examples_rclcpp_minimal_subscriber:/home/barusu/ros2_ws/install/examples_rclcpp_minimal_service:/home/barusu/ros2_ws/install/examples_rclcpp_minimal_publisher:/home/barusu/ros2_ws/install/examples_rclcpp_minimal_composition:/home/barusu/ros2_ws/install/examples_rclcpp_minimal_client:/home/barusu/ros2_ws/install/examples_rclcpp_minimal_action_server:/home/barusu/ros2_ws/install/examples_rclcpp_minimal_action_client:/home/barusu/ros2_ws/install/examples_rclcpp_cbg_executor:/home/barusu/ros2_ws/install/examples_rclcpp_async_client:/home/barusu/ros2_ws/install/launch_testing_examples:/home/barusu/ros2_ws/install/examples_rclpy_pointcloud_publisher:/home/barusu/ros2_ws/install/examples_rclpy_minimal_subscriber:/home/barusu/ros2_ws/install/examples_rclpy_minimal_service:/home/barusu/ros2_ws/install/examples_rclpy_minimal_publisher:/home/barusu/ros2_ws/install/examples_rclpy_minimal_client:/home/barusu/ros2_ws/install/examples_rclpy_minimal_action_server:/home/barusu/ros2_ws/install/examples_rclpy_minimal_action_client:/home/barusu/ros2_ws/install/examples_rclpy_guard_conditions:/home/barusu/ros2_ws/install/examples_rclpy_executors:/opt/ros/humble /home/barusu/.local/bin/cmake --install /home/barusu/ros2_ws/build/zed_rgb_convert
[32.173s] -- Install configuration: "Release"
[32.174s] -- Execute custom install script
[32.174s] -- Symlinking: /home/barusu/ros2_ws/install/zed_rgb_convert/lib/zed_rgb_convert/zed_rgb_convert
[32.179s] -- Symlinking: /home/barusu/ros2_ws/install/zed_rgb_convert/lib/libzed_rgb_convert_component.so
[32.183s] -- Symlinking: /home/barusu/ros2_ws/install/zed_rgb_convert/include/zed_rgb_convert//cvt_visibility_control.hpp
[32.188s] -- Symlinking: /home/barusu/ros2_ws/install/zed_rgb_convert/share/zed_rgb_convert/launch/zed_rgb_convert.launch.py
[32.193s] -- Symlinking: /home/barusu/ros2_ws/install/zed_rgb_convert/share/zed_rgb_convert/environment/library_path.sh
[32.197s] -- Symlinking: /home/barusu/ros2_ws/install/zed_rgb_convert/share/zed_rgb_convert/environment/library_path.dsv
[32.201s] -- Symlinking: /home/barusu/ros2_ws/install/zed_rgb_convert/share/ament_index/resource_index/package_run_dependencies/zed_rgb_convert
[32.206s] -- Symlinking: /home/barusu/ros2_ws/install/zed_rgb_convert/share/ament_index/resource_index/parent_prefix_path/zed_rgb_convert
[32.210s] -- Symlinking: /home/barusu/ros2_ws/install/zed_rgb_convert/share/zed_rgb_convert/environment/ament_prefix_path.sh
[32.215s] -- Symlinking: /home/barusu/ros2_ws/install/zed_rgb_convert/share/zed_rgb_convert/environment/ament_prefix_path.dsv
[32.219s] -- Symlinking: /home/barusu/ros2_ws/install/zed_rgb_convert/share/zed_rgb_convert/environment/path.sh
[32.223s] -- Symlinking: /home/barusu/ros2_ws/install/zed_rgb_convert/share/zed_rgb_convert/environment/path.dsv
[32.228s] -- Symlinking: /home/barusu/ros2_ws/install/zed_rgb_convert/share/zed_rgb_convert/local_setup.bash
[32.232s] -- Symlinking: /home/barusu/ros2_ws/install/zed_rgb_convert/share/zed_rgb_convert/local_setup.sh
[32.236s] -- Symlinking: /home/barusu/ros2_ws/install/zed_rgb_convert/share/zed_rgb_convert/local_setup.zsh
[32.241s] -- Symlinking: /home/barusu/ros2_ws/install/zed_rgb_convert/share/zed_rgb_convert/local_setup.dsv
[32.245s] -- Symlinking: /home/barusu/ros2_ws/install/zed_rgb_convert/share/zed_rgb_convert/package.dsv
[32.250s] -- Symlinking: /home/barusu/ros2_ws/install/zed_rgb_convert/share/ament_index/resource_index/packages/zed_rgb_convert
[32.254s] -- Symlinking: /home/barusu/ros2_ws/install/zed_rgb_convert/share/ament_index/resource_index/rclcpp_components/zed_rgb_convert
[32.259s] -- Symlinking: /home/barusu/ros2_ws/install/zed_rgb_convert/share/zed_rgb_convert/cmake/ament_cmake_export_include_directories-extras.cmake
[32.263s] -- Symlinking: /home/barusu/ros2_ws/install/zed_rgb_convert/share/zed_rgb_convert/cmake/ament_cmake_export_libraries-extras.cmake
[32.267s] -- Symlinking: /home/barusu/ros2_ws/install/zed_rgb_convert/share/zed_rgb_convert/cmake/ament_cmake_export_dependencies-extras.cmake
[32.272s] -- Symlinking: /home/barusu/ros2_ws/install/zed_rgb_convert/share/zed_rgb_convert/cmake/zed_rgb_convertConfig.cmake
[32.276s] -- Symlinking: /home/barusu/ros2_ws/install/zed_rgb_convert/share/zed_rgb_convert/cmake/zed_rgb_convertConfig-version.cmake
[32.281s] -- Symlinking: /home/barusu/ros2_ws/install/zed_rgb_convert/share/zed_rgb_convert/package.xml
[32.299s] Invoked command in '/home/barusu/ros2_ws/build/zed_rgb_convert' returned '0': CMAKE_PREFIX_PATH=/home/barusu/ros2_ws/install/zed_components:/home/barusu/ros2_ws/install/zed_interfaces:/home/barusu/ros2_ws/install/zed_ros2:/home/barusu/ros2_ws/install/zed_wrapper:/home/barusu/ros2_ws/install/examples_rclcpp_wait_set:/home/barusu/ros2_ws/install/examples_rclcpp_multithreaded_executor:/home/barusu/ros2_ws/install/examples_rclcpp_minimal_timer:/home/barusu/ros2_ws/install/examples_rclcpp_minimal_subscriber:/home/barusu/ros2_ws/install/examples_rclcpp_minimal_service:/home/barusu/ros2_ws/install/examples_rclcpp_minimal_publisher:/home/barusu/ros2_ws/install/examples_rclcpp_minimal_composition:/home/barusu/ros2_ws/install/examples_rclcpp_minimal_client:/home/barusu/ros2_ws/install/examples_rclcpp_minimal_action_server:/home/barusu/ros2_ws/install/examples_rclcpp_minimal_action_client:/home/barusu/ros2_ws/install/examples_rclcpp_cbg_executor:/home/barusu/ros2_ws/install/examples_rclcpp_async_client:/home/barusu/ros2_ws/install/launch_testing_examples:/home/barusu/ros2_ws/install/examples_rclpy_pointcloud_publisher:/home/barusu/ros2_ws/install/examples_rclpy_minimal_subscriber:/home/barusu/ros2_ws/install/examples_rclpy_minimal_service:/home/barusu/ros2_ws/install/examples_rclpy_minimal_publisher:/home/barusu/ros2_ws/install/examples_rclpy_minimal_client:/home/barusu/ros2_ws/install/examples_rclpy_minimal_action_server:/home/barusu/ros2_ws/install/examples_rclpy_minimal_action_client:/home/barusu/ros2_ws/install/examples_rclpy_guard_conditions:/home/barusu/ros2_ws/install/examples_rclpy_executors:/opt/ros/humble /home/barusu/.local/bin/cmake --install /home/barusu/ros2_ws/build/zed_rgb_convert
