[0.042s] Invoking command in '/home/barusu/ros2_ws/build/zed_multi_camera': CMAKE_PREFIX_PATH=/home/barusu/ros2_ws/install/zed_wrapper:/home/barusu/ros2_ws/install/zed_components:/home/barusu/ros2_ws/install/zed_interfaces:/home/barusu/ros2_ws/install/zed_ros2:/home/barusu/ros2_ws/install/zed_multi_camera:/home/barusu/ros2_ws/install/zed_display_rviz2:/home/barusu/ros2_ws/install/zed_tutorial_video:/home/barusu/ros2_ws/install/zed_tutorial_pos_tracking:/home/barusu/ros2_ws/install/zed_tutorial_depth:/home/barusu/ros2_ws/install/zed_topic_benchmark:/home/barusu/ros2_ws/install/zed_topic_benchmark_component:/home/barusu/ros2_ws/install/zed_topic_benchmark_interfaces:/home/barusu/ros2_ws/install/zed_rgb_convert:/home/barusu/ros2_ws/install/rviz_plugin_zed_od:/opt/ros/humble LD_LIBRARY_PATH=/home/barusu/ros2_ws/install/zed_components/lib:/home/barusu/ros2_ws/install/zed_interfaces/lib:/home/barusu/ros2_ws/install/zed_topic_benchmark_component/lib:/home/barusu/ros2_ws/install/zed_topic_benchmark_interfaces/lib:/home/barusu/ros2_ws/install/zed_rgb_convert/lib:/home/barusu/ros2_ws/install/rviz_plugin_zed_od/lib:/opt/ros/humble/opt/rviz_ogre_vendor/lib:/opt/ros/humble/lib/x86_64-linux-gnu:/opt/ros/humble/lib /home/barusu/.local/bin/cmake --build /home/barusu/ros2_ws/build/zed_multi_camera -- -j8 -l8
[18.015s] -- Found ament_cmake_auto: 1.3.4 (/opt/ros/humble/share/ament_cmake_auto/cmake)
[18.015s] -- Override CMake install command with custom implementation using symlinks instead of copying resources
[18.015s] -- Found ament_lint_auto: 0.12.6 (/opt/ros/humble/share/ament_lint_auto/cmake)
[18.015s] -- Added test 'copyright' to check source files copyright and LICENSE
[18.015s] -- Added test 'flake8' to check Python code syntax and style conventions
[18.015s] -- Added test 'lint_cmake' to check CMake code style
[18.016s] -- Added test 'pep257' to check Python code against some of the docstring style conventions in PEP 257
[18.016s] -- Added test 'xmllint' to check XML markup files
[18.016s] -- Configuring done (0.5s)
[18.016s] -- Generating done (0.0s)
[18.016s] -- Build files have been written to: /home/barusu/ros2_ws/build/zed_multi_camera
[18.040s] Invoked command in '/home/barusu/ros2_ws/build/zed_multi_camera' returned '0': CMAKE_PREFIX_PATH=/home/barusu/ros2_ws/install/zed_wrapper:/home/barusu/ros2_ws/install/zed_components:/home/barusu/ros2_ws/install/zed_interfaces:/home/barusu/ros2_ws/install/zed_ros2:/home/barusu/ros2_ws/install/zed_multi_camera:/home/barusu/ros2_ws/install/zed_display_rviz2:/home/barusu/ros2_ws/install/zed_tutorial_video:/home/barusu/ros2_ws/install/zed_tutorial_pos_tracking:/home/barusu/ros2_ws/install/zed_tutorial_depth:/home/barusu/ros2_ws/install/zed_topic_benchmark:/home/barusu/ros2_ws/install/zed_topic_benchmark_component:/home/barusu/ros2_ws/install/zed_topic_benchmark_interfaces:/home/barusu/ros2_ws/install/zed_rgb_convert:/home/barusu/ros2_ws/install/rviz_plugin_zed_od:/opt/ros/humble LD_LIBRARY_PATH=/home/barusu/ros2_ws/install/zed_components/lib:/home/barusu/ros2_ws/install/zed_interfaces/lib:/home/barusu/ros2_ws/install/zed_topic_benchmark_component/lib:/home/barusu/ros2_ws/install/zed_topic_benchmark_interfaces/lib:/home/barusu/ros2_ws/install/zed_rgb_convert/lib:/home/barusu/ros2_ws/install/rviz_plugin_zed_od/lib:/opt/ros/humble/opt/rviz_ogre_vendor/lib:/opt/ros/humble/lib/x86_64-linux-gnu:/opt/ros/humble/lib /home/barusu/.local/bin/cmake --build /home/barusu/ros2_ws/build/zed_multi_camera -- -j8 -l8
[18.258s] Invoking command in '/home/barusu/ros2_ws/build/zed_multi_camera': CMAKE_PREFIX_PATH=/home/barusu/ros2_ws/install/zed_wrapper:/home/barusu/ros2_ws/install/zed_components:/home/barusu/ros2_ws/install/zed_interfaces:/home/barusu/ros2_ws/install/zed_ros2:/home/barusu/ros2_ws/install/zed_multi_camera:/home/barusu/ros2_ws/install/zed_display_rviz2:/home/barusu/ros2_ws/install/zed_tutorial_video:/home/barusu/ros2_ws/install/zed_tutorial_pos_tracking:/home/barusu/ros2_ws/install/zed_tutorial_depth:/home/barusu/ros2_ws/install/zed_topic_benchmark:/home/barusu/ros2_ws/install/zed_topic_benchmark_component:/home/barusu/ros2_ws/install/zed_topic_benchmark_interfaces:/home/barusu/ros2_ws/install/zed_rgb_convert:/home/barusu/ros2_ws/install/rviz_plugin_zed_od:/opt/ros/humble LD_LIBRARY_PATH=/home/barusu/ros2_ws/install/zed_components/lib:/home/barusu/ros2_ws/install/zed_interfaces/lib:/home/barusu/ros2_ws/install/zed_topic_benchmark_component/lib:/home/barusu/ros2_ws/install/zed_topic_benchmark_interfaces/lib:/home/barusu/ros2_ws/install/zed_rgb_convert/lib:/home/barusu/ros2_ws/install/rviz_plugin_zed_od/lib:/opt/ros/humble/opt/rviz_ogre_vendor/lib:/opt/ros/humble/lib/x86_64-linux-gnu:/opt/ros/humble/lib /home/barusu/.local/bin/cmake --install /home/barusu/ros2_ws/build/zed_multi_camera
[18.345s] -- Install configuration: "Release"
[18.345s] -- Execute custom install script
[18.354s] -- Up-to-date symlink: /home/barusu/ros2_ws/install/zed_multi_camera/share/zed_multi_camera/launch/zed_multi_camera.launch.py
[18.354s] -- Up-to-date symlink: /home/barusu/ros2_ws/install/zed_multi_camera/share/ament_index/resource_index/package_run_dependencies/zed_multi_camera
[18.354s] -- Up-to-date symlink: /home/barusu/ros2_ws/install/zed_multi_camera/share/ament_index/resource_index/parent_prefix_path/zed_multi_camera
[18.356s] -- Up-to-date symlink: /home/barusu/ros2_ws/install/zed_multi_camera/share/zed_multi_camera/environment/ament_prefix_path.sh
[18.357s] -- Up-to-date symlink: /home/barusu/ros2_ws/install/zed_multi_camera/share/zed_multi_camera/environment/ament_prefix_path.dsv
[18.357s] -- Up-to-date symlink: /home/barusu/ros2_ws/install/zed_multi_camera/share/zed_multi_camera/environment/path.sh
[18.358s] -- Up-to-date symlink: /home/barusu/ros2_ws/install/zed_multi_camera/share/zed_multi_camera/environment/path.dsv
[18.361s] -- Up-to-date symlink: /home/barusu/ros2_ws/install/zed_multi_camera/share/zed_multi_camera/local_setup.bash
[18.361s] -- Up-to-date symlink: /home/barusu/ros2_ws/install/zed_multi_camera/share/zed_multi_camera/local_setup.sh
[18.361s] -- Up-to-date symlink: /home/barusu/ros2_ws/install/zed_multi_camera/share/zed_multi_camera/local_setup.zsh
[18.362s] -- Up-to-date symlink: /home/barusu/ros2_ws/install/zed_multi_camera/share/zed_multi_camera/local_setup.dsv
[18.363s] -- Symlinking: /home/barusu/ros2_ws/install/zed_multi_camera/share/zed_multi_camera/package.dsv
[18.381s] -- Up-to-date symlink: /home/barusu/ros2_ws/install/zed_multi_camera/share/ament_index/resource_index/packages/zed_multi_camera
[18.382s] -- Up-to-date symlink: /home/barusu/ros2_ws/install/zed_multi_camera/share/zed_multi_camera/cmake/zed_multi_cameraConfig.cmake
[18.383s] -- Up-to-date symlink: /home/barusu/ros2_ws/install/zed_multi_camera/share/zed_multi_camera/cmake/zed_multi_cameraConfig-version.cmake
[18.384s] -- Up-to-date symlink: /home/barusu/ros2_ws/install/zed_multi_camera/share/zed_multi_camera/package.xml
[18.407s] Invoked command in '/home/barusu/ros2_ws/build/zed_multi_camera' returned '0': CMAKE_PREFIX_PATH=/home/barusu/ros2_ws/install/zed_wrapper:/home/barusu/ros2_ws/install/zed_components:/home/barusu/ros2_ws/install/zed_interfaces:/home/barusu/ros2_ws/install/zed_ros2:/home/barusu/ros2_ws/install/zed_multi_camera:/home/barusu/ros2_ws/install/zed_display_rviz2:/home/barusu/ros2_ws/install/zed_tutorial_video:/home/barusu/ros2_ws/install/zed_tutorial_pos_tracking:/home/barusu/ros2_ws/install/zed_tutorial_depth:/home/barusu/ros2_ws/install/zed_topic_benchmark:/home/barusu/ros2_ws/install/zed_topic_benchmark_component:/home/barusu/ros2_ws/install/zed_topic_benchmark_interfaces:/home/barusu/ros2_ws/install/zed_rgb_convert:/home/barusu/ros2_ws/install/rviz_plugin_zed_od:/opt/ros/humble LD_LIBRARY_PATH=/home/barusu/ros2_ws/install/zed_components/lib:/home/barusu/ros2_ws/install/zed_interfaces/lib:/home/barusu/ros2_ws/install/zed_topic_benchmark_component/lib:/home/barusu/ros2_ws/install/zed_topic_benchmark_interfaces/lib:/home/barusu/ros2_ws/install/zed_rgb_convert/lib:/home/barusu/ros2_ws/install/rviz_plugin_zed_od/lib:/opt/ros/humble/opt/rviz_ogre_vendor/lib:/opt/ros/humble/lib/x86_64-linux-gnu:/opt/ros/humble/lib /home/barusu/.local/bin/cmake --install /home/barusu/ros2_ws/build/zed_multi_camera
