[0.009s] Invoking command in '/home/barusu/ros2_ws/build/zed_components': AMENT_PREFIX_PATH=/home/barusu/ros2_ws/install/zed_interfaces:${AMENT_PREFIX_PATH} CMAKE_PREFIX_PATH=/home/barusu/ros2_ws/install/zed_interfaces:/home/barusu/ros2_ws/install/examples_rclcpp_wait_set:/home/barusu/ros2_ws/install/examples_rclcpp_multithreaded_executor:/home/barusu/ros2_ws/install/examples_rclcpp_minimal_timer:/home/barusu/ros2_ws/install/examples_rclcpp_minimal_subscriber:/home/barusu/ros2_ws/install/examples_rclcpp_minimal_service:/home/barusu/ros2_ws/install/examples_rclcpp_minimal_publisher:/home/barusu/ros2_ws/install/examples_rclcpp_minimal_composition:/home/barusu/ros2_ws/install/examples_rclcpp_minimal_client:/home/barusu/ros2_ws/install/examples_rclcpp_minimal_action_server:/home/barusu/ros2_ws/install/examples_rclcpp_minimal_action_client:/home/barusu/ros2_ws/install/examples_rclcpp_cbg_executor:/home/barusu/ros2_ws/install/examples_rclcpp_async_client:/home/barusu/ros2_ws/install/launch_testing_examples:/home/barusu/ros2_ws/install/examples_rclpy_pointcloud_publisher:/home/barusu/ros2_ws/install/examples_rclpy_minimal_subscriber:/home/barusu/ros2_ws/install/examples_rclpy_minimal_service:/home/barusu/ros2_ws/install/examples_rclpy_minimal_publisher:/home/barusu/ros2_ws/install/examples_rclpy_minimal_client:/home/barusu/ros2_ws/install/examples_rclpy_minimal_action_server:/home/barusu/ros2_ws/install/examples_rclpy_minimal_action_client:/home/barusu/ros2_ws/install/examples_rclpy_guard_conditions:/home/barusu/ros2_ws/install/examples_rclpy_executors:/opt/ros/humble LD_LIBRARY_PATH=/home/barusu/ros2_ws/install/zed_interfaces/lib:${LD_LIBRARY_PATH} PYTHONPATH=/home/barusu/ros2_ws/install/zed_interfaces/local/lib/python3.10/dist-packages:${PYTHONPATH} /home/barusu/.local/bin/cmake /home/barusu/ros2_ws/src/zed-ros2-wrapper/zed_components -DCMAKE_BUILD_TYPE=Release -DAMENT_CMAKE_SYMLINK_INSTALL=1 -DCMAKE_INSTALL_PREFIX=/home/barusu/ros2_ws/install/zed_components
[0.085s] -- The C compiler identification is GNU 11.3.0
[0.140s] -- The CXX compiler identification is GNU 11.3.0
[0.150s] -- Detecting C compiler ABI info
[0.202s] -- Detecting C compiler ABI info - done
[0.212s] -- Check for working C compiler: /usr/bin/cc - skipped
[0.213s] -- Detecting C compile features
[0.213s] -- Detecting C compile features - done
[0.216s] -- Detecting CXX compiler ABI info
[0.278s] -- Detecting CXX compiler ABI info - done
[0.289s] -- Check for working CXX compiler: /usr/bin/c++ - skipped
[0.289s] -- Detecting CXX compile features
[0.290s] -- Detecting CXX compile features - done
[0.294s] -- Looking for sgemm_
[0.346s] -- Looking for sgemm_ - not found
[0.348s] -- Performing Test CMAKE_HAVE_LIBC_PTHREAD
[0.404s] -- Performing Test CMAKE_HAVE_LIBC_PTHREAD - Success
[0.405s] -- Found Threads: TRUE  
[0.453s] -- Looking for sgemm_
[0.540s] -- Looking for sgemm_ - found
[0.540s] -- Found BLAS: /usr/lib/x86_64-linux-gnu/libopenblas.so  
[0.569s] -- Found CUDA: /usr/local/cuda (found suitable version "12.1", minimum required is "12") 
[0.696s] -- Found CUDA: /usr/local/cuda (found version "12.1") 
[0.698s] -- Found ament_cmake_auto: 1.3.4 (/opt/ros/humble/share/ament_cmake_auto/cmake)
[1.233s] -- Found Python3: /usr/bin/python3.10 (found version "3.10.6") found components: Interpreter 
[1.291s] -- Override CMake install command with custom implementation using symlinks instead of copying resources
[1.403s] -- Found rosidl_generator_c: 3.1.4 (/opt/ros/humble/share/rosidl_generator_c/cmake)
[1.409s] -- Found rosidl_adapter: 3.1.4 (/opt/ros/humble/share/rosidl_adapter/cmake)
[1.418s] -- Found rosidl_generator_cpp: 3.1.4 (/opt/ros/humble/share/rosidl_generator_cpp/cmake)
[1.435s] -- Using all available rosidl_typesupport_c: rosidl_typesupport_fastrtps_c;rosidl_typesupport_introspection_c
[1.459s] -- Using all available rosidl_typesupport_cpp: rosidl_typesupport_fastrtps_cpp;rosidl_typesupport_introspection_cpp
[1.838s] -- Found rmw_implementation_cmake: 6.1.1 (/opt/ros/humble/share/rmw_implementation_cmake/cmake)
[1.842s] -- Found rmw_fastrtps_cpp: 6.2.2 (/opt/ros/humble/share/rmw_fastrtps_cpp/cmake)
[1.959s] -- Found OpenSSL: /usr/lib/x86_64-linux-gnu/libcrypto.so (found version "3.0.2")  
[1.985s] -- Found FastRTPS: /opt/ros/humble/include  
[2.035s] -- Using RMW implementation 'rmw_fastrtps_cpp' as default
[3.193s] -- Found eigen3_cmake_module: 0.1.1 (/opt/ros/humble/share/eigen3_cmake_module/cmake)
[3.195s] -- Found Eigen3: TRUE (found version "3.4.0") 
[3.195s] -- Ensuring Eigen3 include directory is part of orocos-kdl CMake target
[3.663s] -- Found ament_lint_auto: 0.12.6 (/opt/ros/humble/share/ament_lint_auto/cmake)
[3.700s] -- Added test 'copyright' to check source files copyright and LICENSE
[3.703s] -- Added test 'cppcheck' to perform static code analysis on C / C++ code
[3.703s] -- Configured cppcheck include dirs: /home/barusu/ros2_ws/src/zed-ros2-wrapper/zed_components/src/include;/home/barusu/ros2_ws/src/zed-ros2-wrapper/zed_components/src/zed_camera/include;/home/barusu/ros2_ws/src/zed-ros2-wrapper/zed_components/src/tools/include
[3.703s] -- Configured cppcheck exclude dirs and/or files: 
[3.705s] -- Added test 'lint_cmake' to check CMake code style
[3.707s] -- Added test 'uncrustify' to check C / C++ code style
[3.707s] -- Configured uncrustify additional arguments: 
[3.708s] -- Added test 'xmllint' to check XML markup files
[3.712s] -- Configuring done (3.7s)
[3.740s] -- Generating done (0.0s)
[3.742s] -- Build files have been written to: /home/barusu/ros2_ws/build/zed_components
[3.757s] Invoked command in '/home/barusu/ros2_ws/build/zed_components' returned '0': AMENT_PREFIX_PATH=/home/barusu/ros2_ws/install/zed_interfaces:${AMENT_PREFIX_PATH} CMAKE_PREFIX_PATH=/home/barusu/ros2_ws/install/zed_interfaces:/home/barusu/ros2_ws/install/examples_rclcpp_wait_set:/home/barusu/ros2_ws/install/examples_rclcpp_multithreaded_executor:/home/barusu/ros2_ws/install/examples_rclcpp_minimal_timer:/home/barusu/ros2_ws/install/examples_rclcpp_minimal_subscriber:/home/barusu/ros2_ws/install/examples_rclcpp_minimal_service:/home/barusu/ros2_ws/install/examples_rclcpp_minimal_publisher:/home/barusu/ros2_ws/install/examples_rclcpp_minimal_composition:/home/barusu/ros2_ws/install/examples_rclcpp_minimal_client:/home/barusu/ros2_ws/install/examples_rclcpp_minimal_action_server:/home/barusu/ros2_ws/install/examples_rclcpp_minimal_action_client:/home/barusu/ros2_ws/install/examples_rclcpp_cbg_executor:/home/barusu/ros2_ws/install/examples_rclcpp_async_client:/home/barusu/ros2_ws/install/launch_testing_examples:/home/barusu/ros2_ws/install/examples_rclpy_pointcloud_publisher:/home/barusu/ros2_ws/install/examples_rclpy_minimal_subscriber:/home/barusu/ros2_ws/install/examples_rclpy_minimal_service:/home/barusu/ros2_ws/install/examples_rclpy_minimal_publisher:/home/barusu/ros2_ws/install/examples_rclpy_minimal_client:/home/barusu/ros2_ws/install/examples_rclpy_minimal_action_server:/home/barusu/ros2_ws/install/examples_rclpy_minimal_action_client:/home/barusu/ros2_ws/install/examples_rclpy_guard_conditions:/home/barusu/ros2_ws/install/examples_rclpy_executors:/opt/ros/humble LD_LIBRARY_PATH=/home/barusu/ros2_ws/install/zed_interfaces/lib:${LD_LIBRARY_PATH} PYTHONPATH=/home/barusu/ros2_ws/install/zed_interfaces/local/lib/python3.10/dist-packages:${PYTHONPATH} /home/barusu/.local/bin/cmake /home/barusu/ros2_ws/src/zed-ros2-wrapper/zed_components -DCMAKE_BUILD_TYPE=Release -DAMENT_CMAKE_SYMLINK_INSTALL=1 -DCMAKE_INSTALL_PREFIX=/home/barusu/ros2_ws/install/zed_components
[3.759s] Invoking command in '/home/barusu/ros2_ws/build/zed_components': AMENT_PREFIX_PATH=/home/barusu/ros2_ws/install/zed_interfaces:${AMENT_PREFIX_PATH} CMAKE_PREFIX_PATH=/home/barusu/ros2_ws/install/zed_interfaces:/home/barusu/ros2_ws/install/examples_rclcpp_wait_set:/home/barusu/ros2_ws/install/examples_rclcpp_multithreaded_executor:/home/barusu/ros2_ws/install/examples_rclcpp_minimal_timer:/home/barusu/ros2_ws/install/examples_rclcpp_minimal_subscriber:/home/barusu/ros2_ws/install/examples_rclcpp_minimal_service:/home/barusu/ros2_ws/install/examples_rclcpp_minimal_publisher:/home/barusu/ros2_ws/install/examples_rclcpp_minimal_composition:/home/barusu/ros2_ws/install/examples_rclcpp_minimal_client:/home/barusu/ros2_ws/install/examples_rclcpp_minimal_action_server:/home/barusu/ros2_ws/install/examples_rclcpp_minimal_action_client:/home/barusu/ros2_ws/install/examples_rclcpp_cbg_executor:/home/barusu/ros2_ws/install/examples_rclcpp_async_client:/home/barusu/ros2_ws/install/launch_testing_examples:/home/barusu/ros2_ws/install/examples_rclpy_pointcloud_publisher:/home/barusu/ros2_ws/install/examples_rclpy_minimal_subscriber:/home/barusu/ros2_ws/install/examples_rclpy_minimal_service:/home/barusu/ros2_ws/install/examples_rclpy_minimal_publisher:/home/barusu/ros2_ws/install/examples_rclpy_minimal_client:/home/barusu/ros2_ws/install/examples_rclpy_minimal_action_server:/home/barusu/ros2_ws/install/examples_rclpy_minimal_action_client:/home/barusu/ros2_ws/install/examples_rclpy_guard_conditions:/home/barusu/ros2_ws/install/examples_rclpy_executors:/opt/ros/humble LD_LIBRARY_PATH=/home/barusu/ros2_ws/install/zed_interfaces/lib:${LD_LIBRARY_PATH} PYTHONPATH=/home/barusu/ros2_ws/install/zed_interfaces/local/lib/python3.10/dist-packages:${PYTHONPATH} /home/barusu/.local/bin/cmake --build /home/barusu/ros2_ws/build/zed_components -- -j8 -l8
[3.807s] [ 50%] [32mBuilding CXX object CMakeFiles/zed_camera_component.dir/src/tools/src/sl_win_avg.cpp.o[0m
[3.807s] [ 50%] [32mBuilding CXX object CMakeFiles/zed_camera_component.dir/src/tools/src/sl_tools.cpp.o[0m
[3.807s] [ 75%] [32mBuilding CXX object CMakeFiles/zed_camera_component.dir/src/zed_camera/src/zed_camera_component.cpp.o[0m
[5.002s] In file included from [01m[K/home/barusu/ros2_ws/src/zed-ros2-wrapper/zed_components/src/zed_camera/include/zed_camera_component.hpp:19[m[K,
[5.002s]                  from [01m[K/home/barusu/ros2_ws/src/zed-ros2-wrapper/zed_components/src/zed_camera/src/zed_camera_component.cpp:20[m[K:
[5.002s] [01m[K/usr/local/zed/include/sl/Fusion.hpp:68:64:[m[K [01;36m[Knote: [m[K‘[01m[K#pragma message: ~ FUSION SDK is distributed in Early Access ~[m[K’
[5.002s]    68 | #pragma message("~ FUSION SDK is distributed in Early Access ~"[01;36m[K)[m[K
[5.002s]       |                                                                [01;36m[K^[m[K
[57.792s] [100%] [32m[1mLinking CXX shared library libzed_camera_component.so[0m
[58.288s] [100%] Built target zed_camera_component
[58.296s] Invoked command in '/home/barusu/ros2_ws/build/zed_components' returned '0': AMENT_PREFIX_PATH=/home/barusu/ros2_ws/install/zed_interfaces:${AMENT_PREFIX_PATH} CMAKE_PREFIX_PATH=/home/barusu/ros2_ws/install/zed_interfaces:/home/barusu/ros2_ws/install/examples_rclcpp_wait_set:/home/barusu/ros2_ws/install/examples_rclcpp_multithreaded_executor:/home/barusu/ros2_ws/install/examples_rclcpp_minimal_timer:/home/barusu/ros2_ws/install/examples_rclcpp_minimal_subscriber:/home/barusu/ros2_ws/install/examples_rclcpp_minimal_service:/home/barusu/ros2_ws/install/examples_rclcpp_minimal_publisher:/home/barusu/ros2_ws/install/examples_rclcpp_minimal_composition:/home/barusu/ros2_ws/install/examples_rclcpp_minimal_client:/home/barusu/ros2_ws/install/examples_rclcpp_minimal_action_server:/home/barusu/ros2_ws/install/examples_rclcpp_minimal_action_client:/home/barusu/ros2_ws/install/examples_rclcpp_cbg_executor:/home/barusu/ros2_ws/install/examples_rclcpp_async_client:/home/barusu/ros2_ws/install/launch_testing_examples:/home/barusu/ros2_ws/install/examples_rclpy_pointcloud_publisher:/home/barusu/ros2_ws/install/examples_rclpy_minimal_subscriber:/home/barusu/ros2_ws/install/examples_rclpy_minimal_service:/home/barusu/ros2_ws/install/examples_rclpy_minimal_publisher:/home/barusu/ros2_ws/install/examples_rclpy_minimal_client:/home/barusu/ros2_ws/install/examples_rclpy_minimal_action_server:/home/barusu/ros2_ws/install/examples_rclpy_minimal_action_client:/home/barusu/ros2_ws/install/examples_rclpy_guard_conditions:/home/barusu/ros2_ws/install/examples_rclpy_executors:/opt/ros/humble LD_LIBRARY_PATH=/home/barusu/ros2_ws/install/zed_interfaces/lib:${LD_LIBRARY_PATH} PYTHONPATH=/home/barusu/ros2_ws/install/zed_interfaces/local/lib/python3.10/dist-packages:${PYTHONPATH} /home/barusu/.local/bin/cmake --build /home/barusu/ros2_ws/build/zed_components -- -j8 -l8
[58.347s] Invoking command in '/home/barusu/ros2_ws/build/zed_components': AMENT_PREFIX_PATH=/home/barusu/ros2_ws/install/zed_interfaces:${AMENT_PREFIX_PATH} CMAKE_PREFIX_PATH=/home/barusu/ros2_ws/install/zed_interfaces:/home/barusu/ros2_ws/install/examples_rclcpp_wait_set:/home/barusu/ros2_ws/install/examples_rclcpp_multithreaded_executor:/home/barusu/ros2_ws/install/examples_rclcpp_minimal_timer:/home/barusu/ros2_ws/install/examples_rclcpp_minimal_subscriber:/home/barusu/ros2_ws/install/examples_rclcpp_minimal_service:/home/barusu/ros2_ws/install/examples_rclcpp_minimal_publisher:/home/barusu/ros2_ws/install/examples_rclcpp_minimal_composition:/home/barusu/ros2_ws/install/examples_rclcpp_minimal_client:/home/barusu/ros2_ws/install/examples_rclcpp_minimal_action_server:/home/barusu/ros2_ws/install/examples_rclcpp_minimal_action_client:/home/barusu/ros2_ws/install/examples_rclcpp_cbg_executor:/home/barusu/ros2_ws/install/examples_rclcpp_async_client:/home/barusu/ros2_ws/install/launch_testing_examples:/home/barusu/ros2_ws/install/examples_rclpy_pointcloud_publisher:/home/barusu/ros2_ws/install/examples_rclpy_minimal_subscriber:/home/barusu/ros2_ws/install/examples_rclpy_minimal_service:/home/barusu/ros2_ws/install/examples_rclpy_minimal_publisher:/home/barusu/ros2_ws/install/examples_rclpy_minimal_client:/home/barusu/ros2_ws/install/examples_rclpy_minimal_action_server:/home/barusu/ros2_ws/install/examples_rclpy_minimal_action_client:/home/barusu/ros2_ws/install/examples_rclpy_guard_conditions:/home/barusu/ros2_ws/install/examples_rclpy_executors:/opt/ros/humble LD_LIBRARY_PATH=/home/barusu/ros2_ws/install/zed_interfaces/lib:${LD_LIBRARY_PATH} PYTHONPATH=/home/barusu/ros2_ws/install/zed_interfaces/local/lib/python3.10/dist-packages:${PYTHONPATH} /home/barusu/.local/bin/cmake --install /home/barusu/ros2_ws/build/zed_components
[58.372s] -- Install configuration: "Release"
[58.373s] -- Execute custom install script
[58.373s] -- Symlinking: /home/barusu/ros2_ws/install/zed_components/lib/libzed_camera_component.so
[58.376s] -- Symlinking: /home/barusu/ros2_ws/install/zed_components/include/zed_components//cost_traversability.hpp
[58.379s] -- Symlinking: /home/barusu/ros2_ws/install/zed_components/include/zed_components//sl_types.hpp
[58.381s] -- Symlinking: /home/barusu/ros2_ws/install/zed_components/include/zed_components//zed_camera_component.hpp
[58.384s] -- Symlinking: /home/barusu/ros2_ws/install/zed_components/include/zed_components//sl_logging.hpp
[58.386s] -- Symlinking: /home/barusu/ros2_ws/install/zed_components/include/zed_components//sl_tools.hpp
[58.389s] -- Symlinking: /home/barusu/ros2_ws/install/zed_components/include/zed_components//sl_win_avg.hpp
[58.392s] -- Symlinking: /home/barusu/ros2_ws/install/zed_components/include/zed_components//visibility_control.hpp
[58.394s] -- Symlinking: /home/barusu/ros2_ws/install/zed_components/share/zed_components/environment/library_path.sh
[58.397s] -- Symlinking: /home/barusu/ros2_ws/install/zed_components/share/zed_components/environment/library_path.dsv
[58.399s] -- Symlinking: /home/barusu/ros2_ws/install/zed_components/share/ament_index/resource_index/package_run_dependencies/zed_components
[58.402s] -- Symlinking: /home/barusu/ros2_ws/install/zed_components/share/ament_index/resource_index/parent_prefix_path/zed_components
[58.405s] -- Symlinking: /home/barusu/ros2_ws/install/zed_components/share/zed_components/environment/ament_prefix_path.sh
[58.407s] -- Symlinking: /home/barusu/ros2_ws/install/zed_components/share/zed_components/environment/ament_prefix_path.dsv
[58.410s] -- Symlinking: /home/barusu/ros2_ws/install/zed_components/share/zed_components/environment/path.sh
[58.412s] -- Symlinking: /home/barusu/ros2_ws/install/zed_components/share/zed_components/environment/path.dsv
[58.415s] -- Symlinking: /home/barusu/ros2_ws/install/zed_components/share/zed_components/local_setup.bash
[58.417s] -- Symlinking: /home/barusu/ros2_ws/install/zed_components/share/zed_components/local_setup.sh
[58.420s] -- Symlinking: /home/barusu/ros2_ws/install/zed_components/share/zed_components/local_setup.zsh
[58.422s] -- Symlinking: /home/barusu/ros2_ws/install/zed_components/share/zed_components/local_setup.dsv
[58.425s] -- Symlinking: /home/barusu/ros2_ws/install/zed_components/share/zed_components/package.dsv
[58.427s] -- Symlinking: /home/barusu/ros2_ws/install/zed_components/share/ament_index/resource_index/packages/zed_components
[58.430s] -- Symlinking: /home/barusu/ros2_ws/install/zed_components/share/ament_index/resource_index/rclcpp_components/zed_components
[58.433s] -- Symlinking: /home/barusu/ros2_ws/install/zed_components/share/zed_components/cmake/ament_cmake_export_include_directories-extras.cmake
[58.436s] -- Symlinking: /home/barusu/ros2_ws/install/zed_components/share/zed_components/cmake/ament_cmake_export_libraries-extras.cmake
[58.438s] -- Symlinking: /home/barusu/ros2_ws/install/zed_components/share/zed_components/cmake/ament_cmake_export_dependencies-extras.cmake
[58.441s] -- Symlinking: /home/barusu/ros2_ws/install/zed_components/share/zed_components/cmake/zed_componentsConfig.cmake
[58.443s] -- Symlinking: /home/barusu/ros2_ws/install/zed_components/share/zed_components/cmake/zed_componentsConfig-version.cmake
[58.446s] -- Symlinking: /home/barusu/ros2_ws/install/zed_components/share/zed_components/package.xml
[58.455s] Invoked command in '/home/barusu/ros2_ws/build/zed_components' returned '0': AMENT_PREFIX_PATH=/home/barusu/ros2_ws/install/zed_interfaces:${AMENT_PREFIX_PATH} CMAKE_PREFIX_PATH=/home/barusu/ros2_ws/install/zed_interfaces:/home/barusu/ros2_ws/install/examples_rclcpp_wait_set:/home/barusu/ros2_ws/install/examples_rclcpp_multithreaded_executor:/home/barusu/ros2_ws/install/examples_rclcpp_minimal_timer:/home/barusu/ros2_ws/install/examples_rclcpp_minimal_subscriber:/home/barusu/ros2_ws/install/examples_rclcpp_minimal_service:/home/barusu/ros2_ws/install/examples_rclcpp_minimal_publisher:/home/barusu/ros2_ws/install/examples_rclcpp_minimal_composition:/home/barusu/ros2_ws/install/examples_rclcpp_minimal_client:/home/barusu/ros2_ws/install/examples_rclcpp_minimal_action_server:/home/barusu/ros2_ws/install/examples_rclcpp_minimal_action_client:/home/barusu/ros2_ws/install/examples_rclcpp_cbg_executor:/home/barusu/ros2_ws/install/examples_rclcpp_async_client:/home/barusu/ros2_ws/install/launch_testing_examples:/home/barusu/ros2_ws/install/examples_rclpy_pointcloud_publisher:/home/barusu/ros2_ws/install/examples_rclpy_minimal_subscriber:/home/barusu/ros2_ws/install/examples_rclpy_minimal_service:/home/barusu/ros2_ws/install/examples_rclpy_minimal_publisher:/home/barusu/ros2_ws/install/examples_rclpy_minimal_client:/home/barusu/ros2_ws/install/examples_rclpy_minimal_action_server:/home/barusu/ros2_ws/install/examples_rclpy_minimal_action_client:/home/barusu/ros2_ws/install/examples_rclpy_guard_conditions:/home/barusu/ros2_ws/install/examples_rclpy_executors:/opt/ros/humble LD_LIBRARY_PATH=/home/barusu/ros2_ws/install/zed_interfaces/lib:${LD_LIBRARY_PATH} PYTHONPATH=/home/barusu/ros2_ws/install/zed_interfaces/local/lib/python3.10/dist-packages:${PYTHONPATH} /home/barusu/.local/bin/cmake --install /home/barusu/ros2_ws/build/zed_components
