[0.010s] Invoking command in '/home/barusu/ros2_ws/build/zed_wrapper': AMENT_PREFIX_PATH=/home/barusu/ros2_ws/install/zed_components:/home/barusu/ros2_ws/install/zed_interfaces:${AMENT_PREFIX_PATH} CMAKE_PREFIX_PATH=/home/barusu/ros2_ws/install/zed_components:/home/barusu/ros2_ws/install/zed_interfaces:/home/barusu/ros2_ws/install/examples_rclcpp_wait_set:/home/barusu/ros2_ws/install/examples_rclcpp_multithreaded_executor:/home/barusu/ros2_ws/install/examples_rclcpp_minimal_timer:/home/barusu/ros2_ws/install/examples_rclcpp_minimal_subscriber:/home/barusu/ros2_ws/install/examples_rclcpp_minimal_service:/home/barusu/ros2_ws/install/examples_rclcpp_minimal_publisher:/home/barusu/ros2_ws/install/examples_rclcpp_minimal_composition:/home/barusu/ros2_ws/install/examples_rclcpp_minimal_client:/home/barusu/ros2_ws/install/examples_rclcpp_minimal_action_server:/home/barusu/ros2_ws/install/examples_rclcpp_minimal_action_client:/home/barusu/ros2_ws/install/examples_rclcpp_cbg_executor:/home/barusu/ros2_ws/install/examples_rclcpp_async_client:/home/barusu/ros2_ws/install/launch_testing_examples:/home/barusu/ros2_ws/install/examples_rclpy_pointcloud_publisher:/home/barusu/ros2_ws/install/examples_rclpy_minimal_subscriber:/home/barusu/ros2_ws/install/examples_rclpy_minimal_service:/home/barusu/ros2_ws/install/examples_rclpy_minimal_publisher:/home/barusu/ros2_ws/install/examples_rclpy_minimal_client:/home/barusu/ros2_ws/install/examples_rclpy_minimal_action_server:/home/barusu/ros2_ws/install/examples_rclpy_minimal_action_client:/home/barusu/ros2_ws/install/examples_rclpy_guard_conditions:/home/barusu/ros2_ws/install/examples_rclpy_executors:/opt/ros/humble LD_LIBRARY_PATH=/home/barusu/ros2_ws/install/zed_components/lib:/home/barusu/ros2_ws/install/zed_interfaces/lib:${LD_LIBRARY_PATH} PYTHONPATH=/home/barusu/ros2_ws/install/zed_interfaces/local/lib/python3.10/dist-packages:${PYTHONPATH} /home/barusu/.local/bin/cmake /home/barusu/ros2_ws/src/zed-ros2-wrapper/zed_wrapper -DCMAKE_BUILD_TYPE=Release -DAMENT_CMAKE_SYMLINK_INSTALL=1 -DCMAKE_INSTALL_PREFIX=/home/barusu/ros2_ws/install/zed_wrapper
[0.078s] -- The C compiler identification is GNU 11.3.0
[0.136s] -- The CXX compiler identification is GNU 11.3.0
[0.146s] -- Detecting C compiler ABI info
[0.198s] -- Detecting C compiler ABI info - done
[0.209s] -- Check for working C compiler: /usr/bin/cc - skipped
[0.209s] -- Detecting C compile features
[0.209s] -- Detecting C compile features - done
[0.213s] -- Detecting CXX compiler ABI info
[0.274s] -- Detecting CXX compiler ABI info - done
[0.285s] -- Check for working CXX compiler: /usr/bin/c++ - skipped
[0.286s] -- Detecting CXX compile features
[0.286s] -- Detecting CXX compile features - done
[0.290s] -- Looking for sgemm_
[0.343s] -- Looking for sgemm_ - not found
[0.344s] -- Performing Test CMAKE_HAVE_LIBC_PTHREAD
[0.400s] -- Performing Test CMAKE_HAVE_LIBC_PTHREAD - Success
[0.401s] -- Found Threads: TRUE  
[0.449s] -- Looking for sgemm_
[0.535s] -- Looking for sgemm_ - found
[0.536s] -- Found BLAS: /usr/lib/x86_64-linux-gnu/libopenblas.so  
[0.559s] -- Found CUDA: /usr/local/cuda (found suitable version "12.1", minimum required is "12") 
[0.603s] -- Found CUDA: /usr/local/cuda (found version "12.1") 
[0.605s] -- Found ament_cmake_auto: 1.3.4 (/opt/ros/humble/share/ament_cmake_auto/cmake)
[1.138s] -- Found Python3: /usr/bin/python3.10 (found version "3.10.6") found components: Interpreter 
[1.195s] -- Override CMake install command with custom implementation using symlinks instead of copying resources
[1.321s] -- Found rosidl_generator_c: 3.1.4 (/opt/ros/humble/share/rosidl_generator_c/cmake)
[1.327s] -- Found rosidl_adapter: 3.1.4 (/opt/ros/humble/share/rosidl_adapter/cmake)
[1.336s] -- Found rosidl_generator_cpp: 3.1.4 (/opt/ros/humble/share/rosidl_generator_cpp/cmake)
[1.353s] -- Using all available rosidl_typesupport_c: rosidl_typesupport_fastrtps_c;rosidl_typesupport_introspection_c
[1.377s] -- Using all available rosidl_typesupport_cpp: rosidl_typesupport_fastrtps_cpp;rosidl_typesupport_introspection_cpp
[1.459s] -- Found rmw_implementation_cmake: 6.1.1 (/opt/ros/humble/share/rmw_implementation_cmake/cmake)
[1.463s] -- Found rmw_fastrtps_cpp: 6.2.2 (/opt/ros/humble/share/rmw_fastrtps_cpp/cmake)
[1.564s] -- Found OpenSSL: /usr/lib/x86_64-linux-gnu/libcrypto.so (found version "3.0.2")  
[1.590s] -- Found FastRTPS: /opt/ros/humble/include  
[1.641s] -- Using RMW implementation 'rmw_fastrtps_cpp' as default
[2.461s] -- Found eigen3_cmake_module: 0.1.1 (/opt/ros/humble/share/eigen3_cmake_module/cmake)
[2.462s] -- Found Eigen3: TRUE (found version "3.4.0") 
[2.462s] -- Ensuring Eigen3 include directory is part of orocos-kdl CMake target
[3.538s] -- Found ament_lint_auto: 0.12.6 (/opt/ros/humble/share/ament_lint_auto/cmake)
[4.186s] -- Added test 'copyright' to check source files copyright and LICENSE
[4.189s] -- Added test 'cppcheck' to perform static code analysis on C / C++ code
[4.189s] -- Configured cppcheck include dirs: /home/barusu/ros2_ws/src/zed-ros2-wrapper/zed_wrapper/src
[4.189s] -- Configured cppcheck exclude dirs and/or files: 
[4.190s] -- Added test 'lint_cmake' to check CMake code style
[4.192s] -- Added test 'pep257' to check Python code against some of the docstring style conventions in PEP 257
[4.194s] -- Added test 'uncrustify' to check C / C++ code style
[4.194s] -- Configured uncrustify additional arguments: 
[4.195s] -- Added test 'xmllint' to check XML markup files
[4.197s] -- Configuring done (4.2s)
[4.264s] -- Generating done (0.1s)
[4.266s] -- Build files have been written to: /home/barusu/ros2_ws/build/zed_wrapper
[4.284s] Invoked command in '/home/barusu/ros2_ws/build/zed_wrapper' returned '0': AMENT_PREFIX_PATH=/home/barusu/ros2_ws/install/zed_components:/home/barusu/ros2_ws/install/zed_interfaces:${AMENT_PREFIX_PATH} CMAKE_PREFIX_PATH=/home/barusu/ros2_ws/install/zed_components:/home/barusu/ros2_ws/install/zed_interfaces:/home/barusu/ros2_ws/install/examples_rclcpp_wait_set:/home/barusu/ros2_ws/install/examples_rclcpp_multithreaded_executor:/home/barusu/ros2_ws/install/examples_rclcpp_minimal_timer:/home/barusu/ros2_ws/install/examples_rclcpp_minimal_subscriber:/home/barusu/ros2_ws/install/examples_rclcpp_minimal_service:/home/barusu/ros2_ws/install/examples_rclcpp_minimal_publisher:/home/barusu/ros2_ws/install/examples_rclcpp_minimal_composition:/home/barusu/ros2_ws/install/examples_rclcpp_minimal_client:/home/barusu/ros2_ws/install/examples_rclcpp_minimal_action_server:/home/barusu/ros2_ws/install/examples_rclcpp_minimal_action_client:/home/barusu/ros2_ws/install/examples_rclcpp_cbg_executor:/home/barusu/ros2_ws/install/examples_rclcpp_async_client:/home/barusu/ros2_ws/install/launch_testing_examples:/home/barusu/ros2_ws/install/examples_rclpy_pointcloud_publisher:/home/barusu/ros2_ws/install/examples_rclpy_minimal_subscriber:/home/barusu/ros2_ws/install/examples_rclpy_minimal_service:/home/barusu/ros2_ws/install/examples_rclpy_minimal_publisher:/home/barusu/ros2_ws/install/examples_rclpy_minimal_client:/home/barusu/ros2_ws/install/examples_rclpy_minimal_action_server:/home/barusu/ros2_ws/install/examples_rclpy_minimal_action_client:/home/barusu/ros2_ws/install/examples_rclpy_guard_conditions:/home/barusu/ros2_ws/install/examples_rclpy_executors:/opt/ros/humble LD_LIBRARY_PATH=/home/barusu/ros2_ws/install/zed_components/lib:/home/barusu/ros2_ws/install/zed_interfaces/lib:${LD_LIBRARY_PATH} PYTHONPATH=/home/barusu/ros2_ws/install/zed_interfaces/local/lib/python3.10/dist-packages:${PYTHONPATH} /home/barusu/.local/bin/cmake /home/barusu/ros2_ws/src/zed-ros2-wrapper/zed_wrapper -DCMAKE_BUILD_TYPE=Release -DAMENT_CMAKE_SYMLINK_INSTALL=1 -DCMAKE_INSTALL_PREFIX=/home/barusu/ros2_ws/install/zed_wrapper
[4.285s] Invoking command in '/home/barusu/ros2_ws/build/zed_wrapper': AMENT_PREFIX_PATH=/home/barusu/ros2_ws/install/zed_components:/home/barusu/ros2_ws/install/zed_interfaces:${AMENT_PREFIX_PATH} CMAKE_PREFIX_PATH=/home/barusu/ros2_ws/install/zed_components:/home/barusu/ros2_ws/install/zed_interfaces:/home/barusu/ros2_ws/install/examples_rclcpp_wait_set:/home/barusu/ros2_ws/install/examples_rclcpp_multithreaded_executor:/home/barusu/ros2_ws/install/examples_rclcpp_minimal_timer:/home/barusu/ros2_ws/install/examples_rclcpp_minimal_subscriber:/home/barusu/ros2_ws/install/examples_rclcpp_minimal_service:/home/barusu/ros2_ws/install/examples_rclcpp_minimal_publisher:/home/barusu/ros2_ws/install/examples_rclcpp_minimal_composition:/home/barusu/ros2_ws/install/examples_rclcpp_minimal_client:/home/barusu/ros2_ws/install/examples_rclcpp_minimal_action_server:/home/barusu/ros2_ws/install/examples_rclcpp_minimal_action_client:/home/barusu/ros2_ws/install/examples_rclcpp_cbg_executor:/home/barusu/ros2_ws/install/examples_rclcpp_async_client:/home/barusu/ros2_ws/install/launch_testing_examples:/home/barusu/ros2_ws/install/examples_rclpy_pointcloud_publisher:/home/barusu/ros2_ws/install/examples_rclpy_minimal_subscriber:/home/barusu/ros2_ws/install/examples_rclpy_minimal_service:/home/barusu/ros2_ws/install/examples_rclpy_minimal_publisher:/home/barusu/ros2_ws/install/examples_rclpy_minimal_client:/home/barusu/ros2_ws/install/examples_rclpy_minimal_action_server:/home/barusu/ros2_ws/install/examples_rclpy_minimal_action_client:/home/barusu/ros2_ws/install/examples_rclpy_guard_conditions:/home/barusu/ros2_ws/install/examples_rclpy_executors:/opt/ros/humble LD_LIBRARY_PATH=/home/barusu/ros2_ws/install/zed_components/lib:/home/barusu/ros2_ws/install/zed_interfaces/lib:${LD_LIBRARY_PATH} PYTHONPATH=/home/barusu/ros2_ws/install/zed_interfaces/local/lib/python3.10/dist-packages:${PYTHONPATH} /home/barusu/.local/bin/cmake --build /home/barusu/ros2_ws/build/zed_wrapper -- -j8 -l8
[4.333s] [ 50%] [32mBuilding CXX object CMakeFiles/zed_wrapper.dir/src/zed_wrapper.cpp.o[0m
[6.718s] In file included from [01m[K/home/barusu/ros2_ws/install/zed_components/include/zed_components/zed_camera_component.hpp:19[m[K,
[6.718s]                  from [01m[K/home/barusu/ros2_ws/src/zed-ros2-wrapper/zed_wrapper/src/zed_wrapper.cpp:17[m[K:
[6.718s] [01m[K/usr/local/zed/include/sl/Fusion.hpp:68:64:[m[K [01;36m[Knote: [m[K‘[01m[K#pragma message: ~ FUSION SDK is distributed in Early Access ~[m[K’
[6.718s]    68 | #pragma message("~ FUSION SDK is distributed in Early Access ~"[01;36m[K)[m[K
[6.718s]       |                                                                [01;36m[K^[m[K
[9.140s] [100%] [32m[1mLinking CXX executable zed_wrapper[0m
[9.425s] [100%] Built target zed_wrapper
[9.434s] Invoked command in '/home/barusu/ros2_ws/build/zed_wrapper' returned '0': AMENT_PREFIX_PATH=/home/barusu/ros2_ws/install/zed_components:/home/barusu/ros2_ws/install/zed_interfaces:${AMENT_PREFIX_PATH} CMAKE_PREFIX_PATH=/home/barusu/ros2_ws/install/zed_components:/home/barusu/ros2_ws/install/zed_interfaces:/home/barusu/ros2_ws/install/examples_rclcpp_wait_set:/home/barusu/ros2_ws/install/examples_rclcpp_multithreaded_executor:/home/barusu/ros2_ws/install/examples_rclcpp_minimal_timer:/home/barusu/ros2_ws/install/examples_rclcpp_minimal_subscriber:/home/barusu/ros2_ws/install/examples_rclcpp_minimal_service:/home/barusu/ros2_ws/install/examples_rclcpp_minimal_publisher:/home/barusu/ros2_ws/install/examples_rclcpp_minimal_composition:/home/barusu/ros2_ws/install/examples_rclcpp_minimal_client:/home/barusu/ros2_ws/install/examples_rclcpp_minimal_action_server:/home/barusu/ros2_ws/install/examples_rclcpp_minimal_action_client:/home/barusu/ros2_ws/install/examples_rclcpp_cbg_executor:/home/barusu/ros2_ws/install/examples_rclcpp_async_client:/home/barusu/ros2_ws/install/launch_testing_examples:/home/barusu/ros2_ws/install/examples_rclpy_pointcloud_publisher:/home/barusu/ros2_ws/install/examples_rclpy_minimal_subscriber:/home/barusu/ros2_ws/install/examples_rclpy_minimal_service:/home/barusu/ros2_ws/install/examples_rclpy_minimal_publisher:/home/barusu/ros2_ws/install/examples_rclpy_minimal_client:/home/barusu/ros2_ws/install/examples_rclpy_minimal_action_server:/home/barusu/ros2_ws/install/examples_rclpy_minimal_action_client:/home/barusu/ros2_ws/install/examples_rclpy_guard_conditions:/home/barusu/ros2_ws/install/examples_rclpy_executors:/opt/ros/humble LD_LIBRARY_PATH=/home/barusu/ros2_ws/install/zed_components/lib:/home/barusu/ros2_ws/install/zed_interfaces/lib:${LD_LIBRARY_PATH} PYTHONPATH=/home/barusu/ros2_ws/install/zed_interfaces/local/lib/python3.10/dist-packages:${PYTHONPATH} /home/barusu/.local/bin/cmake --build /home/barusu/ros2_ws/build/zed_wrapper -- -j8 -l8
[9.481s] Invoking command in '/home/barusu/ros2_ws/build/zed_wrapper': AMENT_PREFIX_PATH=/home/barusu/ros2_ws/install/zed_components:/home/barusu/ros2_ws/install/zed_interfaces:${AMENT_PREFIX_PATH} CMAKE_PREFIX_PATH=/home/barusu/ros2_ws/install/zed_components:/home/barusu/ros2_ws/install/zed_interfaces:/home/barusu/ros2_ws/install/examples_rclcpp_wait_set:/home/barusu/ros2_ws/install/examples_rclcpp_multithreaded_executor:/home/barusu/ros2_ws/install/examples_rclcpp_minimal_timer:/home/barusu/ros2_ws/install/examples_rclcpp_minimal_subscriber:/home/barusu/ros2_ws/install/examples_rclcpp_minimal_service:/home/barusu/ros2_ws/install/examples_rclcpp_minimal_publisher:/home/barusu/ros2_ws/install/examples_rclcpp_minimal_composition:/home/barusu/ros2_ws/install/examples_rclcpp_minimal_client:/home/barusu/ros2_ws/install/examples_rclcpp_minimal_action_server:/home/barusu/ros2_ws/install/examples_rclcpp_minimal_action_client:/home/barusu/ros2_ws/install/examples_rclcpp_cbg_executor:/home/barusu/ros2_ws/install/examples_rclcpp_async_client:/home/barusu/ros2_ws/install/launch_testing_examples:/home/barusu/ros2_ws/install/examples_rclpy_pointcloud_publisher:/home/barusu/ros2_ws/install/examples_rclpy_minimal_subscriber:/home/barusu/ros2_ws/install/examples_rclpy_minimal_service:/home/barusu/ros2_ws/install/examples_rclpy_minimal_publisher:/home/barusu/ros2_ws/install/examples_rclpy_minimal_client:/home/barusu/ros2_ws/install/examples_rclpy_minimal_action_server:/home/barusu/ros2_ws/install/examples_rclpy_minimal_action_client:/home/barusu/ros2_ws/install/examples_rclpy_guard_conditions:/home/barusu/ros2_ws/install/examples_rclpy_executors:/opt/ros/humble LD_LIBRARY_PATH=/home/barusu/ros2_ws/install/zed_components/lib:/home/barusu/ros2_ws/install/zed_interfaces/lib:${LD_LIBRARY_PATH} PYTHONPATH=/home/barusu/ros2_ws/install/zed_interfaces/local/lib/python3.10/dist-packages:${PYTHONPATH} /home/barusu/.local/bin/cmake --install /home/barusu/ros2_ws/build/zed_wrapper
[9.507s] -- Install configuration: "Release"
[9.507s] -- Execute custom install script
[9.507s] -- Symlinking: /home/barusu/ros2_ws/install/zed_wrapper/lib/zed_wrapper/zed_wrapper
[9.511s] -- Symlinking: /home/barusu/ros2_ws/install/zed_wrapper/share/zed_wrapper/config/common.yaml
[9.513s] -- Symlinking: /home/barusu/ros2_ws/install/zed_wrapper/share/zed_wrapper/config/zed.yaml
[9.516s] -- Symlinking: /home/barusu/ros2_ws/install/zed_wrapper/share/zed_wrapper/config/zed2.yaml
[9.519s] -- Symlinking: /home/barusu/ros2_ws/install/zed_wrapper/share/zed_wrapper/config/zed2i.yaml
[9.521s] -- Symlinking: /home/barusu/ros2_ws/install/zed_wrapper/share/zed_wrapper/config/zedm.yaml
[9.524s] -- Symlinking: /home/barusu/ros2_ws/install/zed_wrapper/share/zed_wrapper/config/zedx.yaml
[9.526s] -- Symlinking: /home/barusu/ros2_ws/install/zed_wrapper/share/zed_wrapper/config/zedxm.yaml
[9.529s] -- Symlinking: /home/barusu/ros2_ws/install/zed_wrapper/share/zed_wrapper/urdf/include/materials.urdf.xacro
[9.531s] -- Symlinking: /home/barusu/ros2_ws/install/zed_wrapper/share/zed_wrapper/urdf/zed_descr.urdf.xacro
[9.534s] -- Symlinking: /home/barusu/ros2_ws/install/zed_wrapper/share/zed_wrapper/urdf/zed_macro.urdf.xacro
[9.537s] -- Symlinking: /home/barusu/ros2_ws/install/zed_wrapper/share/zed_wrapper/launch/include/zed_camera.launch.py
[9.540s] -- Symlinking: /home/barusu/ros2_ws/install/zed_wrapper/share/zed_wrapper/launch/zed.launch.py
[9.543s] -- Symlinking: /home/barusu/ros2_ws/install/zed_wrapper/share/zed_wrapper/launch/zed2.launch.py
[9.545s] -- Symlinking: /home/barusu/ros2_ws/install/zed_wrapper/share/zed_wrapper/launch/zed2i.launch.py
[9.548s] -- Symlinking: /home/barusu/ros2_ws/install/zed_wrapper/share/zed_wrapper/launch/zedm.launch.py
[9.550s] -- Symlinking: /home/barusu/ros2_ws/install/zed_wrapper/share/zed_wrapper/launch/zedx.launch.py
[9.553s] -- Symlinking: /home/barusu/ros2_ws/install/zed_wrapper/share/zed_wrapper/launch/zedxm.launch.py
[9.556s] -- Symlinking: /home/barusu/ros2_ws/install/zed_wrapper/share/ament_index/resource_index/package_run_dependencies/zed_wrapper
[9.558s] -- Symlinking: /home/barusu/ros2_ws/install/zed_wrapper/share/ament_index/resource_index/parent_prefix_path/zed_wrapper
[9.561s] -- Symlinking: /home/barusu/ros2_ws/install/zed_wrapper/share/zed_wrapper/environment/ament_prefix_path.sh
[9.564s] -- Symlinking: /home/barusu/ros2_ws/install/zed_wrapper/share/zed_wrapper/environment/ament_prefix_path.dsv
[9.566s] -- Symlinking: /home/barusu/ros2_ws/install/zed_wrapper/share/zed_wrapper/environment/path.sh
[9.569s] -- Symlinking: /home/barusu/ros2_ws/install/zed_wrapper/share/zed_wrapper/environment/path.dsv
[9.571s] -- Symlinking: /home/barusu/ros2_ws/install/zed_wrapper/share/zed_wrapper/local_setup.bash
[9.574s] -- Symlinking: /home/barusu/ros2_ws/install/zed_wrapper/share/zed_wrapper/local_setup.sh
[9.577s] -- Symlinking: /home/barusu/ros2_ws/install/zed_wrapper/share/zed_wrapper/local_setup.zsh
[9.579s] -- Symlinking: /home/barusu/ros2_ws/install/zed_wrapper/share/zed_wrapper/local_setup.dsv
[9.582s] -- Symlinking: /home/barusu/ros2_ws/install/zed_wrapper/share/zed_wrapper/package.dsv
[9.585s] -- Symlinking: /home/barusu/ros2_ws/install/zed_wrapper/share/ament_index/resource_index/packages/zed_wrapper
[9.587s] -- Symlinking: /home/barusu/ros2_ws/install/zed_wrapper/share/zed_wrapper/cmake/zed_wrapperConfig.cmake
[9.590s] -- Symlinking: /home/barusu/ros2_ws/install/zed_wrapper/share/zed_wrapper/cmake/zed_wrapperConfig-version.cmake
[9.592s] -- Symlinking: /home/barusu/ros2_ws/install/zed_wrapper/share/zed_wrapper/package.xml
[9.602s] Invoked command in '/home/barusu/ros2_ws/build/zed_wrapper' returned '0': AMENT_PREFIX_PATH=/home/barusu/ros2_ws/install/zed_components:/home/barusu/ros2_ws/install/zed_interfaces:${AMENT_PREFIX_PATH} CMAKE_PREFIX_PATH=/home/barusu/ros2_ws/install/zed_components:/home/barusu/ros2_ws/install/zed_interfaces:/home/barusu/ros2_ws/install/examples_rclcpp_wait_set:/home/barusu/ros2_ws/install/examples_rclcpp_multithreaded_executor:/home/barusu/ros2_ws/install/examples_rclcpp_minimal_timer:/home/barusu/ros2_ws/install/examples_rclcpp_minimal_subscriber:/home/barusu/ros2_ws/install/examples_rclcpp_minimal_service:/home/barusu/ros2_ws/install/examples_rclcpp_minimal_publisher:/home/barusu/ros2_ws/install/examples_rclcpp_minimal_composition:/home/barusu/ros2_ws/install/examples_rclcpp_minimal_client:/home/barusu/ros2_ws/install/examples_rclcpp_minimal_action_server:/home/barusu/ros2_ws/install/examples_rclcpp_minimal_action_client:/home/barusu/ros2_ws/install/examples_rclcpp_cbg_executor:/home/barusu/ros2_ws/install/examples_rclcpp_async_client:/home/barusu/ros2_ws/install/launch_testing_examples:/home/barusu/ros2_ws/install/examples_rclpy_pointcloud_publisher:/home/barusu/ros2_ws/install/examples_rclpy_minimal_subscriber:/home/barusu/ros2_ws/install/examples_rclpy_minimal_service:/home/barusu/ros2_ws/install/examples_rclpy_minimal_publisher:/home/barusu/ros2_ws/install/examples_rclpy_minimal_client:/home/barusu/ros2_ws/install/examples_rclpy_minimal_action_server:/home/barusu/ros2_ws/install/examples_rclpy_minimal_action_client:/home/barusu/ros2_ws/install/examples_rclpy_guard_conditions:/home/barusu/ros2_ws/install/examples_rclpy_executors:/opt/ros/humble LD_LIBRARY_PATH=/home/barusu/ros2_ws/install/zed_components/lib:/home/barusu/ros2_ws/install/zed_interfaces/lib:${LD_LIBRARY_PATH} PYTHONPATH=/home/barusu/ros2_ws/install/zed_interfaces/local/lib/python3.10/dist-packages:${PYTHONPATH} /home/barusu/.local/bin/cmake --install /home/barusu/ros2_ws/build/zed_wrapper
