-- Found ament_cmake_auto: 1.3.4 (/opt/ros/humble/share/ament_cmake_auto/cmake)
-- Override CMake install command with custom implementation using symlinks instead of copying resources
-- Found rosidl_generator_c: 3.1.4 (/opt/ros/humble/share/rosidl_generator_c/cmake)
-- Found rosidl_adapter: 3.1.4 (/opt/ros/humble/share/rosidl_adapter/cmake)
-- Found rosidl_generator_cpp: 3.1.4 (/opt/ros/humble/share/rosidl_generator_cpp/cmake)
-- Using all available rosidl_typesupport_c: rosidl_typesupport_fastrtps_c;rosidl_typesupport_introspection_c
-- Using all available rosidl_typesupport_cpp: rosidl_typesupport_fastrtps_cpp;rosidl_typesupport_introspection_cpp
-- Found rmw_implementation_cmake: 6.1.1 (/opt/ros/humble/share/rmw_implementation_cmake/cmake)
-- Found rmw_fastrtps_cpp: 6.2.2 (/opt/ros/humble/share/rmw_fastrtps_cpp/cmake)
-- Using RMW implementation 'rmw_fastrtps_cpp' as default
-- Found ament_lint_auto: 0.12.6 (/opt/ros/humble/share/ament_lint_auto/cmake)
-- Added test 'copyright' to check source files copyright and LICENSE
-- Added test 'cppcheck' to perform static code analysis on C / C++ code
-- Configured cppcheck include dirs: 
-- Configured cppcheck exclude dirs and/or files: 
-- Added test 'cpplint' to check C / C++ code against the Google style
-- Configured cpplint exclude dirs and/or files: 
-- Added test 'lint_cmake' to check CMake code style
-- Added test 'uncrustify' to check C / C++ code style
-- Configured uncrustify additional arguments: 
-- Added test 'xmllint' to check XML markup files
-- Added test 'clang_format' to check C / C++ code style
-- Configuring done (1.5s)
-- Generating done (0.0s)
-- Build files have been written to: /home/barusu/ros2_ws/build/zed_tutorial_depth
[ 50%] [32mBuilding CXX object CMakeFiles/zed_tutorial_depth.dir/src/zed_depth_sub_tutorial.cpp.o[0m
[100%] [32m[1mLinking CXX executable zed_tutorial_depth[0m
[100%] Built target zed_tutorial_depth
-- Install configuration: "Release"
-- Execute custom install script
-- Up-to-date symlink: /home/barusu/ros2_ws/install/zed_tutorial_depth/lib/zed_tutorial_depth/zed_tutorial_depth
-- Up-to-date symlink: /home/barusu/ros2_ws/install/zed_tutorial_depth/share/ament_index/resource_index/package_run_dependencies/zed_tutorial_depth
-- Up-to-date symlink: /home/barusu/ros2_ws/install/zed_tutorial_depth/share/ament_index/resource_index/parent_prefix_path/zed_tutorial_depth
-- Up-to-date symlink: /home/barusu/ros2_ws/install/zed_tutorial_depth/share/zed_tutorial_depth/environment/ament_prefix_path.sh
-- Up-to-date symlink: /home/barusu/ros2_ws/install/zed_tutorial_depth/share/zed_tutorial_depth/environment/ament_prefix_path.dsv
-- Up-to-date symlink: /home/barusu/ros2_ws/install/zed_tutorial_depth/share/zed_tutorial_depth/environment/path.sh
-- Up-to-date symlink: /home/barusu/ros2_ws/install/zed_tutorial_depth/share/zed_tutorial_depth/environment/path.dsv
-- Up-to-date symlink: /home/barusu/ros2_ws/install/zed_tutorial_depth/share/zed_tutorial_depth/local_setup.bash
-- Up-to-date symlink: /home/barusu/ros2_ws/install/zed_tutorial_depth/share/zed_tutorial_depth/local_setup.sh
-- Up-to-date symlink: /home/barusu/ros2_ws/install/zed_tutorial_depth/share/zed_tutorial_depth/local_setup.zsh
-- Up-to-date symlink: /home/barusu/ros2_ws/install/zed_tutorial_depth/share/zed_tutorial_depth/local_setup.dsv
-- Symlinking: /home/barusu/ros2_ws/install/zed_tutorial_depth/share/zed_tutorial_depth/package.dsv
-- Up-to-date symlink: /home/barusu/ros2_ws/install/zed_tutorial_depth/share/ament_index/resource_index/packages/zed_tutorial_depth
-- Up-to-date symlink: /home/barusu/ros2_ws/install/zed_tutorial_depth/share/zed_tutorial_depth/cmake/zed_tutorial_depthConfig.cmake
-- Up-to-date symlink: /home/barusu/ros2_ws/install/zed_tutorial_depth/share/zed_tutorial_depth/cmake/zed_tutorial_depthConfig-version.cmake
-- Up-to-date symlink: /home/barusu/ros2_ws/install/zed_tutorial_depth/share/zed_tutorial_depth/package.xml
