[0.034s] Invoking command in '/home/barusu/ros2_ws/build/zed_tutorial_depth': CMAKE_PREFIX_PATH=${CMAKE_PREFIX_PATH}:/opt/ros/humble /home/barusu/.local/bin/cmake --build /home/barusu/ros2_ws/build/zed_tutorial_depth -- -j8 -l8
[0.138s] -- Found ament_cmake_auto: 1.3.4 (/opt/ros/humble/share/ament_cmake_auto/cmake)
[0.354s] -- Override CMake install command with custom implementation using symlinks instead of copying resources
[0.554s] -- Found rosidl_generator_c: 3.1.4 (/opt/ros/humble/share/rosidl_generator_c/cmake)
[0.558s] -- Found rosidl_adapter: 3.1.4 (/opt/ros/humble/share/rosidl_adapter/cmake)
[0.568s] -- Found rosidl_generator_cpp: 3.1.4 (/opt/ros/humble/share/rosidl_generator_cpp/cmake)
[0.586s] -- Using all available rosidl_typesupport_c: rosidl_typesupport_fastrtps_c;rosidl_typesupport_introspection_c
[0.613s] -- Using all available rosidl_typesupport_cpp: rosidl_typesupport_fastrtps_cpp;rosidl_typesupport_introspection_cpp
[0.718s] -- Found rmw_implementation_cmake: 6.1.1 (/opt/ros/humble/share/rmw_implementation_cmake/cmake)
[0.720s] -- Found rmw_fastrtps_cpp: 6.2.2 (/opt/ros/humble/share/rmw_fastrtps_cpp/cmake)
[0.971s] -- Using RMW implementation 'rmw_fastrtps_cpp' as default
[1.564s] -- Found ament_lint_auto: 0.12.6 (/opt/ros/humble/share/ament_lint_auto/cmake)
[1.586s] -- Added test 'copyright' to check source files copyright and LICENSE
[1.588s] -- Added test 'cppcheck' to perform static code analysis on C / C++ code
[1.590s] -- Configured cppcheck include dirs: 
[1.590s] -- Configured cppcheck exclude dirs and/or files: 
[1.592s] -- Added test 'cpplint' to check C / C++ code against the Google style
[1.592s] -- Configured cpplint exclude dirs and/or files: 
[1.593s] -- Added test 'lint_cmake' to check CMake code style
[1.595s] -- Added test 'uncrustify' to check C / C++ code style
[1.595s] -- Configured uncrustify additional arguments: 
[1.596s] -- Added test 'xmllint' to check XML markup files
[1.597s] -- Added test 'clang_format' to check C / C++ code style
[1.601s] -- Configuring done (1.5s)
[1.632s] -- Generating done (0.0s)
[1.636s] -- Build files have been written to: /home/barusu/ros2_ws/build/zed_tutorial_depth
[1.686s] [ 50%] [32mBuilding CXX object CMakeFiles/zed_tutorial_depth.dir/src/zed_depth_sub_tutorial.cpp.o[0m
[21.778s] [100%] [32m[1mLinking CXX executable zed_tutorial_depth[0m
[22.120s] [100%] Built target zed_tutorial_depth
[22.139s] Invoked command in '/home/barusu/ros2_ws/build/zed_tutorial_depth' returned '0': CMAKE_PREFIX_PATH=${CMAKE_PREFIX_PATH}:/opt/ros/humble /home/barusu/.local/bin/cmake --build /home/barusu/ros2_ws/build/zed_tutorial_depth -- -j8 -l8
[22.252s] Invoking command in '/home/barusu/ros2_ws/build/zed_tutorial_depth': CMAKE_PREFIX_PATH=${CMAKE_PREFIX_PATH}:/opt/ros/humble /home/barusu/.local/bin/cmake --install /home/barusu/ros2_ws/build/zed_tutorial_depth
[22.319s] -- Install configuration: "Release"
[22.320s] -- Execute custom install script
[22.321s] -- Up-to-date symlink: /home/barusu/ros2_ws/install/zed_tutorial_depth/lib/zed_tutorial_depth/zed_tutorial_depth
[22.321s] -- Up-to-date symlink: /home/barusu/ros2_ws/install/zed_tutorial_depth/share/ament_index/resource_index/package_run_dependencies/zed_tutorial_depth
[22.322s] -- Up-to-date symlink: /home/barusu/ros2_ws/install/zed_tutorial_depth/share/ament_index/resource_index/parent_prefix_path/zed_tutorial_depth
[22.323s] -- Up-to-date symlink: /home/barusu/ros2_ws/install/zed_tutorial_depth/share/zed_tutorial_depth/environment/ament_prefix_path.sh
[22.326s] -- Up-to-date symlink: /home/barusu/ros2_ws/install/zed_tutorial_depth/share/zed_tutorial_depth/environment/ament_prefix_path.dsv
[22.327s] -- Up-to-date symlink: /home/barusu/ros2_ws/install/zed_tutorial_depth/share/zed_tutorial_depth/environment/path.sh
[22.327s] -- Up-to-date symlink: /home/barusu/ros2_ws/install/zed_tutorial_depth/share/zed_tutorial_depth/environment/path.dsv
[22.328s] -- Up-to-date symlink: /home/barusu/ros2_ws/install/zed_tutorial_depth/share/zed_tutorial_depth/local_setup.bash
[22.329s] -- Up-to-date symlink: /home/barusu/ros2_ws/install/zed_tutorial_depth/share/zed_tutorial_depth/local_setup.sh
[22.329s] -- Up-to-date symlink: /home/barusu/ros2_ws/install/zed_tutorial_depth/share/zed_tutorial_depth/local_setup.zsh
[22.330s] -- Up-to-date symlink: /home/barusu/ros2_ws/install/zed_tutorial_depth/share/zed_tutorial_depth/local_setup.dsv
[22.330s] -- Symlinking: /home/barusu/ros2_ws/install/zed_tutorial_depth/share/zed_tutorial_depth/package.dsv
[22.336s] -- Up-to-date symlink: /home/barusu/ros2_ws/install/zed_tutorial_depth/share/ament_index/resource_index/packages/zed_tutorial_depth
[22.337s] -- Up-to-date symlink: /home/barusu/ros2_ws/install/zed_tutorial_depth/share/zed_tutorial_depth/cmake/zed_tutorial_depthConfig.cmake
[22.338s] -- Up-to-date symlink: /home/barusu/ros2_ws/install/zed_tutorial_depth/share/zed_tutorial_depth/cmake/zed_tutorial_depthConfig-version.cmake
[22.338s] -- Up-to-date symlink: /home/barusu/ros2_ws/install/zed_tutorial_depth/share/zed_tutorial_depth/package.xml
[22.356s] Invoked command in '/home/barusu/ros2_ws/build/zed_tutorial_depth' returned '0': CMAKE_PREFIX_PATH=${CMAKE_PREFIX_PATH}:/opt/ros/humble /home/barusu/.local/bin/cmake --install /home/barusu/ros2_ws/build/zed_tutorial_depth
