[0.044s] Invoking command in '/home/barusu/ros2_ws/build/zed_display_rviz2': CMAKE_PREFIX_PATH=/home/barusu/ros2_ws/install/zed_wrapper:/home/barusu/ros2_ws/install/zed_components:/home/barusu/ros2_ws/install/zed_interfaces:/home/barusu/ros2_ws/install/zed_ros2:/home/barusu/ros2_ws/install/zed_multi_camera:/home/barusu/ros2_ws/install/zed_display_rviz2:/home/barusu/ros2_ws/install/zed_tutorial_video:/home/barusu/ros2_ws/install/zed_tutorial_pos_tracking:/home/barusu/ros2_ws/install/zed_tutorial_depth:/home/barusu/ros2_ws/install/zed_topic_benchmark:/home/barusu/ros2_ws/install/zed_topic_benchmark_component:/home/barusu/ros2_ws/install/zed_topic_benchmark_interfaces:/home/barusu/ros2_ws/install/zed_rgb_convert:/home/barusu/ros2_ws/install/rviz_plugin_zed_od:/opt/ros/humble LD_LIBRARY_PATH=/home/barusu/ros2_ws/install/zed_components/lib:/home/barusu/ros2_ws/install/zed_interfaces/lib:/home/barusu/ros2_ws/install/zed_topic_benchmark_component/lib:/home/barusu/ros2_ws/install/zed_topic_benchmark_interfaces/lib:/home/barusu/ros2_ws/install/zed_rgb_convert/lib:/home/barusu/ros2_ws/install/rviz_plugin_zed_od/lib:/opt/ros/humble/opt/rviz_ogre_vendor/lib:/opt/ros/humble/lib/x86_64-linux-gnu:/opt/ros/humble/lib /home/barusu/.local/bin/cmake --build /home/barusu/ros2_ws/build/zed_display_rviz2 -- -j8 -l8
[18.036s] -- Found ament_cmake_auto: 1.3.4 (/opt/ros/humble/share/ament_cmake_auto/cmake)
[18.036s] -- Override CMake install command with custom implementation using symlinks instead of copying resources
[18.036s] -- Found ament_lint_auto: 0.12.6 (/opt/ros/humble/share/ament_lint_auto/cmake)
[18.036s] -- Added test 'copyright' to check source files copyright and LICENSE
[18.036s] -- Added test 'flake8' to check Python code syntax and style conventions
[18.036s] -- Added test 'lint_cmake' to check CMake code style
[18.037s] -- Added test 'pep257' to check Python code against some of the docstring style conventions in PEP 257
[18.037s] -- Added test 'xmllint' to check XML markup files
[18.037s] -- Configuring done (0.5s)
[18.037s] -- Generating done (0.0s)
[18.037s] -- Build files have been written to: /home/barusu/ros2_ws/build/zed_display_rviz2
[18.042s] Invoked command in '/home/barusu/ros2_ws/build/zed_display_rviz2' returned '0': CMAKE_PREFIX_PATH=/home/barusu/ros2_ws/install/zed_wrapper:/home/barusu/ros2_ws/install/zed_components:/home/barusu/ros2_ws/install/zed_interfaces:/home/barusu/ros2_ws/install/zed_ros2:/home/barusu/ros2_ws/install/zed_multi_camera:/home/barusu/ros2_ws/install/zed_display_rviz2:/home/barusu/ros2_ws/install/zed_tutorial_video:/home/barusu/ros2_ws/install/zed_tutorial_pos_tracking:/home/barusu/ros2_ws/install/zed_tutorial_depth:/home/barusu/ros2_ws/install/zed_topic_benchmark:/home/barusu/ros2_ws/install/zed_topic_benchmark_component:/home/barusu/ros2_ws/install/zed_topic_benchmark_interfaces:/home/barusu/ros2_ws/install/zed_rgb_convert:/home/barusu/ros2_ws/install/rviz_plugin_zed_od:/opt/ros/humble LD_LIBRARY_PATH=/home/barusu/ros2_ws/install/zed_components/lib:/home/barusu/ros2_ws/install/zed_interfaces/lib:/home/barusu/ros2_ws/install/zed_topic_benchmark_component/lib:/home/barusu/ros2_ws/install/zed_topic_benchmark_interfaces/lib:/home/barusu/ros2_ws/install/zed_rgb_convert/lib:/home/barusu/ros2_ws/install/rviz_plugin_zed_od/lib:/opt/ros/humble/opt/rviz_ogre_vendor/lib:/opt/ros/humble/lib/x86_64-linux-gnu:/opt/ros/humble/lib /home/barusu/.local/bin/cmake --build /home/barusu/ros2_ws/build/zed_display_rviz2 -- -j8 -l8
[18.178s] Invoking command in '/home/barusu/ros2_ws/build/zed_display_rviz2': CMAKE_PREFIX_PATH=/home/barusu/ros2_ws/install/zed_wrapper:/home/barusu/ros2_ws/install/zed_components:/home/barusu/ros2_ws/install/zed_interfaces:/home/barusu/ros2_ws/install/zed_ros2:/home/barusu/ros2_ws/install/zed_multi_camera:/home/barusu/ros2_ws/install/zed_display_rviz2:/home/barusu/ros2_ws/install/zed_tutorial_video:/home/barusu/ros2_ws/install/zed_tutorial_pos_tracking:/home/barusu/ros2_ws/install/zed_tutorial_depth:/home/barusu/ros2_ws/install/zed_topic_benchmark:/home/barusu/ros2_ws/install/zed_topic_benchmark_component:/home/barusu/ros2_ws/install/zed_topic_benchmark_interfaces:/home/barusu/ros2_ws/install/zed_rgb_convert:/home/barusu/ros2_ws/install/rviz_plugin_zed_od:/opt/ros/humble LD_LIBRARY_PATH=/home/barusu/ros2_ws/install/zed_components/lib:/home/barusu/ros2_ws/install/zed_interfaces/lib:/home/barusu/ros2_ws/install/zed_topic_benchmark_component/lib:/home/barusu/ros2_ws/install/zed_topic_benchmark_interfaces/lib:/home/barusu/ros2_ws/install/zed_rgb_convert/lib:/home/barusu/ros2_ws/install/rviz_plugin_zed_od/lib:/opt/ros/humble/opt/rviz_ogre_vendor/lib:/opt/ros/humble/lib/x86_64-linux-gnu:/opt/ros/humble/lib /home/barusu/.local/bin/cmake --install /home/barusu/ros2_ws/build/zed_display_rviz2
[18.246s] -- Install configuration: "Release"
[18.247s] -- Execute custom install script
[18.248s] -- Up-to-date symlink: /home/barusu/ros2_ws/install/zed_display_rviz2/share/zed_display_rviz2/launch/display_zed.launch.py
[18.248s] -- Up-to-date symlink: /home/barusu/ros2_ws/install/zed_display_rviz2/share/zed_display_rviz2/launch/display_zed2.launch.py
[18.248s] -- Up-to-date symlink: /home/barusu/ros2_ws/install/zed_display_rviz2/share/zed_display_rviz2/launch/display_zed2i.launch.py
[18.248s] -- Up-to-date symlink: /home/barusu/ros2_ws/install/zed_display_rviz2/share/zed_display_rviz2/launch/display_zedm.launch.py
[18.249s] -- Up-to-date symlink: /home/barusu/ros2_ws/install/zed_display_rviz2/share/zed_display_rviz2/launch/display_zedx.launch.py
[18.249s] -- Up-to-date symlink: /home/barusu/ros2_ws/install/zed_display_rviz2/share/zed_display_rviz2/launch/display_zedxm.launch.py
[18.250s] -- Up-to-date symlink: /home/barusu/ros2_ws/install/zed_display_rviz2/share/zed_display_rviz2/rviz2/zed.rviz
[18.250s] -- Up-to-date symlink: /home/barusu/ros2_ws/install/zed_display_rviz2/share/zed_display_rviz2/rviz2/zed2.rviz
[18.250s] -- Up-to-date symlink: /home/barusu/ros2_ws/install/zed_display_rviz2/share/zed_display_rviz2/rviz2/zed2i.rviz
[18.251s] -- Up-to-date symlink: /home/barusu/ros2_ws/install/zed_display_rviz2/share/zed_display_rviz2/rviz2/zedm.rviz
[18.251s] -- Up-to-date symlink: /home/barusu/ros2_ws/install/zed_display_rviz2/share/zed_display_rviz2/rviz2/zedx.rviz
[18.251s] -- Up-to-date symlink: /home/barusu/ros2_ws/install/zed_display_rviz2/share/zed_display_rviz2/rviz2/zedxm.rviz
[18.252s] -- Up-to-date symlink: /home/barusu/ros2_ws/install/zed_display_rviz2/share/ament_index/resource_index/package_run_dependencies/zed_display_rviz2
[18.254s] -- Up-to-date symlink: /home/barusu/ros2_ws/install/zed_display_rviz2/share/ament_index/resource_index/parent_prefix_path/zed_display_rviz2
[18.255s] -- Up-to-date symlink: /home/barusu/ros2_ws/install/zed_display_rviz2/share/zed_display_rviz2/environment/ament_prefix_path.sh
[18.255s] -- Up-to-date symlink: /home/barusu/ros2_ws/install/zed_display_rviz2/share/zed_display_rviz2/environment/ament_prefix_path.dsv
[18.255s] -- Up-to-date symlink: /home/barusu/ros2_ws/install/zed_display_rviz2/share/zed_display_rviz2/environment/path.sh
[18.256s] -- Up-to-date symlink: /home/barusu/ros2_ws/install/zed_display_rviz2/share/zed_display_rviz2/environment/path.dsv
[18.256s] -- Up-to-date symlink: /home/barusu/ros2_ws/install/zed_display_rviz2/share/zed_display_rviz2/local_setup.bash
[18.256s] -- Up-to-date symlink: /home/barusu/ros2_ws/install/zed_display_rviz2/share/zed_display_rviz2/local_setup.sh
[18.257s] -- Up-to-date symlink: /home/barusu/ros2_ws/install/zed_display_rviz2/share/zed_display_rviz2/local_setup.zsh
[18.257s] -- Up-to-date symlink: /home/barusu/ros2_ws/install/zed_display_rviz2/share/zed_display_rviz2/local_setup.dsv
[18.258s] -- Symlinking: /home/barusu/ros2_ws/install/zed_display_rviz2/share/zed_display_rviz2/package.dsv
[18.272s] -- Up-to-date symlink: /home/barusu/ros2_ws/install/zed_display_rviz2/share/ament_index/resource_index/packages/zed_display_rviz2
[18.273s] -- Up-to-date symlink: /home/barusu/ros2_ws/install/zed_display_rviz2/share/zed_display_rviz2/cmake/zed_display_rviz2Config.cmake
[18.273s] -- Up-to-date symlink: /home/barusu/ros2_ws/install/zed_display_rviz2/share/zed_display_rviz2/cmake/zed_display_rviz2Config-version.cmake
[18.274s] -- Up-to-date symlink: /home/barusu/ros2_ws/install/zed_display_rviz2/share/zed_display_rviz2/package.xml
[18.288s] Invoked command in '/home/barusu/ros2_ws/build/zed_display_rviz2' returned '0': CMAKE_PREFIX_PATH=/home/barusu/ros2_ws/install/zed_wrapper:/home/barusu/ros2_ws/install/zed_components:/home/barusu/ros2_ws/install/zed_interfaces:/home/barusu/ros2_ws/install/zed_ros2:/home/barusu/ros2_ws/install/zed_multi_camera:/home/barusu/ros2_ws/install/zed_display_rviz2:/home/barusu/ros2_ws/install/zed_tutorial_video:/home/barusu/ros2_ws/install/zed_tutorial_pos_tracking:/home/barusu/ros2_ws/install/zed_tutorial_depth:/home/barusu/ros2_ws/install/zed_topic_benchmark:/home/barusu/ros2_ws/install/zed_topic_benchmark_component:/home/barusu/ros2_ws/install/zed_topic_benchmark_interfaces:/home/barusu/ros2_ws/install/zed_rgb_convert:/home/barusu/ros2_ws/install/rviz_plugin_zed_od:/opt/ros/humble LD_LIBRARY_PATH=/home/barusu/ros2_ws/install/zed_components/lib:/home/barusu/ros2_ws/install/zed_interfaces/lib:/home/barusu/ros2_ws/install/zed_topic_benchmark_component/lib:/home/barusu/ros2_ws/install/zed_topic_benchmark_interfaces/lib:/home/barusu/ros2_ws/install/zed_rgb_convert/lib:/home/barusu/ros2_ws/install/rviz_plugin_zed_od/lib:/opt/ros/humble/opt/rviz_ogre_vendor/lib:/opt/ros/humble/lib/x86_64-linux-gnu:/opt/ros/humble/lib /home/barusu/.local/bin/cmake --install /home/barusu/ros2_ws/build/zed_display_rviz2
