[0.028s] Invoking command in '/home/barusu/ros2_ws/build/rviz_plugin_zed_od': CMAKE_PREFIX_PATH=/home/barusu/ros2_ws/install/zed_interfaces:/home/barusu/ros2_ws/install/zed_ros2:/home/barusu/ros2_ws/install/zed_multi_camera:/home/barusu/ros2_ws/install/zed_display_rviz2:/home/barusu/ros2_ws/install/zed_wrapper:/home/barusu/ros2_ws/install/zed_tutorial_video:/home/barusu/ros2_ws/install/zed_tutorial_pos_tracking:/home/barusu/ros2_ws/install/zed_tutorial_depth:/home/barusu/ros2_ws/install/zed_topic_benchmark:/home/barusu/ros2_ws/install/zed_topic_benchmark_component:/home/barusu/ros2_ws/install/zed_topic_benchmark_interfaces:/home/barusu/ros2_ws/install/zed_rgb_convert:/home/barusu/ros2_ws/install/zed_components:/home/barusu/ros2_ws/install/rviz_plugin_zed_od:/opt/ros/humble LD_LIBRARY_PATH=/home/barusu/ros2_ws/install/zed_interfaces/lib:/home/barusu/ros2_ws/install/zed_topic_benchmark_component/lib:/home/barusu/ros2_ws/install/zed_topic_benchmark_interfaces/lib:/home/barusu/ros2_ws/install/zed_rgb_convert/lib:/home/barusu/ros2_ws/install/zed_components/lib:/home/barusu/ros2_ws/install/rviz_plugin_zed_od/lib:/opt/ros/humble/opt/rviz_ogre_vendor/lib:/opt/ros/humble/lib/x86_64-linux-gnu:/opt/ros/humble/lib /home/barusu/.local/bin/cmake --build /home/barusu/ros2_ws/build/rviz_plugin_zed_od -- -j8 -l8
[0.130s] -- Enabling tests requiring a display
[0.130s] -- Found ament_cmake_auto: 1.3.4 (/opt/ros/humble/share/ament_cmake_auto/cmake)
[0.354s] -- Override CMake install command with custom implementation using symlinks instead of copying resources
[0.525s] -- Setting OGRE_DIR to: '/opt/ros/humble/share/rviz_ogre_vendor/cmake/../../../opt/rviz_ogre_vendor/lib/OGRE/cmake'
[0.530s] -- Found OGRE
[0.530s] --   static     : OFF
[0.530s] --   components : HLMS;MeshLodGenerator;Overlay;Paging;Property;RTShaderSystem;Terrain;Volume
[0.530s] --   plugins    : Plugin_BSPSceneManager;Plugin_OctreeSceneManager;Plugin_PCZSceneManager;Plugin_ParticleFX;RenderSystem_GL;RenderSystem_GL3Plus;Codec_STBI
[0.531s] --   media      : /opt/ros/humble/opt/rviz_ogre_vendor/share/OGRE/Media
[0.531s] -- OGRE_LIBRARIES: OgreHLMS;OgreMeshLodGenerator;OgreOverlay;OgrePaging;OgreProperty;OgreRTShaderSystem;OgreTerrain;OgreVolume;OgreMain
[0.531s] -- OGRE_LIBRARY_DIRS: /opt/ros/humble/opt/rviz_ogre_vendor/lib
[0.531s] -- OGRE_PLUGINS: Plugin_BSPSceneManager;Plugin_OctreeSceneManager;Plugin_PCZSceneManager;Plugin_ParticleFX;RenderSystem_GL;RenderSystem_GL3Plus;Codec_STBI
[0.531s] -- OGRE_PLUGIN_DIR: /opt/ros/humble/opt/rviz_ogre_vendor/lib/OGRE
[0.531s] -- rviz_ogre_vendor::OgreOverlay for IMPORTED_LOCATION_RELEASE: /opt/ros/humble/opt/rviz_ogre_vendor/lib/libOgreOverlay.so
[0.531s] -- rviz_ogre_vendor::OgreOverlay for IMPORTED_LOCATION_DEBUG: /opt/ros/humble/opt/rviz_ogre_vendor/lib/libOgreOverlay.so
[0.532s] -- rviz_ogre_vendor::OgreMain for IMPORTED_LOCATION_RELEASE: /opt/ros/humble/opt/rviz_ogre_vendor/lib/libOgreMain.so
[0.532s] -- rviz_ogre_vendor::OgreMain for IMPORTED_LOCATION_DEBUG: /opt/ros/humble/opt/rviz_ogre_vendor/lib/libOgreMain.so
[0.557s] -- Could not find freeimage library
[0.709s] -- rviz_ogre_vendor::RenderSystem_GL for IMPORTED_LOCATION_RELEASE: _render_system_gl_static_library_abs-NOTFOUND
[0.710s] -- rviz_ogre_vendor::RenderSystem_GL for IMPORTED_LOCATION_DEBUG: _render_system_gl_static_library_abs-NOTFOUND
[0.769s] -- Found rosidl_generator_c: 3.1.4 (/opt/ros/humble/share/rosidl_generator_c/cmake)
[0.779s] -- Found rosidl_adapter: 3.1.4 (/opt/ros/humble/share/rosidl_adapter/cmake)
[0.795s] -- Found rosidl_generator_cpp: 3.1.4 (/opt/ros/humble/share/rosidl_generator_cpp/cmake)
[0.824s] -- Using all available rosidl_typesupport_c: rosidl_typesupport_fastrtps_c;rosidl_typesupport_introspection_c
[0.879s] -- Using all available rosidl_typesupport_cpp: rosidl_typesupport_fastrtps_cpp;rosidl_typesupport_introspection_cpp
[1.698s] -- Found rviz_common: 11.2.5 (/opt/ros/humble/share/rviz_common/cmake)
[1.809s] -- library: /usr/lib/x86_64-linux-gnu/libcurl.so
[2.022s] -- Found rmw_implementation_cmake: 6.1.1 (/opt/ros/humble/share/rmw_implementation_cmake/cmake)
[2.027s] -- Found rmw_fastrtps_cpp: 6.2.2 (/opt/ros/humble/share/rmw_fastrtps_cpp/cmake)
[2.335s] -- Using RMW implementation 'rmw_fastrtps_cpp' as default
[3.100s] -- Ensuring Eigen3 include directory is part of orocos-kdl CMake target
[4.176s] -- Found ament_lint_auto: 0.12.6 (/opt/ros/humble/share/ament_lint_auto/cmake)
[4.214s] -- Added test 'copyright' to check source files copyright and LICENSE
[4.218s] -- Added test 'cppcheck' to perform static code analysis on C / C++ code
[4.219s] -- Configured cppcheck include dirs: /home/barusu/ros2_ws/src/zed-ros2-examples/rviz-plugin-zed-od/src/include;/home/barusu/ros2_ws/src/zed-ros2-examples/rviz-plugin-zed-od/src/plugin/include;$<BUILD_INTERFACE:/home/barusu/ros2_ws/src/zed-ros2-examples/rviz-plugin-zed-od/include>
[4.220s] -- Configured cppcheck exclude dirs and/or files: 
[4.222s] -- Added test 'cpplint' to check C / C++ code against the Google style
[4.222s] -- Configured cpplint exclude dirs and/or files: 
[4.224s] -- Added test 'lint_cmake' to check CMake code style
[4.227s] -- Added test 'uncrustify' to check C / C++ code style
[4.228s] -- Configured uncrustify additional arguments: 
[4.228s] -- Added test 'xmllint' to check XML markup files
[4.231s] -- Added test 'clang_format' to check C / C++ code style
[4.239s] -- Configuring done (4.1s)
[4.348s] -- Generating done (0.0s)
[4.355s] -- Build files have been written to: /home/barusu/ros2_ws/build/rviz_plugin_zed_od
[4.400s] [ 20%] [34m[1mAutomatic MOC and UIC for target rviz_plugin_zed_od[0m
[5.174s] [ 20%] Built target rviz_plugin_zed_od_autogen
[5.219s] [ 40%] [32mBuilding CXX object CMakeFiles/rviz_plugin_zed_od.dir/rviz_plugin_zed_od_autogen/mocs_compilation.cpp.o[0m
[5.222s] [ 60%] [32mBuilding CXX object CMakeFiles/rviz_plugin_zed_od.dir/src/plugin/src/zed_od_display.cpp.o[0m
[5.224s] [ 80%] [32mBuilding CXX object CMakeFiles/rviz_plugin_zed_od.dir/src/plugin/src/zed_od_info.cpp.o[0m
[33.274s] [100%] [32m[1mLinking CXX shared library librviz_plugin_zed_od.so[0m
[34.124s] [100%] Built target rviz_plugin_zed_od
[34.134s] Invoked command in '/home/barusu/ros2_ws/build/rviz_plugin_zed_od' returned '0': CMAKE_PREFIX_PATH=/home/barusu/ros2_ws/install/zed_interfaces:/home/barusu/ros2_ws/install/zed_ros2:/home/barusu/ros2_ws/install/zed_multi_camera:/home/barusu/ros2_ws/install/zed_display_rviz2:/home/barusu/ros2_ws/install/zed_wrapper:/home/barusu/ros2_ws/install/zed_tutorial_video:/home/barusu/ros2_ws/install/zed_tutorial_pos_tracking:/home/barusu/ros2_ws/install/zed_tutorial_depth:/home/barusu/ros2_ws/install/zed_topic_benchmark:/home/barusu/ros2_ws/install/zed_topic_benchmark_component:/home/barusu/ros2_ws/install/zed_topic_benchmark_interfaces:/home/barusu/ros2_ws/install/zed_rgb_convert:/home/barusu/ros2_ws/install/zed_components:/home/barusu/ros2_ws/install/rviz_plugin_zed_od:/opt/ros/humble LD_LIBRARY_PATH=/home/barusu/ros2_ws/install/zed_interfaces/lib:/home/barusu/ros2_ws/install/zed_topic_benchmark_component/lib:/home/barusu/ros2_ws/install/zed_topic_benchmark_interfaces/lib:/home/barusu/ros2_ws/install/zed_rgb_convert/lib:/home/barusu/ros2_ws/install/zed_components/lib:/home/barusu/ros2_ws/install/rviz_plugin_zed_od/lib:/opt/ros/humble/opt/rviz_ogre_vendor/lib:/opt/ros/humble/lib/x86_64-linux-gnu:/opt/ros/humble/lib /home/barusu/.local/bin/cmake --build /home/barusu/ros2_ws/build/rviz_plugin_zed_od -- -j8 -l8
[34.190s] Invoking command in '/home/barusu/ros2_ws/build/rviz_plugin_zed_od': CMAKE_PREFIX_PATH=/home/barusu/ros2_ws/install/zed_interfaces:/home/barusu/ros2_ws/install/zed_ros2:/home/barusu/ros2_ws/install/zed_multi_camera:/home/barusu/ros2_ws/install/zed_display_rviz2:/home/barusu/ros2_ws/install/zed_wrapper:/home/barusu/ros2_ws/install/zed_tutorial_video:/home/barusu/ros2_ws/install/zed_tutorial_pos_tracking:/home/barusu/ros2_ws/install/zed_tutorial_depth:/home/barusu/ros2_ws/install/zed_topic_benchmark:/home/barusu/ros2_ws/install/zed_topic_benchmark_component:/home/barusu/ros2_ws/install/zed_topic_benchmark_interfaces:/home/barusu/ros2_ws/install/zed_rgb_convert:/home/barusu/ros2_ws/install/zed_components:/home/barusu/ros2_ws/install/rviz_plugin_zed_od:/opt/ros/humble LD_LIBRARY_PATH=/home/barusu/ros2_ws/install/zed_interfaces/lib:/home/barusu/ros2_ws/install/zed_topic_benchmark_component/lib:/home/barusu/ros2_ws/install/zed_topic_benchmark_interfaces/lib:/home/barusu/ros2_ws/install/zed_rgb_convert/lib:/home/barusu/ros2_ws/install/zed_components/lib:/home/barusu/ros2_ws/install/rviz_plugin_zed_od/lib:/opt/ros/humble/opt/rviz_ogre_vendor/lib:/opt/ros/humble/lib/x86_64-linux-gnu:/opt/ros/humble/lib /home/barusu/.local/bin/cmake --install /home/barusu/ros2_ws/build/rviz_plugin_zed_od
[34.217s] -- Install configuration: "Release"
[34.217s] -- Execute custom install script
[34.218s] -- Up-to-date symlink: /home/barusu/ros2_ws/install/rviz_plugin_zed_od/share/rviz_plugin_zed_od//plugins_description.xml
[34.223s] -- Up-to-date symlink: /home/barusu/ros2_ws/install/rviz_plugin_zed_od/share/rviz_plugin_zed_od/environment/library_path.sh
[34.223s] -- Up-to-date symlink: /home/barusu/ros2_ws/install/rviz_plugin_zed_od/share/rviz_plugin_zed_od/environment/library_path.dsv
[34.224s] -- Up-to-date symlink: /home/barusu/ros2_ws/install/rviz_plugin_zed_od/include/rviz_plugin_zed_od//visibility_control.hpp
[34.225s] -- Up-to-date symlink: /home/barusu/ros2_ws/install/rviz_plugin_zed_od/include/rviz_plugin_zed_od//zed_body_parts.hpp
[34.225s] -- Up-to-date symlink: /home/barusu/ros2_ws/install/rviz_plugin_zed_od/include/rviz_plugin_zed_od//zed_od_display.hpp
[34.225s] -- Up-to-date symlink: /home/barusu/ros2_ws/install/rviz_plugin_zed_od/include/rviz_plugin_zed_od//zed_od_info.hpp
[34.226s] -- Up-to-date symlink: /home/barusu/ros2_ws/install/rviz_plugin_zed_od/share/rviz_plugin_zed_od/icons/ZedObjDet.png
[34.226s] -- Up-to-date symlink: /home/barusu/ros2_ws/install/rviz_plugin_zed_od/share/ament_index/resource_index/package_run_dependencies/rviz_plugin_zed_od
[34.227s] -- Up-to-date symlink: /home/barusu/ros2_ws/install/rviz_plugin_zed_od/share/ament_index/resource_index/parent_prefix_path/rviz_plugin_zed_od
[34.227s] -- Up-to-date symlink: /home/barusu/ros2_ws/install/rviz_plugin_zed_od/share/rviz_plugin_zed_od/environment/ament_prefix_path.sh
[34.227s] -- Up-to-date symlink: /home/barusu/ros2_ws/install/rviz_plugin_zed_od/share/rviz_plugin_zed_od/environment/ament_prefix_path.dsv
[34.227s] -- Up-to-date symlink: /home/barusu/ros2_ws/install/rviz_plugin_zed_od/share/rviz_plugin_zed_od/environment/path.sh
[34.228s] -- Up-to-date symlink: /home/barusu/ros2_ws/install/rviz_plugin_zed_od/share/rviz_plugin_zed_od/environment/path.dsv
[34.228s] -- Up-to-date symlink: /home/barusu/ros2_ws/install/rviz_plugin_zed_od/share/rviz_plugin_zed_od/local_setup.bash
[34.228s] -- Up-to-date symlink: /home/barusu/ros2_ws/install/rviz_plugin_zed_od/share/rviz_plugin_zed_od/local_setup.sh
[34.229s] -- Up-to-date symlink: /home/barusu/ros2_ws/install/rviz_plugin_zed_od/share/rviz_plugin_zed_od/local_setup.zsh
[34.229s] -- Up-to-date symlink: /home/barusu/ros2_ws/install/rviz_plugin_zed_od/share/rviz_plugin_zed_od/local_setup.dsv
[34.229s] -- Symlinking: /home/barusu/ros2_ws/install/rviz_plugin_zed_od/share/rviz_plugin_zed_od/package.dsv
[34.232s] -- Up-to-date symlink: /home/barusu/ros2_ws/install/rviz_plugin_zed_od/share/ament_index/resource_index/packages/rviz_plugin_zed_od
[34.233s] -- Up-to-date symlink: /home/barusu/ros2_ws/install/rviz_plugin_zed_od/share/ament_index/resource_index/rviz_common__pluginlib__plugin/rviz_plugin_zed_od
[34.233s] -- Up-to-date symlink: /home/barusu/ros2_ws/install/rviz_plugin_zed_od/share/rviz_plugin_zed_od/cmake/ament_cmake_export_include_directories-extras.cmake
[34.233s] -- Up-to-date symlink: /home/barusu/ros2_ws/install/rviz_plugin_zed_od/share/rviz_plugin_zed_od/cmake/ament_cmake_export_targets-extras.cmake
[34.234s] -- Up-to-date symlink: /home/barusu/ros2_ws/install/rviz_plugin_zed_od/share/rviz_plugin_zed_od/cmake/ament_cmake_export_dependencies-extras.cmake
[34.234s] -- Up-to-date symlink: /home/barusu/ros2_ws/install/rviz_plugin_zed_od/share/rviz_plugin_zed_od/cmake/rviz_plugin_zed_odConfig.cmake
[34.234s] -- Up-to-date symlink: /home/barusu/ros2_ws/install/rviz_plugin_zed_od/share/rviz_plugin_zed_od/cmake/rviz_plugin_zed_odConfig-version.cmake
[34.234s] -- Up-to-date symlink: /home/barusu/ros2_ws/install/rviz_plugin_zed_od/share/rviz_plugin_zed_od/package.xml
[34.235s] -- Installing: /home/barusu/ros2_ws/install/rviz_plugin_zed_od/lib/librviz_plugin_zed_od.so
[34.237s] -- Set runtime path of "/home/barusu/ros2_ws/install/rviz_plugin_zed_od/lib/librviz_plugin_zed_od.so" to ""
[34.237s] -- Up-to-date: /home/barusu/ros2_ws/install/rviz_plugin_zed_od/share/rviz_plugin_zed_od/cmake/rviz_plugin_zed_odExport.cmake
[34.237s] -- Up-to-date: /home/barusu/ros2_ws/install/rviz_plugin_zed_od/share/rviz_plugin_zed_od/cmake/rviz_plugin_zed_odExport-release.cmake
[34.245s] Invoked command in '/home/barusu/ros2_ws/build/rviz_plugin_zed_od' returned '0': CMAKE_PREFIX_PATH=/home/barusu/ros2_ws/install/zed_interfaces:/home/barusu/ros2_ws/install/zed_ros2:/home/barusu/ros2_ws/install/zed_multi_camera:/home/barusu/ros2_ws/install/zed_display_rviz2:/home/barusu/ros2_ws/install/zed_wrapper:/home/barusu/ros2_ws/install/zed_tutorial_video:/home/barusu/ros2_ws/install/zed_tutorial_pos_tracking:/home/barusu/ros2_ws/install/zed_tutorial_depth:/home/barusu/ros2_ws/install/zed_topic_benchmark:/home/barusu/ros2_ws/install/zed_topic_benchmark_component:/home/barusu/ros2_ws/install/zed_topic_benchmark_interfaces:/home/barusu/ros2_ws/install/zed_rgb_convert:/home/barusu/ros2_ws/install/zed_components:/home/barusu/ros2_ws/install/rviz_plugin_zed_od:/opt/ros/humble LD_LIBRARY_PATH=/home/barusu/ros2_ws/install/zed_interfaces/lib:/home/barusu/ros2_ws/install/zed_topic_benchmark_component/lib:/home/barusu/ros2_ws/install/zed_topic_benchmark_interfaces/lib:/home/barusu/ros2_ws/install/zed_rgb_convert/lib:/home/barusu/ros2_ws/install/zed_components/lib:/home/barusu/ros2_ws/install/rviz_plugin_zed_od/lib:/opt/ros/humble/opt/rviz_ogre_vendor/lib:/opt/ros/humble/lib/x86_64-linux-gnu:/opt/ros/humble/lib /home/barusu/.local/bin/cmake --install /home/barusu/ros2_ws/build/rviz_plugin_zed_od
